<?xml version="1.0" encoding="UTF-8"?>
<testsuite xmlns:xsi="http://www.w3.org/2001/XMLSchema-instance" xsi:noNamespaceSchemaLocation="https://maven.apache.org/surefire/maven-surefire-plugin/xsd/surefire-test-report-3.0.xsd" version="3.0" name="com.fintrack.api.runners.SmokeRunner" time="3.398" tests="2" errors="0" skipped="0" failures="0">
  <properties>
[...]
</properties>
  <testcase name="[1:8] Edge Function banking-api responde" classname="features/health/health_check" time="1.802">
    <system-out><![CDATA[13:05:00.568 [main] INFO com.intuit.karate.Runner -- using system property 'karate.options': classpath:features/health/health_check.feature
13:05:00.575 [main] INFO com.intuit.karate.Runner -- using system property 'karate.env': qa
13:05:00.580 [main] DEBUG com.intuit.karate.Suite -- [config] classpath:karate-config.js
13:05:00.605 [main] INFO com.intuit.karate -- Usando configuración por defecto. 
13:05:00.607 [main] INFO com.intuit.karate -- Ambiente activo: qa 
13:05:00.608 [main] INFO com.intuit.karate -- Base URL final: https://wlsxfjlaxxwgnbhmtgmw.supabase.co 
13:05:00.615 [main] DEBUG com.jayway.jsonpath.internal.path.CompiledPath -- Evaluating path: $
13:05:00.618 [main] DEBUG org.apache.http.client.protocol.RequestAddCookies -- CookieSpec selected: karate
13:05:00.619 [main] DEBUG org.apache.http.client.protocol.RequestAuthCache -- Auth cache not set in the context
13:05:00.619 [main] DEBUG com.intuit.karate -- request:
1 > POST https://wlsxfjlaxxwgnbhmtgmw.supabase.co/auth/v1/signup
1 > apikey: eyJhbGciOiJIUzI1NiIsInR5cCI6IkpXVCJ9.eyJpc3MiOiJzdXBhYmFzZSIsInJlZiI6Indsc3hmamxheHh3Z25iaG10Z213Iiwicm9sZSI6ImFub24iLCJpYXQiOjE3ODI2OTk3NTEsImV4cCI6MjA5ODI3NTc1MX0.O6fe3bylzRtNmPYL1zXYo1mIhMBrG9vxvQgYP_Hw9DI
1 > Content-Type: application/json; charset=UTF-8
1 > Content-Length: 69
1 > Host: wlsxfjlaxxwgnbhmtgmw.supabase.co
1 > Connection: Keep-Alive
1 > User-Agent: Apache-HttpClient/4.5.14 (Java/17.0.19)
1 > Accept-Encoding: gzip,deflate
{"email":"health_bf8c8394@fintrack.dev","password":"TestPassword123"}

13:05:00.619 [main] DEBUG org.apache.http.impl.conn.PoolingHttpClientConnectionManager -- Connection request: [route: {s}->https://wlsxfjlaxxwgnbhmtgmw.supabase.co:443][total available: 0; route allocated: 0 of 5; total allocated: 0 of 10]
13:05:00.620 [main] DEBUG org.apache.http.impl.conn.PoolingHttpClientConnectionManager -- Connection leased: [id: 4][route: {s}->https://wlsxfjlaxxwgnbhmtgmw.supabase.co:443][total available: 0; route allocated: 1 of 5; total allocated: 1 of 10]
13:05:00.620 [main] DEBUG org.apache.http.impl.execchain.MainClientExec -- Opening connection {s}->https://wlsxfjlaxxwgnbhmtgmw.supabase.co:443
13:05:00.621 [main] DEBUG org.apache.http.impl.conn.DefaultHttpClientConnectionOperator -- Connecting to wlsxfjlaxxwgnbhmtgmw.supabase.co/172.64.149.246:443
13:05:00.621 [main] DEBUG org.apache.http.conn.ssl.SSLConnectionSocketFactory -- Connecting socket to wlsxfjlaxxwgnbhmtgmw.supabase.co/172.64.149.246:443 with timeout 30000
13:05:00.742 [main] DEBUG org.apache.http.conn.ssl.SSLConnectionSocketFactory -- Enabled protocols: [TLSv1.3, TLSv1.2]
13:05:00.742 [main] DEBUG org.apache.http.conn.ssl.SSLConnectionSocketFactory -- Enabled cipher suites:[TLS_AES_256_GCM_SHA384, TLS_AES_128_GCM_SHA256, TLS_CHACHA20_POLY1305_SHA256, TLS_ECDHE_ECDSA_WITH_AES_256_GCM_SHA384, TLS_ECDHE_ECDSA_WITH_AES_128_GCM_SHA256, TLS_ECDHE_ECDSA_WITH_CHACHA20_POLY1305_SHA256, TLS_ECDHE_RSA_WITH_AES_256_GCM_SHA384, TLS_ECDHE_RSA_WITH_CHACHA20_POLY1305_SHA256, TLS_ECDHE_RSA_WITH_AES_128_GCM_SHA256, TLS_DHE_RSA_WITH_AES_256_GCM_SHA384, TLS_DHE_RSA_WITH_CHACHA20_POLY1305_SHA256, TLS_DHE_DSS_WITH_AES_256_GCM_SHA384, TLS_DHE_RSA_WITH_AES_128_GCM_SHA256, TLS_DHE_DSS_WITH_AES_128_GCM_SHA256, TLS_ECDHE_ECDSA_WITH_AES_256_CBC_SHA384, TLS_ECDHE_RSA_WITH_AES_256_CBC_SHA384, TLS_ECDHE_ECDSA_WITH_AES_128_CBC_SHA256, TLS_ECDHE_RSA_WITH_AES_128_CBC_SHA256, TLS_DHE_RSA_WITH_AES_256_CBC_SHA256, TLS_DHE_DSS_WITH_AES_256_CBC_SHA256, TLS_DHE_RSA_WITH_AES_128_CBC_SHA256, TLS_DHE_DSS_WITH_AES_128_CBC_SHA256, TLS_ECDHE_ECDSA_WITH_AES_256_CBC_SHA, TLS_ECDHE_RSA_WITH_AES_256_CBC_SHA, TLS_ECDHE_ECDSA_WITH_AES_128_CBC_SHA, TLS_ECDHE_RSA_WITH_AES_128_CBC_SHA, TLS_DHE_RSA_WITH_AES_256_CBC_SHA, TLS_DHE_DSS_WITH_AES_256_CBC_SHA, TLS_DHE_RSA_WITH_AES_128_CBC_SHA, TLS_DHE_DSS_WITH_AES_128_CBC_SHA, TLS_EMPTY_RENEGOTIATION_INFO_SCSV]
13:05:00.742 [main] DEBUG org.apache.http.conn.ssl.SSLConnectionSocketFactory -- Starting handshake
13:05:00.864 [main] DEBUG org.apache.http.conn.ssl.SSLConnectionSocketFactory -- Secure session established
13:05:00.865 [main] DEBUG org.apache.http.conn.ssl.SSLConnectionSocketFactory --  negotiated protocol: TLSv1.3
13:05:00.865 [main] DEBUG org.apache.http.conn.ssl.SSLConnectionSocketFactory --  negotiated cipher suite: TLS_AES_256_GCM_SHA384
13:05:00.865 [main] DEBUG org.apache.http.conn.ssl.SSLConnectionSocketFactory --  peer principal: CN=supabase.co
13:05:00.865 [main] DEBUG org.apache.http.conn.ssl.SSLConnectionSocketFactory --  peer alternative names: [supabase.co, *.supabase.co]
13:05:00.865 [main] DEBUG org.apache.http.conn.ssl.SSLConnectionSocketFactory --  issuer principal: CN=WE1, O=Google Trust Services, C=US
13:05:00.865 [main] DEBUG org.apache.http.impl.conn.DefaultHttpClientConnectionOperator -- Connection established 192.168.0.111:56170<->172.64.149.246:443
13:05:00.865 [main] DEBUG org.apache.http.impl.conn.DefaultManagedHttpClientConnection -- http-outgoing-4: set socket timeout to 30000
13:05:00.865 [main] DEBUG org.apache.http.impl.execchain.MainClientExec -- Executing request POST /auth/v1/signup HTTP/1.1
13:05:00.865 [main] DEBUG org.apache.http.impl.execchain.MainClientExec -- Target auth state: UNCHALLENGED
13:05:00.865 [main] DEBUG org.apache.http.impl.execchain.MainClientExec -- Proxy auth state: UNCHALLENGED
13:05:00.865 [main] DEBUG org.apache.http.headers -- http-outgoing-4 >> POST /auth/v1/signup HTTP/1.1
13:05:00.866 [main] DEBUG org.apache.http.headers -- http-outgoing-4 >> apikey: eyJhbGciOiJIUzI1NiIsInR5cCI6IkpXVCJ9.eyJpc3MiOiJzdXBhYmFzZSIsInJlZiI6Indsc3hmamxheHh3Z25iaG10Z213Iiwicm9sZSI6ImFub24iLCJpYXQiOjE3ODI2OTk3NTEsImV4cCI6MjA5ODI3NTc1MX0.O6fe3bylzRtNmPYL1zXYo1mIhMBrG9vxvQgYP_Hw9DI
13:05:00.866 [main] DEBUG org.apache.http.headers -- http-outgoing-4 >> Content-Type: application/json; charset=UTF-8
13:05:00.866 [main] DEBUG org.apache.http.headers -- http-outgoing-4 >> Content-Length: 69
13:05:00.866 [main] DEBUG org.apache.http.headers -- http-outgoing-4 >> Host: wlsxfjlaxxwgnbhmtgmw.supabase.co
13:05:00.866 [main] DEBUG org.apache.http.headers -- http-outgoing-4 >> Connection: Keep-Alive
13:05:00.866 [main] DEBUG org.apache.http.headers -- http-outgoing-4 >> User-Agent: Apache-HttpClient/4.5.14 (Java/17.0.19)
13:05:00.866 [main] DEBUG org.apache.http.headers -- http-outgoing-4 >> Accept-Encoding: gzip,deflate
13:05:00.866 [main] DEBUG org.apache.http.wire -- http-outgoing-4 >> "POST /auth/v1/signup HTTP/1.1[\r][\n]"
13:05:00.866 [main] DEBUG org.apache.http.wire -- http-outgoing-4 >> "apikey: eyJhbGciOiJIUzI1NiIsInR5cCI6IkpXVCJ9.eyJpc3MiOiJzdXBhYmFzZSIsInJlZiI6Indsc3hmamxheHh3Z25iaG10Z213Iiwicm9sZSI6ImFub24iLCJpYXQiOjE3ODI2OTk3NTEsImV4cCI6MjA5ODI3NTc1MX0.O6fe3bylzRtNmPYL1zXYo1mIhMBrG9vxvQgYP_Hw9DI[\r][\n]"
13:05:00.866 [main] DEBUG org.apache.http.wire -- http-outgoing-4 >> "Content-Type: application/json; charset=UTF-8[\r][\n]"
13:05:00.866 [main] DEBUG org.apache.http.wire -- http-outgoing-4 >> "Content-Length: 69[\r][\n]"
13:05:00.866 [main] DEBUG org.apache.http.wire -- http-outgoing-4 >> "Host: wlsxfjlaxxwgnbhmtgmw.supabase.co[\r][\n]"
13:05:00.866 [main] DEBUG org.apache.http.wire -- http-outgoing-4 >> "Connection: Keep-Alive[\r][\n]"
13:05:00.866 [main] DEBUG org.apache.http.wire -- http-outgoing-4 >> "User-Agent: Apache-HttpClient/4.5.14 (Java/17.0.19)[\r][\n]"
13:05:00.866 [main] DEBUG org.apache.http.wire -- http-outgoing-4 >> "Accept-Encoding: gzip,deflate[\r][\n]"
13:05:00.866 [main] DEBUG org.apache.http.wire -- http-outgoing-4 >> "[\r][\n]"
13:05:00.866 [main] DEBUG org.apache.http.wire -- http-outgoing-4 >> "{"email":"health_bf8c8394@fintrack.dev","password":"TestPassword123"}"
13:05:01.417 [main] DEBUG org.apache.http.wire -- http-outgoing-4 << "HTTP/1.1 200 OK[\r][\n]"
13:05:01.418 [main] DEBUG org.apache.http.wire -- http-outgoing-4 << "Date: Wed, 05 Aug 2026 18:05:01 GMT[\r][\n]"
13:05:01.418 [main] DEBUG org.apache.http.wire -- http-outgoing-4 << "Content-Type: application/json[\r][\n]"
13:05:01.418 [main] DEBUG org.apache.http.wire -- http-outgoing-4 << "Transfer-Encoding: chunked[\r][\n]"
13:05:01.418 [main] DEBUG org.apache.http.wire -- http-outgoing-4 << "Connection: keep-alive[\r][\n]"
13:05:01.418 [main] DEBUG org.apache.http.wire -- http-outgoing-4 << "CF-Ray: a267ba42685b4736-BOG[\r][\n]"
13:05:01.418 [main] DEBUG org.apache.http.wire -- http-outgoing-4 << "CF-Cache-Status: DYNAMIC[\r][\n]"
13:05:01.418 [main] DEBUG org.apache.http.wire -- http-outgoing-4 << "Content-Encoding: gzip[\r][\n]"
13:05:01.418 [main] DEBUG org.apache.http.wire -- http-outgoing-4 << "Server: cloudflare[\r][\n]"
13:05:01.418 [main] DEBUG org.apache.http.wire -- http-outgoing-4 << "Strict-Transport-Security: max-age=31536000; includeSubDomains; preload[\r][\n]"
13:05:01.418 [main] DEBUG org.apache.http.wire -- http-outgoing-4 << "Vary: Origin, Accept-Encoding[\r][\n]"
13:05:01.418 [main] DEBUG org.apache.http.wire -- http-outgoing-4 << "X-Content-Type-Options: nosniff[\r][\n]"
13:05:01.418 [main] DEBUG org.apache.http.wire -- http-outgoing-4 << "sb-auth-refresh-token-prefix: st5lw[\r][\n]"
13:05:01.418 [main] DEBUG org.apache.http.wire -- http-outgoing-4 << "sb-auth-session-id: 07cc9ecc-934b-4a63-81c8-dbacf621b847[\r][\n]"
13:05:01.418 [main] DEBUG org.apache.http.wire -- http-outgoing-4 << "sb-auth-user-id: 98a8c131-9265-45d0-98aa-e8cdc0da2475[\r][\n]"
13:05:01.418 [main] DEBUG org.apache.http.wire -- http-outgoing-4 << "sb-gateway-version: 1[\r][\n]"
13:05:01.418 [main] DEBUG org.apache.http.wire -- http-outgoing-4 << "sb-project-ref: wlsxfjlaxxwgnbhmtgmw[\r][\n]"
13:05:01.418 [main] DEBUG org.apache.http.wire -- http-outgoing-4 << "sb-request-id: 019fd319-a584-7e6e-9c87-3ed65ed0c589[\r][\n]"
13:05:01.418 [main] DEBUG org.apache.http.wire -- http-outgoing-4 << "x-envoy-attempt-count: 1[\r][\n]"
13:05:01.418 [main] DEBUG org.apache.http.wire -- http-outgoing-4 << "x-envoy-upstream-service-time: 99[\r][\n]"
13:05:01.418 [main] DEBUG org.apache.http.wire -- http-outgoing-4 << "set-cookie: __cf_bm=s7gKJcj0Tf9i6jOwI84YQzyUSoDvCRPQ755KnsSs52s-1785953101.185154-1.0.1.1-.GOKeIjrxuQo7YY9QA062aSC7tJj9f4PpssMs2PCBWEg5pQFKHiYaUaeTRrQM7PSULGY_.BRxccrXNiBJP3ua6dgVKHHy4.W0FaPwmofNvWT1N3gZyoIK7K4abAnj8Nf; HttpOnly; SameSite=None; Secure; Path=/; Domain=supabase.co; Expires=Wed, 05 Aug 2026 18:35:01 GMT[\r][\n]"
13:05:01.418 [main] DEBUG org.apache.http.wire -- http-outgoing-4 << "alt-svc: h3=":443"; ma=86400[\r][\n]"
13:05:01.418 [main] DEBUG org.apache.http.wire -- http-outgoing-4 << "[\r][\n]"
13:05:01.418 [main] DEBUG org.apache.http.wire -- http-outgoing-4 << "45d[\r][\n]"
13:05:01.418 [main] DEBUG org.apache.http.wire -- http-outgoing-4 << "[0x1f][0x8b][0x8][0x0][0x0][0x0][0x0][0x0][0x0][0x3][0xcc]T[0xdb]r[0x9b]H[0x10][0xfd][0x17]=[.[0x18]@[0x2]=[0xad][0x1d]![0x8c]J [0x1b]K[0xe2][0xb2][0x95]R[\r]3[0x83][0x18][0xc4]-[0x80].[0x90][0xf2][0xbf]o[0x8f][0xe3]8[0xbb][[0xd9][0x94][0xf3][0xb6][0xf][0x92][0xd0][0x99]>[0xdd][0xa7]O[0xf7][0xf0]u[0x84][0x9]am[0xbb][0xef][0xaa]#+G[0xb3][0x11][0xeb][0x97]il[0x11][0xbe][0xe6][0xcb][0xc5]v[0xb0]e[0x97][0xdb][0xad]]tu[0xf4][0xc9][0x9e][0xd8][0x85][0x97]E[0xc5][0x82][0x87][0x1b][^mH[0x1f][0xe][0xdb][0xce][0x9d][0x9b][0xc8][0xe5][0x92][0xba][0xde]D|[0x5][0x1f]g0[0xaf][0xeb][0xf9]][0xef]f[0xbb][0xdc][0xe9][0x81][z[0x1a][0x11][0xdc]c[0x1d][0xec]>-[0x8d][(P[0x13][0xc5][0x11][0x5]*[0xfa][0xe0]][0xc8]P[0x9d]W[\n]"
13:05:01.418 [main] DEBUG org.apache.http.wire -- http-outgoing-4 << "m[0x89][0x92][0x16][0xb8][0xb8][0xa6][0xec]!U"[0xa4]ql[0xc9]R[0x84]deU[0xba]2[0xb1][0xa0]h[0xe0][0xe6][0xab][0xc2]=[0xaf][0xd0]B[0xa6][0xd6][0xe1]L3[0x93][0xaf]>-[0x7][0xea][0xdb][0x90][0xcb][0xd6][0xd6][0x96][0xa9][0x86][0x83]98[0xcf][0x92][0xe6]d![0x8]|[0x92][0xa3][0xf9]][0xb7][0xde][0xa4]i[0xf8],[0xe7]k[0xcb]=[0x86][0xc3][0xfd][0x11][0xc4]K[0xee][0xb0][0x15][0xdc][0x94][0xfa]OBGJ[0x3][0xaf][0x8a]|M[0xc2][0xbe][0x9b]Rkw[0xb4][0xf9][0x85]GAz[0xb1][0xb3][0xea][0xea][0xe][0x7]y[0xbd][0xd9]"w[0xb8][0xbb][0x2][0xa7][0xe][0x3][0xe0]d[0xa6][0xb2][0x9e]o5w[0xe3]\[0x9d][0xb9][0x9][0x6][0xed][0xba][0xd0]"
13:05:01.419 [main] DEBUG org.apache.http.headers -- http-outgoing-4 << HTTP/1.1 200 OK
13:05:01.419 [main] DEBUG org.apache.http.headers -- http-outgoing-4 << Date: Wed, 05 Aug 2026 18:05:01 GMT
13:05:01.419 [main] DEBUG org.apache.http.headers -- http-outgoing-4 << Content-Type: application/json
13:05:01.419 [main] DEBUG org.apache.http.headers -- http-outgoing-4 << Transfer-Encoding: chunked
13:05:01.419 [main] DEBUG org.apache.http.headers -- http-outgoing-4 << Connection: keep-alive
13:05:01.419 [main] DEBUG org.apache.http.headers -- http-outgoing-4 << CF-Ray: a267ba42685b4736-BOG
13:05:01.419 [main] DEBUG org.apache.http.headers -- http-outgoing-4 << CF-Cache-Status: DYNAMIC
13:05:01.419 [main] DEBUG org.apache.http.headers -- http-outgoing-4 << Content-Encoding: gzip
13:05:01.419 [main] DEBUG org.apache.http.headers -- http-outgoing-4 << Server: cloudflare
13:05:01.419 [main] DEBUG org.apache.http.headers -- http-outgoing-4 << Strict-Transport-Security: max-age=31536000; includeSubDomains; preload
13:05:01.419 [main] DEBUG org.apache.http.headers -- http-outgoing-4 << Vary: Origin, Accept-Encoding
13:05:01.419 [main] DEBUG org.apache.http.headers -- http-outgoing-4 << X-Content-Type-Options: nosniff
13:05:01.419 [main] DEBUG org.apache.http.headers -- http-outgoing-4 << sb-auth-refresh-token-prefix: st5lw
13:05:01.419 [main] DEBUG org.apache.http.headers -- http-outgoing-4 << sb-auth-session-id: 07cc9ecc-934b-4a63-81c8-dbacf621b847
13:05:01.419 [main] DEBUG org.apache.http.headers -- http-outgoing-4 << sb-auth-user-id: 98a8c131-9265-45d0-98aa-e8cdc0da2475
13:05:01.419 [main] DEBUG org.apache.http.headers -- http-outgoing-4 << sb-gateway-version: 1
13:05:01.419 [main] DEBUG org.apache.http.headers -- http-outgoing-4 << sb-project-ref: wlsxfjlaxxwgnbhmtgmw
13:05:01.419 [main] DEBUG org.apache.http.headers -- http-outgoing-4 << sb-request-id: 019fd319-a584-7e6e-9c87-3ed65ed0c589
13:05:01.419 [main] DEBUG org.apache.http.headers -- http-outgoing-4 << x-envoy-attempt-count: 1
13:05:01.419 [main] DEBUG org.apache.http.headers -- http-outgoing-4 << x-envoy-upstream-service-time: 99
13:05:01.419 [main] DEBUG org.apache.http.headers -- http-outgoing-4 << set-cookie: __cf_bm=s7gKJcj0Tf9i6jOwI84YQzyUSoDvCRPQ755KnsSs52s-1785953101.185154-1.0.1.1-.GOKeIjrxuQo7YY9QA062aSC7tJj9f4PpssMs2PCBWEg5pQFKHiYaUaeTRrQM7PSULGY_.BRxccrXNiBJP3ua6dgVKHHy4.W0FaPwmofNvWT1N3gZyoIK7K4abAnj8Nf; HttpOnly; SameSite=None; Secure; Path=/; Domain=supabase.co; Expires=Wed, 05 Aug 2026 18:35:01 GMT
13:05:01.419 [main] DEBUG org.apache.http.headers -- http-outgoing-4 << alt-svc: h3=":443"; ma=86400
13:05:01.419 [main] DEBUG org.apache.http.impl.execchain.MainClientExec -- Connection can be kept alive indefinitely
13:05:01.420 [main] DEBUG org.apache.http.client.protocol.ResponseProcessCookies -- Cookie accepted [__cf_bm="s7gKJcj0Tf9i6jOwI84YQzyUSoDvCRPQ755KnsSs52s-1785953101.185154-1.0.1.1-.GOKeIjrxuQo7YY9QA062aSC7tJj9f...", version:0, domain:supabase.co, path:/, expiry:Wed Aug 05 13:35:01 COT 2026]
13:05:01.421 [main] DEBUG org.apache.http.wire -- http-outgoing-4 << "[0xcf][[0x88][0x7][0xdd][0xbb]4~[0xf0][0xaa][0x0]-[0x8b][0xb5][0xe5][0xa8][0xce]p[0x94][0x9e][0xac][0xa8][0x8e]K[0xaf][0xf]}[0xb7]Y[0x15]^N[0x85][0xa9][0xe5]}[0x15]#-[0x17][0x1c]Q/[0xc][0xee]/[0x1][0x92]sj-[0x8e]a[0xe0][0xa5]vVO![0xa6][0x8f][0x95][0xa8][0x8e][0xac]]/[0xe2]"_N[0xb1][0x11][0xda]/[0xa4]0[0x10][0xf6][0xbd][0x9c][0x94][0xe0]e[0xde][0xbe][0x9f][0x5][0x81][0x4][0xb9]wC[0x14],[0x93][0xd8][0xdf]I[0xa1][0xef]AO&_[0x97]?b[0x84][0xf7][0x91][0xbf]h[0xa9][0x95]&a[0x11][0x82]o[0x87]a[0xbd][0xf1][0xee][0xa2]"?[0xd1][0x87]e[0x1a][0xa2][0xf6][0x4]5[0xd1][0xab][0xf][0xaf][0x9c]kB[0x8b]][0x8f]}[0xd0]"<[0x83]^[0xa8][0xbf]}[0xef]!P[0xa2][0x9c][0x14]y[0x81]}[0xf0].[0xab][0x8b][0xd0][0xbf][0xe][0xd1][0xf3][0x85][0x13]e[0xc7][0x85]n1[0x3][0xf0][0xe2][\n]"
13:05:01.421 [main] DEBUG org.apache.http.wire -- http-outgoing-4 << "[0xcb][0x1][0xf3][0xb0][0x91][0xfb],I[0xae][0xff]tYm[0x8e]j[0xe8][0x9b]][0xb4]I[0xb3][0xc8]r.[0x91]e[0xf6][0xee][0x9c][0xc8]v)zX[0x9e]ck[0xfb][0x9f][0xf3][0x9]A[0xbf][0xc8]-~[0x9d]g[0xb1][0xa4][0x8b][0x8e]p{[0xe2]+-[0x17]}c[0xcb]8[0x8a]s[0xd8][0x9d][0x81]([0xf4]L[0x8a]'[0xe1][0x1b][0xe4][0x90]s[0xa2]xi[0x1c][0xdc][0xfd]k[0x8e][0xb]#[0x10][0x9a][0xd1]n (?[0xc7][0xb9][0xf1]m[0xe9][0xb3];%D[0x8e][0x16][0xf9]n[0x6]z[0x7][0xd7][0xb2];[0xd7]2[0x91][0xd3]K[0xaa][0xe3];[0xea][0xca][0xf7]@[0x83][[0xb8][0x99]}[\r][0xb3][0x83][0xe4][0x8a][0xa5]/[0xf2]!@[0x8b][0x13]x[0xa3][0xc5][0xbe]![0x93][0xde][0x9e][0xc0][0xc5]i![0xb7]qk[0x92][0xb5]jKG[0xce][0x1e][0x8d][0xfb][0xa9]S[0x1d]'[0xa5][0xf2]e\>[0xb8][0x87]\[0x9d]([0xee][0xdc]h[0xf6][0xc1]U+[0xb2]}[0xe4][0x8d]/z[0xb2][0x8c][0xb4]{[0xb5][0x19][0xbe][0xcc][0x1f][0xf3][0xb1]4[0xdd][0x98][0xfc][0xf4][0xb8][0xdd][0xc7][0xed][0xfa][0xbe]D[0x7][0x14]nwN;[0xd0][0xec][0xe9][0xf1]0[0xba][0x19][0xbd]^[0xe1]}[0xd7][0xd7][0xc][0xee]q[0xcc]p[0xc3][0x1a]@[0xd9][0xb5][0xe6][\r]k[0xf7][0x1c]n[0xb7]2[0x91][0xa4][0x1f][0x8][0xee]F3y[0xaa]k[0x86]6[0x99]J[0xf2][0xcd][0xa8]a[0x9][0xc0][0xe9][0xfb][0xab][0xa0][0xed][0xb4][0xfc][0x92]\[0xba][0xfa][0xb][0xaf] [0xd1][0xa9][0x85]|[0xb3][0xaf]#N[0xe1][0xcc][0xd0][0xb1]NdE[0x1e][0x1b]h[0xa2][0x8d]U[0x8d]Jc[0x80][0xf0][0x98][0xe9][0x84][0x12][0x89]b[0xa4]N5[0xe0][0xe0][0x93][0x8][0xc6][0xa7].ee[0xc7][0x9][0xee][0x18][0x5][0xb4][0xa9]r[0xf6][0x13][0x98][0x15][0x98][0xe7][0x80][0xa7][0xc][0xe7]][0xba][0x8f][0x13][0x9d][0xe8][0x8a][0xa1][0xfe][0x91][0xf0][0xb2]k09[0xde]Rv[0xfe][0x1e][0xb6]'U[0x99][0xf0][0xa6]`[0xf4][0xb5][0x8d][0x11][0x92][0xd0]d,[0xe9]cI[0xdb][0xc8][0xfa]L[0xd2]f[0x92]|[0xab][0xa9][0x13]U[0x97][0x8d][0x89][0x1e][0x1][0xab]N[0xab]R[0x14][0x85][0xc7][0x1c][0xb7][0xdd][0xbe][0xe5][0x87][0x12]<[0xf9][0x15][7[0xc]UG[0xaa]`[0xe3][0xba][0xde][0x17][0xac][0xc3][0x14]wXxP7[0xd5][0x99]S[0xe1][0xc7][0x9b][0xea][0x9b]w[0xa8][0x1d][0xcd][0xfe]|[0x3]?[0xbf]|s[0xed][0x1f][0xd4][0xdf][0xea][0xf2][0xcc][0x1a][0x9e]ppg[0xd6]5'[0xf6][0xd6][0xc5][0xdf][0xd0][0x4][0xe7]-[0xc0][0xed])[0xfe][0xe8]L@[0x12][0xa8][0x4][0xd7];[0xce][0x84][0xd4][0xaf][0xdf][0xff][0xf6][0xfb][0xd7][0xc1][0xc6]:[0xc3][0x89]l[0xa0]ql[0xc0][0x97][0xaa]Ry[0x1c]Oe6F[0xb1][0xc4][0x92]D[0xa1]t[0x9a][0xa8][0xa3][0x9b][0xdf]Z[0x82]W[0xb]~[0x87][0xf0][0xae][0xe8][0xff][0xe3][0xd9]O[0x6][0xfe][0xd1]5R[0x8c][0xa9]*kb[0x8b]H[0xc3][0xc4][0xaa][0xff]*X[0x5]T[0x84][0x9e]j[0xfa][0xd1][0xd0][0xf][0x99][0xf3][0xf2][0xf9]#[0xe5][0x15]c"O?V^[0x93][0xc][0x1d][0x89]P[0xe]/[0x92][0xb2]*[0xfb][0xa2]:[0xb5]o[0xe6][0xbe][0xbc][0xfc][0x5][0x0][0x0][0xff][0xff][0x3][0x0][0xdf][0xf0][0x8f][0xf2]W[0x8][0x0][0x0][\r][\n]"
13:05:01.422 [main] DEBUG org.apache.http.wire -- http-outgoing-4 << "0[\r][\n]"
13:05:01.422 [main] DEBUG org.apache.http.wire -- http-outgoing-4 << "[\r][\n]"
13:05:01.422 [main] DEBUG org.apache.http.impl.conn.PoolingHttpClientConnectionManager -- Connection [id: 4][route: {s}->https://wlsxfjlaxxwgnbhmtgmw.supabase.co:443] can be kept alive indefinitely
13:05:01.422 [main] DEBUG org.apache.http.impl.conn.DefaultManagedHttpClientConnection -- http-outgoing-4: set socket timeout to 0
13:05:01.422 [main] DEBUG org.apache.http.impl.conn.PoolingHttpClientConnectionManager -- Connection released: [id: 4][route: {s}->https://wlsxfjlaxxwgnbhmtgmw.supabase.co:443][total available: 1; route allocated: 1 of 5; total allocated: 1 of 10]
13:05:01.422 [main] DEBUG org.apache.http.impl.conn.PoolingHttpClientConnectionManager -- Connection manager is shutting down
13:05:01.422 [main] DEBUG org.apache.http.impl.conn.DefaultManagedHttpClientConnection -- http-outgoing-4: Close connection
13:05:01.424 [main] DEBUG org.apache.http.impl.conn.PoolingHttpClientConnectionManager -- Connection manager shut down
13:05:01.424 [main] DEBUG com.intuit.karate -- response time in milliseconds: 803
1 < 200
1 < Date: Wed, 05 Aug 2026 18:05:01 GMT
1 < Content-Type: application/json
1 < Transfer-Encoding: chunked
1 < Connection: keep-alive
1 < CF-Ray: a267ba42685b4736-BOG
1 < CF-Cache-Status: DYNAMIC
1 < Server: cloudflare
1 < Strict-Transport-Security: max-age=31536000; includeSubDomains; preload
1 < Vary: Origin, Accept-Encoding
1 < X-Content-Type-Options: nosniff
1 < sb-auth-refresh-token-prefix: st5lw
1 < sb-auth-session-id: 07cc9ecc-934b-4a63-81c8-dbacf621b847
1 < sb-auth-user-id: 98a8c131-9265-45d0-98aa-e8cdc0da2475
1 < sb-gateway-version: 1
1 < sb-project-ref: wlsxfjlaxxwgnbhmtgmw
1 < sb-request-id: 019fd319-a584-7e6e-9c87-3ed65ed0c589
1 < x-envoy-attempt-count: 1
1 < x-envoy-upstream-service-time: 99
1 < set-cookie: __cf_bm=s7gKJcj0Tf9i6jOwI84YQzyUSoDvCRPQ755KnsSs52s-1785953101.185154-1.0.1.1-.GOKeIjrxuQo7YY9QA062aSC7tJj9f4PpssMs2PCBWEg5pQFKHiYaUaeTRrQM7PSULGY_.BRxccrXNiBJP3ua6dgVKHHy4.W0FaPwmofNvWT1N3gZyoIK7K4abAnj8Nf; HttpOnly; SameSite=None; Secure; Path=/; Domain=supabase.co; Expires=Wed, 05 Aug 2026 18:35:01 GMT
1 < alt-svc: h3=":443"; ma=86400
1 < Set-Cookie: __cf_bm=s7gKJcj0Tf9i6jOwI84YQzyUSoDvCRPQ755KnsSs52s-1785953101.185154-1.0.1.1-.GOKeIjrxuQo7YY9QA062aSC7tJj9f4PpssMs2PCBWEg5pQFKHiYaUaeTRrQM7PSULGY_.BRxccrXNiBJP3ua6dgVKHHy4.W0FaPwmofNvWT1N3gZyoIK7K4abAnj8Nf; HttpOnly; SameSite=None; Secure; Path=/; Domain=supabase.co; Expires=Wed, 05 Aug 2026 18:35:01 GMT
{"access_token":"eyJhbGciOiJFUzI1NiIsImtpZCI6ImRjZmFiYTI1LTcyYzUtNDE2Ni04OTZiLTZiMzExODAyNjVlMyIsInR5cCI6IkpXVCJ9.eyJpc3MiOiJodHRwczovL3dsc3hmamxheHh3Z25iaG10Z213LnN1cGFiYXNlLmNvL2F1dGgvdjEiLCJzdWIiOiI5OGE4YzEzMS05MjY1LTQ1ZDAtOThhYS1lOGNkYzBkYTI0NzUiLCJhdWQiOiJhdXRoZW50aWNhdGVkIiwiZXhwIjoxNzg1OTU2NzAxLCJpYXQiOjE3ODU5NTMxMDEsImVtYWlsIjoiaGVhbHRoX2JmOGM4Mzk0QGZpbnRyYWNrLmRldiIsInBob25lIjoiIiwiYXBwX21ldGFkYXRhIjp7InByb3ZpZGVyIjoiZW1haWwiLCJwcm92aWRlcnMiOlsiZW1haWwiXX0sInVzZXJfbWV0YWRhdGEiOnsiZW1haWwiOiJoZWFsdGhfYmY4YzgzOTRAZmludHJhY2suZGV2IiwiZW1haWxfdmVyaWZpZWQiOnRydWUsInBob25lX3ZlcmlmaWVkIjpmYWxzZSwic3ViIjoiOThhOGMxMzEtOTI2NS00NWQwLTk4YWEtZThjZGMwZGEyNDc1In0sInJvbGUiOiJhdXRoZW50aWNhdGVkIiwiYWFsIjoiYWFsMSIsImFtciI6W3sibWV0aG9kIjoicGFzc3dvcmQiLCJ0aW1lc3RhbXAiOjE3ODU5NTMxMDF9XSwic2Vzc2lvbl9pZCI6IjA3Y2M5ZWNjLTkzNGItNGE2My04MWM4LWRiYWNmNjIxYjg0NyIsImlzX2Fub255bW91cyI6ZmFsc2V9.EcO4I0kieP9B7Mok6n3q-nHNgl463ND9r_Xx5mj_ZR-w8fJZ5B4rzqDPl-07TEiuPU_bsOBn2g2YUVMszdjQPg","token_type":"bearer","expires_in":3600,"expires_at":1785956701,"refresh_token":"st5lwfwtpqio","user":{"id":"98a8c131-9265-45d0-98aa-e8cdc0da2475","aud":"authenticated","role":"authenticated","email":"health_bf8c8394@fintrack.dev","email_confirmed_at":"2026-08-05T18:05:01.546481968Z","phone":"","last_sign_in_at":"2026-08-05T18:05:01.548994824Z","app_metadata":{"provider":"email","providers":["email"]},"user_metadata":{"email":"health_bf8c8394@fintrack.dev","email_verified":true,"phone_verified":false,"sub":"98a8c131-9265-45d0-98aa-e8cdc0da2475"},"identities":[{"identity_id":"b8eaf192-b992-44d1-b71e-2b0eff3dd7f4","id":"98a8c131-9265-45d0-98aa-e8cdc0da2475","user_id":"98a8c131-9265-45d0-98aa-e8cdc0da2475","identity_data":{"email":"health_bf8c8394@fintrack.dev","email_verified":true,"phone_verified":false,"sub":"98a8c131-9265-45d0-98aa-e8cdc0da2475"},"provider":"email","last_sign_in_at":"2026-08-05T18:05:01.54397415Z","created_at":"2026-08-05T18:05:01.544026Z","updated_at":"2026-08-05T18:05:01.544026Z","email":"health_bf8c8394@fintrack.dev"}],"created_at":"2026-08-05T18:05:01.539617Z","updated_at":"2026-08-05T18:05:01.550982Z","is_anonymous":false}}

13:05:01.434 [main] DEBUG org.apache.http.client.protocol.RequestAddCookies -- CookieSpec selected: karate
13:05:01.434 [main] DEBUG org.apache.http.client.protocol.RequestAuthCache -- Auth cache not set in the context
13:05:01.434 [main] DEBUG com.intuit.karate -- request:
2 > GET https://wlsxfjlaxxwgnbhmtgmw.supabase.co/functions/v1/banking-api/accounts
2 > Authorization: Bearer eyJhbGciOiJFUzI1NiIsImtpZCI6ImRjZmFiYTI1LTcyYzUtNDE2Ni04OTZiLTZiMzExODAyNjVlMyIsInR5cCI6IkpXVCJ9.eyJpc3MiOiJodHRwczovL3dsc3hmamxheHh3Z25iaG10Z213LnN1cGFiYXNlLmNvL2F1dGgvdjEiLCJzdWIiOiI5OGE4YzEzMS05MjY1LTQ1ZDAtOThhYS1lOGNkYzBkYTI0NzUiLCJhdWQiOiJhdXRoZW50aWNhdGVkIiwiZXhwIjoxNzg1OTU2NzAxLCJpYXQiOjE3ODU5NTMxMDEsImVtYWlsIjoiaGVhbHRoX2JmOGM4Mzk0QGZpbnRyYWNrLmRldiIsInBob25lIjoiIiwiYXBwX21ldGFkYXRhIjp7InByb3ZpZGVyIjoiZW1haWwiLCJwcm92aWRlcnMiOlsiZW1haWwiXX0sInVzZXJfbWV0YWRhdGEiOnsiZW1haWwiOiJoZWFsdGhfYmY4YzgzOTRAZmludHJhY2suZGV2IiwiZW1haWxfdmVyaWZpZWQiOnRydWUsInBob25lX3ZlcmlmaWVkIjpmYWxzZSwic3ViIjoiOThhOGMxMzEtOTI2NS00NWQwLTk4YWEtZThjZGMwZGEyNDc1In0sInJvbGUiOiJhdXRoZW50aWNhdGVkIiwiYWFsIjoiYWFsMSIsImFtciI6W3sibWV0aG9kIjoicGFzc3dvcmQiLCJ0aW1lc3RhbXAiOjE3ODU5NTMxMDF9XSwic2Vzc2lvbl9pZCI6IjA3Y2M5ZWNjLTkzNGItNGE2My04MWM4LWRiYWNmNjIxYjg0NyIsImlzX2Fub255bW91cyI6ZmFsc2V9.EcO4I0kieP9B7Mok6n3q-nHNgl463ND9r_Xx5mj_ZR-w8fJZ5B4rzqDPl-07TEiuPU_bsOBn2g2YUVMszdjQPg
2 > apikey: eyJhbGciOiJIUzI1NiIsInR5cCI6IkpXVCJ9.eyJpc3MiOiJzdXBhYmFzZSIsInJlZiI6Indsc3hmamxheHh3Z25iaG10Z213Iiwicm9sZSI6ImFub24iLCJpYXQiOjE3ODI2OTk3NTEsImV4cCI6MjA5ODI3NTc1MX0.O6fe3bylzRtNmPYL1zXYo1mIhMBrG9vxvQgYP_Hw9DI
2 > Content-Type: application/json
2 > Cookie: __cf_bm=s7gKJcj0Tf9i6jOwI84YQzyUSoDvCRPQ755KnsSs52s-1785953101.185154-1.0.1.1-.GOKeIjrxuQo7YY9QA062aSC7tJj9f4PpssMs2PCBWEg5pQFKHiYaUaeTRrQM7PSULGY_.BRxccrXNiBJP3ua6dgVKHHy4.W0FaPwmofNvWT1N3gZyoIK7K4abAnj8Nf
2 > Host: wlsxfjlaxxwgnbhmtgmw.supabase.co
2 > Connection: Keep-Alive
2 > User-Agent: Apache-HttpClient/4.5.14 (Java/17.0.19)
2 > Accept-Encoding: gzip,deflate


13:05:01.434 [main] DEBUG org.apache.http.impl.conn.PoolingHttpClientConnectionManager -- Connection request: [route: {s}->https://wlsxfjlaxxwgnbhmtgmw.supabase.co:443][total available: 0; route allocated: 0 of 5; total allocated: 0 of 10]
13:05:01.436 [main] DEBUG org.apache.http.impl.conn.PoolingHttpClientConnectionManager -- Connection leased: [id: 5][route: {s}->https://wlsxfjlaxxwgnbhmtgmw.supabase.co:443][total available: 0; route allocated: 1 of 5; total allocated: 1 of 10]
13:05:01.436 [main] DEBUG org.apache.http.impl.execchain.MainClientExec -- Opening connection {s}->https://wlsxfjlaxxwgnbhmtgmw.supabase.co:443
13:05:01.436 [main] DEBUG org.apache.http.impl.conn.DefaultHttpClientConnectionOperator -- Connecting to wlsxfjlaxxwgnbhmtgmw.supabase.co/172.64.149.246:443
13:05:01.436 [main] DEBUG org.apache.http.conn.ssl.SSLConnectionSocketFactory -- Connecting socket to wlsxfjlaxxwgnbhmtgmw.supabase.co/172.64.149.246:443 with timeout 30000
13:05:01.545 [main] DEBUG org.apache.http.conn.ssl.SSLConnectionSocketFactory -- Enabled protocols: [TLSv1.3, TLSv1.2]
13:05:01.545 [main] DEBUG org.apache.http.conn.ssl.SSLConnectionSocketFactory -- Enabled cipher suites:[TLS_AES_256_GCM_SHA384, TLS_AES_128_GCM_SHA256, TLS_CHACHA20_POLY1305_SHA256, TLS_ECDHE_ECDSA_WITH_AES_256_GCM_SHA384, TLS_ECDHE_ECDSA_WITH_AES_128_GCM_SHA256, TLS_ECDHE_ECDSA_WITH_CHACHA20_POLY1305_SHA256, TLS_ECDHE_RSA_WITH_AES_256_GCM_SHA384, TLS_ECDHE_RSA_WITH_CHACHA20_POLY1305_SHA256, TLS_ECDHE_RSA_WITH_AES_128_GCM_SHA256, TLS_DHE_RSA_WITH_AES_256_GCM_SHA384, TLS_DHE_RSA_WITH_CHACHA20_POLY1305_SHA256, TLS_DHE_DSS_WITH_AES_256_GCM_SHA384, TLS_DHE_RSA_WITH_AES_128_GCM_SHA256, TLS_DHE_DSS_WITH_AES_128_GCM_SHA256, TLS_ECDHE_ECDSA_WITH_AES_256_CBC_SHA384, TLS_ECDHE_RSA_WITH_AES_256_CBC_SHA384, TLS_ECDHE_ECDSA_WITH_AES_128_CBC_SHA256, TLS_ECDHE_RSA_WITH_AES_128_CBC_SHA256, TLS_DHE_RSA_WITH_AES_256_CBC_SHA256, TLS_DHE_DSS_WITH_AES_256_CBC_SHA256, TLS_DHE_RSA_WITH_AES_128_CBC_SHA256, TLS_DHE_DSS_WITH_AES_128_CBC_SHA256, TLS_ECDHE_ECDSA_WITH_AES_256_CBC_SHA, TLS_ECDHE_RSA_WITH_AES_256_CBC_SHA, TLS_ECDHE_ECDSA_WITH_AES_128_CBC_SHA, TLS_ECDHE_RSA_WITH_AES_128_CBC_SHA, TLS_DHE_RSA_WITH_AES_256_CBC_SHA, TLS_DHE_DSS_WITH_AES_256_CBC_SHA, TLS_DHE_RSA_WITH_AES_128_CBC_SHA, TLS_DHE_DSS_WITH_AES_128_CBC_SHA, TLS_EMPTY_RENEGOTIATION_INFO_SCSV]
13:05:01.545 [main] DEBUG org.apache.http.conn.ssl.SSLConnectionSocketFactory -- Starting handshake
13:05:01.655 [main] DEBUG org.apache.http.conn.ssl.SSLConnectionSocketFactory -- Secure session established
13:05:01.655 [main] DEBUG org.apache.http.conn.ssl.SSLConnectionSocketFactory --  negotiated protocol: TLSv1.3
13:05:01.655 [main] DEBUG org.apache.http.conn.ssl.SSLConnectionSocketFactory --  negotiated cipher suite: TLS_AES_256_GCM_SHA384
13:05:01.655 [main] DEBUG org.apache.http.conn.ssl.SSLConnectionSocketFactory --  peer principal: CN=supabase.co
13:05:01.655 [main] DEBUG org.apache.http.conn.ssl.SSLConnectionSocketFactory --  peer alternative names: [supabase.co, *.supabase.co]
13:05:01.655 [main] DEBUG org.apache.http.conn.ssl.SSLConnectionSocketFactory --  issuer principal: CN=WE1, O=Google Trust Services, C=US
13:05:01.655 [main] DEBUG org.apache.http.impl.conn.DefaultHttpClientConnectionOperator -- Connection established 192.168.0.111:56171<->172.64.149.246:443
13:05:01.655 [main] DEBUG org.apache.http.impl.conn.DefaultManagedHttpClientConnection -- http-outgoing-5: set socket timeout to 30000
13:05:01.655 [main] DEBUG org.apache.http.impl.execchain.MainClientExec -- Executing request GET /functions/v1/banking-api/accounts HTTP/1.1
13:05:01.655 [main] DEBUG org.apache.http.impl.execchain.MainClientExec -- Proxy auth state: UNCHALLENGED
13:05:01.655 [main] DEBUG org.apache.http.headers -- http-outgoing-5 >> GET /functions/v1/banking-api/accounts HTTP/1.1
13:05:01.656 [main] DEBUG org.apache.http.headers -- http-outgoing-5 >> Authorization: Bearer eyJhbGciOiJFUzI1NiIsImtpZCI6ImRjZmFiYTI1LTcyYzUtNDE2Ni04OTZiLTZiMzExODAyNjVlMyIsInR5cCI6IkpXVCJ9.eyJpc3MiOiJodHRwczovL3dsc3hmamxheHh3Z25iaG10Z213LnN1cGFiYXNlLmNvL2F1dGgvdjEiLCJzdWIiOiI5OGE4YzEzMS05MjY1LTQ1ZDAtOThhYS1lOGNkYzBkYTI0NzUiLCJhdWQiOiJhdXRoZW50aWNhdGVkIiwiZXhwIjoxNzg1OTU2NzAxLCJpYXQiOjE3ODU5NTMxMDEsImVtYWlsIjoiaGVhbHRoX2JmOGM4Mzk0QGZpbnRyYWNrLmRldiIsInBob25lIjoiIiwiYXBwX21ldGFkYXRhIjp7InByb3ZpZGVyIjoiZW1haWwiLCJwcm92aWRlcnMiOlsiZW1haWwiXX0sInVzZXJfbWV0YWRhdGEiOnsiZW1haWwiOiJoZWFsdGhfYmY4YzgzOTRAZmludHJhY2suZGV2IiwiZW1haWxfdmVyaWZpZWQiOnRydWUsInBob25lX3ZlcmlmaWVkIjpmYWxzZSwic3ViIjoiOThhOGMxMzEtOTI2NS00NWQwLTk4YWEtZThjZGMwZGEyNDc1In0sInJvbGUiOiJhdXRoZW50aWNhdGVkIiwiYWFsIjoiYWFsMSIsImFtciI6W3sibWV0aG9kIjoicGFzc3dvcmQiLCJ0aW1lc3RhbXAiOjE3ODU5NTMxMDF9XSwic2Vzc2lvbl9pZCI6IjA3Y2M5ZWNjLTkzNGItNGE2My04MWM4LWRiYWNmNjIxYjg0NyIsImlzX2Fub255bW91cyI6ZmFsc2V9.EcO4I0kieP9B7Mok6n3q-nHNgl463ND9r_Xx5mj_ZR-w8fJZ5B4rzqDPl-07TEiuPU_bsOBn2g2YUVMszdjQPg
13:05:01.656 [main] DEBUG org.apache.http.headers -- http-outgoing-5 >> apikey: eyJhbGciOiJIUzI1NiIsInR5cCI6IkpXVCJ9.eyJpc3MiOiJzdXBhYmFzZSIsInJlZiI6Indsc3hmamxheHh3Z25iaG10Z213Iiwicm9sZSI6ImFub24iLCJpYXQiOjE3ODI2OTk3NTEsImV4cCI6MjA5ODI3NTc1MX0.O6fe3bylzRtNmPYL1zXYo1mIhMBrG9vxvQgYP_Hw9DI
13:05:01.656 [main] DEBUG org.apache.http.headers -- http-outgoing-5 >> Content-Type: application/json
13:05:01.656 [main] DEBUG org.apache.http.headers -- http-outgoing-5 >> Cookie: __cf_bm=s7gKJcj0Tf9i6jOwI84YQzyUSoDvCRPQ755KnsSs52s-1785953101.185154-1.0.1.1-.GOKeIjrxuQo7YY9QA062aSC7tJj9f4PpssMs2PCBWEg5pQFKHiYaUaeTRrQM7PSULGY_.BRxccrXNiBJP3ua6dgVKHHy4.W0FaPwmofNvWT1N3gZyoIK7K4abAnj8Nf
13:05:01.656 [main] DEBUG org.apache.http.headers -- http-outgoing-5 >> Host: wlsxfjlaxxwgnbhmtgmw.supabase.co
13:05:01.656 [main] DEBUG org.apache.http.headers -- http-outgoing-5 >> Connection: Keep-Alive
13:05:01.656 [main] DEBUG org.apache.http.headers -- http-outgoing-5 >> User-Agent: Apache-HttpClient/4.5.14 (Java/17.0.19)
13:05:01.656 [main] DEBUG org.apache.http.headers -- http-outgoing-5 >> Accept-Encoding: gzip,deflate
13:05:01.656 [main] DEBUG org.apache.http.wire -- http-outgoing-5 >> "GET /functions/v1/banking-api/accounts HTTP/1.1[\r][\n]"
13:05:01.656 [main] DEBUG org.apache.http.wire -- http-outgoing-5 >> "Authorization: Bearer eyJhbGciOiJFUzI1NiIsImtpZCI6ImRjZmFiYTI1LTcyYzUtNDE2Ni04OTZiLTZiMzExODAyNjVlMyIsInR5cCI6IkpXVCJ9.eyJpc3MiOiJodHRwczovL3dsc3hmamxheHh3Z25iaG10Z213LnN1cGFiYXNlLmNvL2F1dGgvdjEiLCJzdWIiOiI5OGE4YzEzMS05MjY1LTQ1ZDAtOThhYS1lOGNkYzBkYTI0NzUiLCJhdWQiOiJhdXRoZW50aWNhdGVkIiwiZXhwIjoxNzg1OTU2NzAxLCJpYXQiOjE3ODU5NTMxMDEsImVtYWlsIjoiaGVhbHRoX2JmOGM4Mzk0QGZpbnRyYWNrLmRldiIsInBob25lIjoiIiwiYXBwX21ldGFkYXRhIjp7InByb3ZpZGVyIjoiZW1haWwiLCJwcm92aWRlcnMiOlsiZW1haWwiXX0sInVzZXJfbWV0YWRhdGEiOnsiZW1haWwiOiJoZWFsdGhfYmY4YzgzOTRAZmludHJhY2suZGV2IiwiZW1haWxfdmVyaWZpZWQiOnRydWUsInBob25lX3ZlcmlmaWVkIjpmYWxzZSwic3ViIjoiOThhOGMxMzEtOTI2NS00NWQwLTk4YWEtZThjZGMwZGEyNDc1In0sInJvbGUiOiJhdXRoZW50aWNhdGVkIiwiYWFsIjoiYWFsMSIsImFtciI6W3sibWV0aG9kIjoicGFzc3dvcmQiLCJ0aW1lc3RhbXAiOjE3ODU5NTMxMDF9XSwic2Vzc2lvbl9pZCI6IjA3Y2M5ZWNjLTkzNGItNGE2My04MWM4LWRiYWNmNjIxYjg0NyIsImlzX2Fub255bW91cyI6ZmFsc2V9.EcO4I0kieP9B7Mok6n3q-nHNgl463ND9r_Xx5mj_ZR-w8fJZ5B4rzqDPl-07TEiuPU_bsOBn2g2YUVMszdjQPg[\r][\n]"
13:05:01.656 [main] DEBUG org.apache.http.wire -- http-outgoing-5 >> "apikey: eyJhbGciOiJIUzI1NiIsInR5cCI6IkpXVCJ9.eyJpc3MiOiJzdXBhYmFzZSIsInJlZiI6Indsc3hmamxheHh3Z25iaG10Z213Iiwicm9sZSI6ImFub24iLCJpYXQiOjE3ODI2OTk3NTEsImV4cCI6MjA5ODI3NTc1MX0.O6fe3bylzRtNmPYL1zXYo1mIhMBrG9vxvQgYP_Hw9DI[\r][\n]"
13:05:01.656 [main] DEBUG org.apache.http.wire -- http-outgoing-5 >> "Content-Type: application/json[\r][\n]"
13:05:01.656 [main] DEBUG org.apache.http.wire -- http-outgoing-5 >> "Cookie: __cf_bm=s7gKJcj0Tf9i6jOwI84YQzyUSoDvCRPQ755KnsSs52s-1785953101.185154-1.0.1.1-.GOKeIjrxuQo7YY9QA062aSC7tJj9f4PpssMs2PCBWEg5pQFKHiYaUaeTRrQM7PSULGY_.BRxccrXNiBJP3ua6dgVKHHy4.W0FaPwmofNvWT1N3gZyoIK7K4abAnj8Nf[\r][\n]"
13:05:01.656 [main] DEBUG org.apache.http.wire -- http-outgoing-5 >> "Host: wlsxfjlaxxwgnbhmtgmw.supabase.co[\r][\n]"
13:05:01.656 [main] DEBUG org.apache.http.wire -- http-outgoing-5 >> "Connection: Keep-Alive[\r][\n]"
13:05:01.656 [main] DEBUG org.apache.http.wire -- http-outgoing-5 >> "User-Agent: Apache-HttpClient/4.5.14 (Java/17.0.19)[\r][\n]"
13:05:01.656 [main] DEBUG org.apache.http.wire -- http-outgoing-5 >> "Accept-Encoding: gzip,deflate[\r][\n]"
13:05:01.656 [main] DEBUG org.apache.http.wire -- http-outgoing-5 >> "[\r][\n]"
13:05:02.382 [main] DEBUG org.apache.http.wire -- http-outgoing-5 << "HTTP/1.1 200 OK[\r][\n]"
13:05:02.382 [main] DEBUG org.apache.http.wire -- http-outgoing-5 << "Date: Wed, 05 Aug 2026 18:05:02 GMT[\r][\n]"
13:05:02.382 [main] DEBUG org.apache.http.wire -- http-outgoing-5 << "Content-Type: application/json[\r][\n]"
13:05:02.382 [main] DEBUG org.apache.http.wire -- http-outgoing-5 << "Transfer-Encoding: chunked[\r][\n]"
13:05:02.382 [main] DEBUG org.apache.http.wire -- http-outgoing-5 << "Connection: keep-alive[\r][\n]"
13:05:02.382 [main] DEBUG org.apache.http.wire -- http-outgoing-5 << "CF-Ray: a267ba472c027d6e-BOG[\r][\n]"
13:05:02.382 [main] DEBUG org.apache.http.wire -- http-outgoing-5 << "CF-Cache-Status: DYNAMIC[\r][\n]"
13:05:02.382 [main] DEBUG org.apache.http.wire -- http-outgoing-5 << "Access-Control-Allow-Origin: *[\r][\n]"
13:05:02.382 [main] DEBUG org.apache.http.wire -- http-outgoing-5 << "Content-Encoding: gzip[\r][\n]"
13:05:02.382 [main] DEBUG org.apache.http.wire -- http-outgoing-5 << "Server: cloudflare[\r][\n]"
13:05:02.382 [main] DEBUG org.apache.http.wire -- http-outgoing-5 << "Vary: Accept-Encoding[\r][\n]"
13:05:02.382 [main] DEBUG org.apache.http.wire -- http-outgoing-5 << "X-Content-Type-Options: nosniff[\r][\n]"
13:05:02.382 [main] DEBUG org.apache.http.wire -- http-outgoing-5 << "access-control-allow-headers: Content-Type, Authorization, X-Client-Info, Apikey[\r][\n]"
13:05:02.382 [main] DEBUG org.apache.http.wire -- http-outgoing-5 << "access-control-allow-methods: GET, POST, PUT, DELETE, OPTIONS[\r][\n]"
13:05:02.382 [main] DEBUG org.apache.http.wire -- http-outgoing-5 << "endpoint-load-metrics: application_utilization:11,named_metrics.queue_depth:11[\r][\n]"
13:05:02.382 [main] DEBUG org.apache.http.wire -- http-outgoing-5 << "sb-gateway-version: 1[\r][\n]"
13:05:02.383 [main] DEBUG org.apache.http.wire -- http-outgoing-5 << "sb-project-ref: wlsxfjlaxxwgnbhmtgmw[\r][\n]"
13:05:02.383 [main] DEBUG org.apache.http.wire -- http-outgoing-5 << "sb-request-id: 019fd319-a87c-7ee0-bc2a-c1a9f9114dcf[\r][\n]"
13:05:02.383 [main] DEBUG org.apache.http.wire -- http-outgoing-5 << "x-deno-execution-id: 7a80dedf-8f9e-4f42-b6a2-8cb14a045702[\r][\n]"
13:05:02.383 [main] DEBUG org.apache.http.wire -- http-outgoing-5 << "x-sb-edge-region: us-east-1[\r][\n]"
13:05:02.383 [main] DEBUG org.apache.http.wire -- http-outgoing-5 << "x-served-by: supabase-edge-runtime[\r][\n]"
13:05:02.383 [main] DEBUG org.apache.http.wire -- http-outgoing-5 << "Strict-Transport-Security: max-age=31536000; includeSubDomains; preload[\r][\n]"
13:05:02.383 [main] DEBUG org.apache.http.wire -- http-outgoing-5 << "alt-svc: h3=":443"; ma=86400[\r][\n]"
13:05:02.383 [main] DEBUG org.apache.http.wire -- http-outgoing-5 << "[\r][\n]"
13:05:02.383 [main] DEBUG org.apache.http.wire -- http-outgoing-5 << "29[\r][\n]"
13:05:02.383 [main] DEBUG org.apache.http.wire -- http-outgoing-5 << "[0x1f][0x8b][0x8][0x0][0x0][0x0][0x0][0x0][0x4][0xff][0xaa]VJLN[0xce]/[0xcd]+)V[0xb2][0x8a][0x8e][0xad][0x5][0x0][0x0][0x0][0xff][0xff][0x3][0x0][0xb][0xe5][0x19][0xc9][0xf][0x0][0x0][0x0][\r][\n]"
13:05:02.383 [main] DEBUG org.apache.http.headers -- http-outgoing-5 << HTTP/1.1 200 OK
13:05:02.383 [main] DEBUG org.apache.http.headers -- http-outgoing-5 << Date: Wed, 05 Aug 2026 18:05:02 GMT
13:05:02.383 [main] DEBUG org.apache.http.headers -- http-outgoing-5 << Content-Type: application/json
13:05:02.383 [main] DEBUG org.apache.http.headers -- http-outgoing-5 << Transfer-Encoding: chunked
13:05:02.383 [main] DEBUG org.apache.http.headers -- http-outgoing-5 << Connection: keep-alive
13:05:02.383 [main] DEBUG org.apache.http.headers -- http-outgoing-5 << CF-Ray: a267ba472c027d6e-BOG
13:05:02.383 [main] DEBUG org.apache.http.headers -- http-outgoing-5 << CF-Cache-Status: DYNAMIC
13:05:02.383 [main] DEBUG org.apache.http.headers -- http-outgoing-5 << Access-Control-Allow-Origin: *
13:05:02.383 [main] DEBUG org.apache.http.headers -- http-outgoing-5 << Content-Encoding: gzip
13:05:02.383 [main] DEBUG org.apache.http.headers -- http-outgoing-5 << Server: cloudflare
13:05:02.383 [main] DEBUG org.apache.http.headers -- http-outgoing-5 << Vary: Accept-Encoding
13:05:02.383 [main] DEBUG org.apache.http.headers -- http-outgoing-5 << X-Content-Type-Options: nosniff
13:05:02.383 [main] DEBUG org.apache.http.headers -- http-outgoing-5 << access-control-allow-headers: Content-Type, Authorization, X-Client-Info, Apikey
13:05:02.383 [main] DEBUG org.apache.http.headers -- http-outgoing-5 << access-control-allow-methods: GET, POST, PUT, DELETE, OPTIONS
13:05:02.383 [main] DEBUG org.apache.http.headers -- http-outgoing-5 << endpoint-load-metrics: application_utilization:11,named_metrics.queue_depth:11
13:05:02.383 [main] DEBUG org.apache.http.headers -- http-outgoing-5 << sb-gateway-version: 1
13:05:02.383 [main] DEBUG org.apache.http.headers -- http-outgoing-5 << sb-project-ref: wlsxfjlaxxwgnbhmtgmw
13:05:02.383 [main] DEBUG org.apache.http.headers -- http-outgoing-5 << sb-request-id: 019fd319-a87c-7ee0-bc2a-c1a9f9114dcf
13:05:02.383 [main] DEBUG org.apache.http.headers -- http-outgoing-5 << x-deno-execution-id: 7a80dedf-8f9e-4f42-b6a2-8cb14a045702
13:05:02.383 [main] DEBUG org.apache.http.headers -- http-outgoing-5 << x-sb-edge-region: us-east-1
13:05:02.383 [main] DEBUG org.apache.http.headers -- http-outgoing-5 << x-served-by: supabase-edge-runtime
13:05:02.383 [main] DEBUG org.apache.http.headers -- http-outgoing-5 << Strict-Transport-Security: max-age=31536000; includeSubDomains; preload
13:05:02.383 [main] DEBUG org.apache.http.headers -- http-outgoing-5 << alt-svc: h3=":443"; ma=86400
13:05:02.383 [main] DEBUG org.apache.http.impl.execchain.MainClientExec -- Connection can be kept alive indefinitely
13:05:02.384 [main] DEBUG org.apache.http.wire -- http-outgoing-5 << "0[\r][\n]"
13:05:02.384 [main] DEBUG org.apache.http.wire -- http-outgoing-5 << "[\r][\n]"
13:05:02.384 [main] DEBUG org.apache.http.impl.conn.PoolingHttpClientConnectionManager -- Connection [id: 5][route: {s}->https://wlsxfjlaxxwgnbhmtgmw.supabase.co:443] can be kept alive indefinitely
13:05:02.384 [main] DEBUG org.apache.http.impl.conn.DefaultManagedHttpClientConnection -- http-outgoing-5: set socket timeout to 0
13:05:02.384 [main] DEBUG org.apache.http.impl.conn.PoolingHttpClientConnectionManager -- Connection released: [id: 5][route: {s}->https://wlsxfjlaxxwgnbhmtgmw.supabase.co:443][total available: 1; route allocated: 1 of 5; total allocated: 1 of 10]
13:05:02.384 [main] DEBUG org.apache.http.impl.conn.PoolingHttpClientConnectionManager -- Connection manager is shutting down
13:05:02.384 [main] DEBUG org.apache.http.impl.conn.DefaultManagedHttpClientConnection -- http-outgoing-5: Close connection
13:05:02.385 [main] DEBUG org.apache.http.impl.conn.PoolingHttpClientConnectionManager -- Connection manager shut down
13:05:02.385 [main] DEBUG com.intuit.karate -- response time in milliseconds: 950
2 < 200
2 < Date: Wed, 05 Aug 2026 18:05:02 GMT
2 < Content-Type: application/json
2 < Transfer-Encoding: chunked
2 < Connection: keep-alive
2 < CF-Ray: a267ba472c027d6e-BOG
2 < CF-Cache-Status: DYNAMIC
2 < Access-Control-Allow-Origin: *
2 < Server: cloudflare
2 < Vary: Accept-Encoding
2 < X-Content-Type-Options: nosniff
2 < access-control-allow-headers: Content-Type, Authorization, X-Client-Info, Apikey
2 < access-control-allow-methods: GET, POST, PUT, DELETE, OPTIONS
2 < endpoint-load-metrics: application_utilization:11,named_metrics.queue_depth:11
2 < sb-gateway-version: 1
2 < sb-project-ref: wlsxfjlaxxwgnbhmtgmw
2 < sb-request-id: 019fd319-a87c-7ee0-bc2a-c1a9f9114dcf
2 < x-deno-execution-id: 7a80dedf-8f9e-4f42-b6a2-8cb14a045702
2 < x-sb-edge-region: us-east-1
2 < x-served-by: supabase-edge-runtime
2 < Strict-Transport-Security: max-age=31536000; includeSubDomains; preload
2 < alt-svc: h3=":443"; ma=86400
{"accounts":[]}

13:05:02.387 [main] DEBUG com.jayway.jsonpath.internal.path.CompiledPath -- Evaluating path: $
]]></system-out>
  </testcase>
  <testcase name="[2:26] Edge Function transfer responde a metodo no permitido" classname="features/health/health_check" time="1.573">
    <system-out><![CDATA[13:05:02.399 [main] INFO com.intuit.karate -- Usando configuración por defecto. 
13:05:02.400 [main] INFO com.intuit.karate -- Ambiente activo: qa 
13:05:02.401 [main] INFO com.intuit.karate -- Base URL final: https://wlsxfjlaxxwgnbhmtgmw.supabase.co 
13:05:02.404 [main] DEBUG com.jayway.jsonpath.internal.path.CompiledPath -- Evaluating path: $
13:05:02.406 [main] DEBUG org.apache.http.client.protocol.RequestAddCookies -- CookieSpec selected: karate
13:05:02.406 [main] DEBUG org.apache.http.client.protocol.RequestAuthCache -- Auth cache not set in the context
13:05:02.406 [main] DEBUG com.intuit.karate -- request:
1 > POST https://wlsxfjlaxxwgnbhmtgmw.supabase.co/auth/v1/signup
1 > apikey: eyJhbGciOiJIUzI1NiIsInR5cCI6IkpXVCJ9.eyJpc3MiOiJzdXBhYmFzZSIsInJlZiI6Indsc3hmamxheHh3Z25iaG10Z213Iiwicm9sZSI6ImFub24iLCJpYXQiOjE3ODI2OTk3NTEsImV4cCI6MjA5ODI3NTc1MX0.O6fe3bylzRtNmPYL1zXYo1mIhMBrG9vxvQgYP_Hw9DI
1 > Content-Type: application/json; charset=UTF-8
1 > Content-Length: 69
1 > Host: wlsxfjlaxxwgnbhmtgmw.supabase.co
1 > Connection: Keep-Alive
1 > User-Agent: Apache-HttpClient/4.5.14 (Java/17.0.19)
1 > Accept-Encoding: gzip,deflate
{"email":"health_2b7be09b@fintrack.dev","password":"TestPassword123"}

13:05:02.406 [main] DEBUG org.apache.http.impl.conn.PoolingHttpClientConnectionManager -- Connection request: [route: {s}->https://wlsxfjlaxxwgnbhmtgmw.supabase.co:443][total available: 0; route allocated: 0 of 5; total allocated: 0 of 10]
13:05:02.406 [main] DEBUG org.apache.http.impl.conn.PoolingHttpClientConnectionManager -- Connection leased: [id: 6][route: {s}->https://wlsxfjlaxxwgnbhmtgmw.supabase.co:443][total available: 0; route allocated: 1 of 5; total allocated: 1 of 10]
13:05:02.406 [main] DEBUG org.apache.http.impl.execchain.MainClientExec -- Opening connection {s}->https://wlsxfjlaxxwgnbhmtgmw.supabase.co:443
13:05:02.406 [main] DEBUG org.apache.http.impl.conn.DefaultHttpClientConnectionOperator -- Connecting to wlsxfjlaxxwgnbhmtgmw.supabase.co/172.64.149.246:443
13:05:02.406 [main] DEBUG org.apache.http.conn.ssl.SSLConnectionSocketFactory -- Connecting socket to wlsxfjlaxxwgnbhmtgmw.supabase.co/172.64.149.246:443 with timeout 30000
13:05:02.519 [main] DEBUG org.apache.http.conn.ssl.SSLConnectionSocketFactory -- Enabled protocols: [TLSv1.3, TLSv1.2]
13:05:02.519 [main] DEBUG org.apache.http.conn.ssl.SSLConnectionSocketFactory -- Enabled cipher suites:[TLS_AES_256_GCM_SHA384, TLS_AES_128_GCM_SHA256, TLS_CHACHA20_POLY1305_SHA256, TLS_ECDHE_ECDSA_WITH_AES_256_GCM_SHA384, TLS_ECDHE_ECDSA_WITH_AES_128_GCM_SHA256, TLS_ECDHE_ECDSA_WITH_CHACHA20_POLY1305_SHA256, TLS_ECDHE_RSA_WITH_AES_256_GCM_SHA384, TLS_ECDHE_RSA_WITH_CHACHA20_POLY1305_SHA256, TLS_ECDHE_RSA_WITH_AES_128_GCM_SHA256, TLS_DHE_RSA_WITH_AES_256_GCM_SHA384, TLS_DHE_RSA_WITH_CHACHA20_POLY1305_SHA256, TLS_DHE_DSS_WITH_AES_256_GCM_SHA384, TLS_DHE_RSA_WITH_AES_128_GCM_SHA256, TLS_DHE_DSS_WITH_AES_128_GCM_SHA256, TLS_ECDHE_ECDSA_WITH_AES_256_CBC_SHA384, TLS_ECDHE_RSA_WITH_AES_256_CBC_SHA384, TLS_ECDHE_ECDSA_WITH_AES_128_CBC_SHA256, TLS_ECDHE_RSA_WITH_AES_128_CBC_SHA256, TLS_DHE_RSA_WITH_AES_256_CBC_SHA256, TLS_DHE_DSS_WITH_AES_256_CBC_SHA256, TLS_DHE_RSA_WITH_AES_128_CBC_SHA256, TLS_DHE_DSS_WITH_AES_128_CBC_SHA256, TLS_ECDHE_ECDSA_WITH_AES_256_CBC_SHA, TLS_ECDHE_RSA_WITH_AES_256_CBC_SHA, TLS_ECDHE_ECDSA_WITH_AES_128_CBC_SHA, TLS_ECDHE_RSA_WITH_AES_128_CBC_SHA, TLS_DHE_RSA_WITH_AES_256_CBC_SHA, TLS_DHE_DSS_WITH_AES_256_CBC_SHA, TLS_DHE_RSA_WITH_AES_128_CBC_SHA, TLS_DHE_DSS_WITH_AES_128_CBC_SHA, TLS_EMPTY_RENEGOTIATION_INFO_SCSV]
13:05:02.519 [main] DEBUG org.apache.http.conn.ssl.SSLConnectionSocketFactory -- Starting handshake
13:05:02.745 [main] DEBUG org.apache.http.conn.ssl.SSLConnectionSocketFactory -- Secure session established
13:05:02.745 [main] DEBUG org.apache.http.conn.ssl.SSLConnectionSocketFactory --  negotiated protocol: TLSv1.3
13:05:02.745 [main] DEBUG org.apache.http.conn.ssl.SSLConnectionSocketFactory --  negotiated cipher suite: TLS_AES_256_GCM_SHA384
13:05:02.745 [main] DEBUG org.apache.http.conn.ssl.SSLConnectionSocketFactory --  peer principal: CN=supabase.co
13:05:02.745 [main] DEBUG org.apache.http.conn.ssl.SSLConnectionSocketFactory --  peer alternative names: [supabase.co, *.supabase.co]
13:05:02.745 [main] DEBUG org.apache.http.conn.ssl.SSLConnectionSocketFactory --  issuer principal: CN=WE1, O=Google Trust Services, C=US
13:05:02.745 [main] DEBUG org.apache.http.impl.conn.DefaultHttpClientConnectionOperator -- Connection established 192.168.0.111:56172<->172.64.149.246:443
13:05:02.745 [main] DEBUG org.apache.http.impl.conn.DefaultManagedHttpClientConnection -- http-outgoing-6: set socket timeout to 30000
13:05:02.745 [main] DEBUG org.apache.http.impl.execchain.MainClientExec -- Executing request POST /auth/v1/signup HTTP/1.1
13:05:02.745 [main] DEBUG org.apache.http.impl.execchain.MainClientExec -- Target auth state: UNCHALLENGED
13:05:02.745 [main] DEBUG org.apache.http.impl.execchain.MainClientExec -- Proxy auth state: UNCHALLENGED
13:05:02.745 [main] DEBUG org.apache.http.headers -- http-outgoing-6 >> POST /auth/v1/signup HTTP/1.1
13:05:02.745 [main] DEBUG org.apache.http.headers -- http-outgoing-6 >> apikey: eyJhbGciOiJIUzI1NiIsInR5cCI6IkpXVCJ9.eyJpc3MiOiJzdXBhYmFzZSIsInJlZiI6Indsc3hmamxheHh3Z25iaG10Z213Iiwicm9sZSI6ImFub24iLCJpYXQiOjE3ODI2OTk3NTEsImV4cCI6MjA5ODI3NTc1MX0.O6fe3bylzRtNmPYL1zXYo1mIhMBrG9vxvQgYP_Hw9DI
13:05:02.745 [main] DEBUG org.apache.http.headers -- http-outgoing-6 >> Content-Type: application/json; charset=UTF-8
13:05:02.745 [main] DEBUG org.apache.http.headers -- http-outgoing-6 >> Content-Length: 69
13:05:02.745 [main] DEBUG org.apache.http.headers -- http-outgoing-6 >> Host: wlsxfjlaxxwgnbhmtgmw.supabase.co
13:05:02.745 [main] DEBUG org.apache.http.headers -- http-outgoing-6 >> Connection: Keep-Alive
13:05:02.745 [main] DEBUG org.apache.http.headers -- http-outgoing-6 >> User-Agent: Apache-HttpClient/4.5.14 (Java/17.0.19)
13:05:02.745 [main] DEBUG org.apache.http.headers -- http-outgoing-6 >> Accept-Encoding: gzip,deflate
13:05:02.746 [main] DEBUG org.apache.http.wire -- http-outgoing-6 >> "POST /auth/v1/signup HTTP/1.1[\r][\n]"
13:05:02.746 [main] DEBUG org.apache.http.wire -- http-outgoing-6 >> "apikey: eyJhbGciOiJIUzI1NiIsInR5cCI6IkpXVCJ9.eyJpc3MiOiJzdXBhYmFzZSIsInJlZiI6Indsc3hmamxheHh3Z25iaG10Z213Iiwicm9sZSI6ImFub24iLCJpYXQiOjE3ODI2OTk3NTEsImV4cCI6MjA5ODI3NTc1MX0.O6fe3bylzRtNmPYL1zXYo1mIhMBrG9vxvQgYP_Hw9DI[\r][\n]"
13:05:02.746 [main] DEBUG org.apache.http.wire -- http-outgoing-6 >> "Content-Type: application/json; charset=UTF-8[\r][\n]"
13:05:02.746 [main] DEBUG org.apache.http.wire -- http-outgoing-6 >> "Content-Length: 69[\r][\n]"
13:05:02.746 [main] DEBUG org.apache.http.wire -- http-outgoing-6 >> "Host: wlsxfjlaxxwgnbhmtgmw.supabase.co[\r][\n]"
13:05:02.746 [main] DEBUG org.apache.http.wire -- http-outgoing-6 >> "Connection: Keep-Alive[\r][\n]"
13:05:02.746 [main] DEBUG org.apache.http.wire -- http-outgoing-6 >> "User-Agent: Apache-HttpClient/4.5.14 (Java/17.0.19)[\r][\n]"
13:05:02.746 [main] DEBUG org.apache.http.wire -- http-outgoing-6 >> "Accept-Encoding: gzip,deflate[\r][\n]"
13:05:02.746 [main] DEBUG org.apache.http.wire -- http-outgoing-6 >> "[\r][\n]"
13:05:02.746 [main] DEBUG org.apache.http.wire -- http-outgoing-6 >> "{"email":"health_2b7be09b@fintrack.dev","password":"TestPassword123"}"
13:05:03.023 [main] DEBUG org.apache.http.wire -- http-outgoing-6 << "HTTP/1.1 200 OK[\r][\n]"
13:05:03.023 [main] DEBUG org.apache.http.wire -- http-outgoing-6 << "Date: Wed, 05 Aug 2026 18:05:03 GMT[\r][\n]"
13:05:03.023 [main] DEBUG org.apache.http.wire -- http-outgoing-6 << "Content-Type: application/json[\r][\n]"
13:05:03.023 [main] DEBUG org.apache.http.wire -- http-outgoing-6 << "Transfer-Encoding: chunked[\r][\n]"
13:05:03.023 [main] DEBUG org.apache.http.wire -- http-outgoing-6 << "Connection: keep-alive[\r][\n]"
13:05:03.023 [main] DEBUG org.apache.http.wire -- http-outgoing-6 << "CF-Ray: a267ba4dce1e7b05-BOG[\r][\n]"
13:05:03.023 [main] DEBUG org.apache.http.wire -- http-outgoing-6 << "CF-Cache-Status: DYNAMIC[\r][\n]"
13:05:03.023 [main] DEBUG org.apache.http.wire -- http-outgoing-6 << "Content-Encoding: gzip[\r][\n]"
13:05:03.023 [main] DEBUG org.apache.http.wire -- http-outgoing-6 << "Server: cloudflare[\r][\n]"
13:05:03.023 [main] DEBUG org.apache.http.wire -- http-outgoing-6 << "Strict-Transport-Security: max-age=31536000; includeSubDomains; preload[\r][\n]"
13:05:03.023 [main] DEBUG org.apache.http.wire -- http-outgoing-6 << "Vary: Origin, Accept-Encoding[\r][\n]"
13:05:03.023 [main] DEBUG org.apache.http.wire -- http-outgoing-6 << "X-Content-Type-Options: nosniff[\r][\n]"
13:05:03.023 [main] DEBUG org.apache.http.wire -- http-outgoing-6 << "sb-auth-refresh-token-prefix: 3c2yt[\r][\n]"
13:05:03.023 [main] DEBUG org.apache.http.wire -- http-outgoing-6 << "sb-auth-session-id: 1847083b-5bc1-4e15-bc03-9e3d53983e3c[\r][\n]"
13:05:03.023 [main] DEBUG org.apache.http.wire -- http-outgoing-6 << "sb-auth-user-id: 9024892f-466b-4a19-946d-856355d64ce5[\r][\n]"
13:05:03.023 [main] DEBUG org.apache.http.wire -- http-outgoing-6 << "sb-gateway-version: 1[\r][\n]"
13:05:03.023 [main] DEBUG org.apache.http.wire -- http-outgoing-6 << "sb-project-ref: wlsxfjlaxxwgnbhmtgmw[\r][\n]"
13:05:03.023 [main] DEBUG org.apache.http.wire -- http-outgoing-6 << "sb-request-id: 019fd319-aca2-7a7f-93c3-e53d1ebda024[\r][\n]"
13:05:03.023 [main] DEBUG org.apache.http.wire -- http-outgoing-6 << "x-envoy-attempt-count: 1[\r][\n]"
13:05:03.023 [main] DEBUG org.apache.http.wire -- http-outgoing-6 << "x-envoy-upstream-service-time: 91[\r][\n]"
13:05:03.023 [main] DEBUG org.apache.http.wire -- http-outgoing-6 << "set-cookie: __cf_bm=io6lUYF8cXeSIz2A87u1KuyLV7QSJIXEmy.opnl1XqE-1785953103.0072017-1.0.1.1-gERjlE5jcKv4He9ZOc4Muj3VXuB2JANIYqdWEMzt92jK47KLT2Vt3hQDulm2Y46jWTzo18kc.NZ03O3YkBRQKmKOAZeSYqJKQnNzXtyRgwkN4SEV1VNrogQ0EU4Pez0g; HttpOnly; SameSite=None; Secure; Path=/; Domain=supabase.co; Expires=Wed, 05 Aug 2026 18:35:03 GMT[\r][\n]"
13:05:03.023 [main] DEBUG org.apache.http.wire -- http-outgoing-6 << "alt-svc: h3=":443"; ma=86400[\r][\n]"
13:05:03.024 [main] DEBUG org.apache.http.wire -- http-outgoing-6 << "[\r][\n]"
13:05:03.024 [main] DEBUG org.apache.http.wire -- http-outgoing-6 << "45c[\r][\n]"
13:05:03.024 [main] DEBUG org.apache.http.wire -- http-outgoing-6 << "[0x1f][0x8b][0x8][0x0][0x0][0x0][0x0][0x0][0x0][0x3][0xcc]T[0xdb]r[0xa3]8[0x10][0xfd][0x17]?[0xc7])![0x1][0x6]?m[0x12][0xdb][0x4][0x97][0x81]1[0xe1][0xbe]5[0xe5][0x2][0x9][0x7]an[0x1]|[0x81]T[0xfe]}%O&[0xb3][0xbb]5;[0x95]y[0xdb][0x7][0x97][0xa1][0xd5][0xa7][0xfb][0xf4][0xe9]#^'1[0xc6]i[0xd7][0xed][0xfa][0xfa][0x90]V[0x93][0xf9]$[0x1d][0xd6]Y[0xa2]aj[0xd1][0xf5][0xca][0x1d]u[0xc1][0xa4]z[0xa7][0x97]}[0x13]=[0xe8][0xb2]^[0xda]yT[0xae]h[0xe8][0xe8][0xc2][0xc6][0xc1]C8[0xba][0xbd][0xb9]XB[0x93][0x2][0xd1]r"[0xba]a?c\^[0xac][0xc5][0xdd]`[0xe6]^a[0xc][0xc][[0xd9][0x12][0xe6][0xd8]C[0x13]x[0xf]k[0xf5][0x96]5h02x[0x83][0x9a]<[0xda]g<[0xd6][0xa7][\r]"[0x1d]FY[0x19][0x97][0x97],}[0xcc]P[0x4]%[0x1a]k[0x2][0x88][0xa0][0x80]6[0x95])`[0x8d]5[\r][0xcc]bS[0x9a][0xa7][\r]\[0x9]D{>[0x91]|I7[0xf][0xeb][0x91][0xf8]:[0xab][0xa5]K[0xc6]B[0x7][0xd6][0xe2]0D[0x14][0x0]3[0xe7]d[0xec][0xcc]p[0xe][0xbd][0xe5]la[0xf4][0x0]D[0xd3][0x9]G[0xd3][0xf1][0xe]f[0xce][0x86]p\[0x8e][0xcd][0x88][0xbf][0xe5]<2[0x12][0xd8]u[0xe4]K [0xf6][0xcd][0x8c]h[0xde]A[0xa7]g[0x1a][0x5][0xd9]Y[0xcf][0xeb][0x8b]9>[0xb][0x96][0xe3]Bs[0xbc][0x1b][0x19][0xa6][0x9][0x3][0x86][0xc9][0x97][0xc8]Z[0xb8][0x92][0xe9][0x18][0x17]ca0[0x81][0xbc]>[0xf4][0x8b][0x8e][0xe5]3"
13:05:03.024 [main] DEBUG org.apache.http.headers -- http-outgoing-6 << HTTP/1.1 200 OK
13:05:03.024 [main] DEBUG org.apache.http.headers -- http-outgoing-6 << Date: Wed, 05 Aug 2026 18:05:03 GMT
13:05:03.024 [main] DEBUG org.apache.http.headers -- http-outgoing-6 << Content-Type: application/json
13:05:03.024 [main] DEBUG org.apache.http.headers -- http-outgoing-6 << Transfer-Encoding: chunked
13:05:03.024 [main] DEBUG org.apache.http.headers -- http-outgoing-6 << Connection: keep-alive
13:05:03.024 [main] DEBUG org.apache.http.headers -- http-outgoing-6 << CF-Ray: a267ba4dce1e7b05-BOG
13:05:03.024 [main] DEBUG org.apache.http.headers -- http-outgoing-6 << CF-Cache-Status: DYNAMIC
13:05:03.024 [main] DEBUG org.apache.http.headers -- http-outgoing-6 << Content-Encoding: gzip
13:05:03.024 [main] DEBUG org.apache.http.headers -- http-outgoing-6 << Server: cloudflare
13:05:03.024 [main] DEBUG org.apache.http.headers -- http-outgoing-6 << Strict-Transport-Security: max-age=31536000; includeSubDomains; preload
13:05:03.024 [main] DEBUG org.apache.http.headers -- http-outgoing-6 << Vary: Origin, Accept-Encoding
13:05:03.024 [main] DEBUG org.apache.http.headers -- http-outgoing-6 << X-Content-Type-Options: nosniff
13:05:03.024 [main] DEBUG org.apache.http.headers -- http-outgoing-6 << sb-auth-refresh-token-prefix: 3c2yt
13:05:03.024 [main] DEBUG org.apache.http.headers -- http-outgoing-6 << sb-auth-session-id: 1847083b-5bc1-4e15-bc03-9e3d53983e3c
13:05:03.024 [main] DEBUG org.apache.http.headers -- http-outgoing-6 << sb-auth-user-id: 9024892f-466b-4a19-946d-856355d64ce5
13:05:03.024 [main] DEBUG org.apache.http.headers -- http-outgoing-6 << sb-gateway-version: 1
13:05:03.024 [main] DEBUG org.apache.http.headers -- http-outgoing-6 << sb-project-ref: wlsxfjlaxxwgnbhmtgmw
13:05:03.024 [main] DEBUG org.apache.http.headers -- http-outgoing-6 << sb-request-id: 019fd319-aca2-7a7f-93c3-e53d1ebda024
13:05:03.024 [main] DEBUG org.apache.http.headers -- http-outgoing-6 << x-envoy-attempt-count: 1
13:05:03.024 [main] DEBUG org.apache.http.headers -- http-outgoing-6 << x-envoy-upstream-service-time: 91
13:05:03.024 [main] DEBUG org.apache.http.headers -- http-outgoing-6 << set-cookie: __cf_bm=io6lUYF8cXeSIz2A87u1KuyLV7QSJIXEmy.opnl1XqE-1785953103.0072017-1.0.1.1-gERjlE5jcKv4He9ZOc4Muj3VXuB2JANIYqdWEMzt92jK47KLT2Vt3hQDulm2Y46jWTzo18kc.NZ03O3YkBRQKmKOAZeSYqJKQnNzXtyRgwkN4SEV1VNrogQ0EU4Pez0g; HttpOnly; SameSite=None; Secure; Path=/; Domain=supabase.co; Expires=Wed, 05 Aug 2026 18:35:03 GMT
13:05:03.024 [main] DEBUG org.apache.http.headers -- http-outgoing-6 << alt-svc: h3=":443"; ma=86400
13:05:03.024 [main] DEBUG org.apache.http.impl.execchain.MainClientExec -- Connection can be kept alive indefinitely
13:05:03.025 [main] DEBUG org.apache.http.client.protocol.ResponseProcessCookies -- Cookie accepted [__cf_bm="io6lUYF8cXeSIz2A87u1KuyLV7QSJIXEmy.opnl1XqE-1785953103.0072017-1.0.1.1-gERjlE5jcKv4He9ZOc4Muj3VXuB2J...", version:0, domain:supabase.co, path:/, expiry:Wed Aug 05 13:35:03 COT 2026]
13:05:03.025 [main] DEBUG org.apache.http.wire -- http-outgoing-6 << "[0xde]^[0x96]<[0xda]u0[0xae][0xa9][0x9][0xd7][0x85][0xb1]([0xe8]V[0x8b][0x9a][0xa4][0xb2][0x87][0xd0]7[0xdb]Mi[0x17][0x84][0x8b]Z[0xdd][0xd7][0x9][0x94][\n]"
13:05:03.025 [main] DEBUG org.apache.http.wire -- http-outgoing-6 << "[0x8e][0xe1][0xfd][0xc2][0xe0][0xfe][0x1c]@[0xa1] [0xda][0xea][0x10][0x6]v[0xa6][0xe7][0xcd][0x8c][0xe5][0xc][0x9][0x8a][0x9a]H[0xf3][0x6][0x9e][0x17][0xf9]B[0x16][0xfb]g[0xce][0xfd][0x8c]K[0x15][0xc6][0xbe]][0xe0][0x8a]iYt[0x1f]gA[0x0]Xmo[0x8c][0x82][0xf5]>[0xf1]=[0x10][0xfa]6[0x9b]iI[0xad][0xea]G[0xe][0xd7]>[0xf2]W[0x1d][0xd1][0xb2][0xbd]Q[0xea](,[0xdd][0xb3][0xe5][0xaf][0xef][0xa2][0xb2]8[0x92][0xc7]u[0x16][0xc2][0xee][0xc8]z[0xc2][0xab][0xe]W[0xcc]eOJo[0x88]}[0xc6][0x85]k[0xc6]f![0xbe][0xfb]1C[0x80][0xa2][0x2][0x97]E[0x19][0xfb]L[0xbb][0xbc])C[0xff]2FOg[0x8a][0x91]G9o[0xcb]a[0x86]X<KF[0x19]2[0xc3][0x84]0d;[\n]"
13:05:03.025 [main] DEBUG org.apache.http.wire -- http-outgoing-6 << "[0x9d][0xa5][0xb4]q[0xe][0xc0],[0xb7]=[0xd3][0x12][0x1a][0xa3]+D[0x8b][0x10][0x84][0xd0][0x15][0xf4][0x8a][0xcf][0xb0]>%[0x9a][0xfb][0x9f][0xfb][0x9][0x19]^[0x9b][0xff][0x1b]O[0xdc][0xa4][0xab][0x1e]S][0xf6]QG[0xf9][0xdc][0xb1][0xa6][0x1e][0xf8]9[0xf3][0xce][0x88][0x11]9[0xe1]r[0xcb]uc5[0x84][0x2]#;K[0x82][0xbb][0xed][0xd1]T[0x3][0xce][0x19]z#[0x86][0xc5]))[0xd4]o[0xa6][0xcf][0x97][0xa2][0xb9][0xc0]gka2Oy4[0x1c][0x97][0xbd][0xa9][0xb9][0x17][0xf3]I`[0xcf][0xcc][0x13]NQ[0x18]p+[0x18][0xe3]A4[0xa0];[0x86][0xdc][0xf4]e1[0x6]pud[0xda]H[0x89][0xaf][\n]"
13:05:03.025 [main] DEBUG org.apache.http.wire -- http-outgoing-6 << "x[0xd0]evq:V[[0xbd]][0xea]PnT[0x0]W[0xd9][0xd3][0x17]3[0xec][0xdc][0x96]XZ2[0x8b][ep[0xd7]w[0xdb][0xb3][0xd1][0x84][0xd3][0x97][0xac][0xe][0xa3][0xd3][0xe6][0x8b][0x5][0x9d][0xc7][0x8d][0xa2][0xa0][0xfb][0xb1]|[0xb2][0xda][0xed][0xcb][0x3][0xdd]tO[0x87]X[0xf5][0xb4][0xfc][0x84][0xf2][0xf3][0x8b][0xa2][0x98][0xd1][0x8b]*[0xcd][0x14][0xfb]<[0xb9][0x99]\[0xaf][0xf0][0xae][0x1f][0x9a][0x94][0xdd][0xe3]$[0x8d][0xdb][0xb4]e[0xd1][0xf4][0xd2][0xd0]6[0xed]v[0x94][0xdd]n$[0x3][0xf0]#[0x12][0xf7][0x93][0xb9]0S$U[0x92]g[0x0][0xdd]L[0xda]t[0xcf][0xc2][0xd9][0xc7][0xa7][0x0]a8[0xf4][0xf9][0xa9]|.[0x6][0x89][0x15]:v[0xac][0xde][0xfc]uB[0x9];c[0xfc]EE[0x85][0xfb][0xa9]([0xcb][0xc9]T[0x8c][0x5]u[0xaa][0x8a]2[0x99]*[0x92][0x8c]$[0x89][0xc8]"N9&>[0xf2][0xe4][0xf8][0xd8]gi[0xd5]S[0x1c][0xf7])a[0xd1][0xb6].[0xd2][0x9f][0x84][0xd3]2[0xa6][0x5][0x8b]gi\[0xf4][0xd9][0xe]&[0xb3]$[0x5]j[0xf2][0xc7][0x9e]V}[0x1b][0xe3][0xc3]-IO[0xdf][0xd3]v[0xb8][0xae][0xf6][0xb4]-Sr[0x1d]c[0x2][0x1][0x94][0xa7]@[0x99][0x2][0xc9][0x11][0x94]9[0x90][0xe6][0x0][0xdd][\n]"
13:05:03.025 [main] DEBUG org.apache.http.wire -- http-outgoing-6 << "[0xa2][0x2] [0x9c][0x1]%b[0xa8]&[0xab]+[0xde][0x94]=[0x16]q[0xd7][0xef]:[0xfa]\1M~[0x81][0x96][0x0]T[0x14]E@[0x1c][0x1d]7[0xcd][0xae]L[0xfb][0x98][0xc4]}[0xcc]5h[0xda][0xfa]D[0x9][0xd7][0xe3][0x9d][0xf5][0xcd]G[0xa8][0x9b][0xcc][0xff]|[0xf]~}[0xfb][0xa6][0xda]?[0xa0][0xbf]5[0xe5])m[0xe9][0x9e]2u[0xe6]}{L[0xdf][0xa7][0xf8][t[0x1f][0x17][0x1d][0xb]w[0xc7][0xe4][0xb3];a[0x94][0x18]K[0xa6]zOSN[0xf5][0xf5][0xfb][0xeb][0xb0][0xbb].v[0x8f][0x92][0x14][0x11]8[0x9b][0xee]E[0x4][0xa6]b[0x2][0xd1]4[0x91]$<U[0x15][0x95]E[0x81],[0xed]eyr[0xf3][&[0xb8]J[0xf0];[0x80][0xf]F[0xff][0x1f][0xcd]~[0xb2][0xf0]O[0xda]H[0x94]dQ[0x14]d[0x81][0xdb][0x8][0xb7])[0xf7][0xfa][0xaf][0xb3]U[0xc8]S[0x8f][\r][0xf9]l[0xea][0xa7][0xd4]y[0xfb][0xfa][0xa9][0xf6][0x8]H[0xea][0xe7][0xda]KP[0x10][0xaf]CQ[0xf6]%[0xa9][0xea]j([0xeb]c[0xf7][0xae][0xee][0xdb][0xdb]_[0x0][0x0][0x0][0xff][0xff][0x3][0x0][0xce][0x86][0xdd][0xe0]X[0x8][0x0][0x0][\r][\n]"
13:05:03.025 [main] DEBUG org.apache.http.wire -- http-outgoing-6 << "0[\r][\n]"
13:05:03.025 [main] DEBUG org.apache.http.wire -- http-outgoing-6 << "[\r][\n]"
13:05:03.025 [main] DEBUG org.apache.http.impl.conn.PoolingHttpClientConnectionManager -- Connection [id: 6][route: {s}->https://wlsxfjlaxxwgnbhmtgmw.supabase.co:443] can be kept alive indefinitely
13:05:03.025 [main] DEBUG org.apache.http.impl.conn.DefaultManagedHttpClientConnection -- http-outgoing-6: set socket timeout to 0
13:05:03.025 [main] DEBUG org.apache.http.impl.conn.PoolingHttpClientConnectionManager -- Connection released: [id: 6][route: {s}->https://wlsxfjlaxxwgnbhmtgmw.supabase.co:443][total available: 1; route allocated: 1 of 5; total allocated: 1 of 10]
13:05:03.026 [main] DEBUG org.apache.http.impl.conn.PoolingHttpClientConnectionManager -- Connection manager is shutting down
13:05:03.026 [main] DEBUG org.apache.http.impl.conn.DefaultManagedHttpClientConnection -- http-outgoing-6: Close connection
13:05:03.026 [main] DEBUG org.apache.http.impl.conn.PoolingHttpClientConnectionManager -- Connection manager shut down
13:05:03.026 [main] DEBUG com.intuit.karate -- response time in milliseconds: 620
1 < 200
1 < Date: Wed, 05 Aug 2026 18:05:03 GMT
1 < Content-Type: application/json
1 < Transfer-Encoding: chunked
1 < Connection: keep-alive
1 < CF-Ray: a267ba4dce1e7b05-BOG
1 < CF-Cache-Status: DYNAMIC
1 < Server: cloudflare
1 < Strict-Transport-Security: max-age=31536000; includeSubDomains; preload
1 < Vary: Origin, Accept-Encoding
1 < X-Content-Type-Options: nosniff
1 < sb-auth-refresh-token-prefix: 3c2yt
1 < sb-auth-session-id: 1847083b-5bc1-4e15-bc03-9e3d53983e3c
1 < sb-auth-user-id: 9024892f-466b-4a19-946d-856355d64ce5
1 < sb-gateway-version: 1
1 < sb-project-ref: wlsxfjlaxxwgnbhmtgmw
1 < sb-request-id: 019fd319-aca2-7a7f-93c3-e53d1ebda024
1 < x-envoy-attempt-count: 1
1 < x-envoy-upstream-service-time: 91
1 < set-cookie: __cf_bm=io6lUYF8cXeSIz2A87u1KuyLV7QSJIXEmy.opnl1XqE-1785953103.0072017-1.0.1.1-gERjlE5jcKv4He9ZOc4Muj3VXuB2JANIYqdWEMzt92jK47KLT2Vt3hQDulm2Y46jWTzo18kc.NZ03O3YkBRQKmKOAZeSYqJKQnNzXtyRgwkN4SEV1VNrogQ0EU4Pez0g; HttpOnly; SameSite=None; Secure; Path=/; Domain=supabase.co; Expires=Wed, 05 Aug 2026 18:35:03 GMT
1 < alt-svc: h3=":443"; ma=86400
1 < Set-Cookie: __cf_bm=io6lUYF8cXeSIz2A87u1KuyLV7QSJIXEmy.opnl1XqE-1785953103.0072017-1.0.1.1-gERjlE5jcKv4He9ZOc4Muj3VXuB2JANIYqdWEMzt92jK47KLT2Vt3hQDulm2Y46jWTzo18kc.NZ03O3YkBRQKmKOAZeSYqJKQnNzXtyRgwkN4SEV1VNrogQ0EU4Pez0g; HttpOnly; SameSite=None; Secure; Path=/; Domain=supabase.co; Expires=Wed, 05 Aug 2026 18:35:03 GMT
{"access_token":"eyJhbGciOiJFUzI1NiIsImtpZCI6ImRjZmFiYTI1LTcyYzUtNDE2Ni04OTZiLTZiMzExODAyNjVlMyIsInR5cCI6IkpXVCJ9.eyJpc3MiOiJodHRwczovL3dsc3hmamxheHh3Z25iaG10Z213LnN1cGFiYXNlLmNvL2F1dGgvdjEiLCJzdWIiOiI5MDI0ODkyZi00NjZiLTRhMTktOTQ2ZC04NTYzNTVkNjRjZTUiLCJhdWQiOiJhdXRoZW50aWNhdGVkIiwiZXhwIjoxNzg1OTU2NzAzLCJpYXQiOjE3ODU5NTMxMDMsImVtYWlsIjoiaGVhbHRoXzJiN2JlMDliQGZpbnRyYWNrLmRldiIsInBob25lIjoiIiwiYXBwX21ldGFkYXRhIjp7InByb3ZpZGVyIjoiZW1haWwiLCJwcm92aWRlcnMiOlsiZW1haWwiXX0sInVzZXJfbWV0YWRhdGEiOnsiZW1haWwiOiJoZWFsdGhfMmI3YmUwOWJAZmludHJhY2suZGV2IiwiZW1haWxfdmVyaWZpZWQiOnRydWUsInBob25lX3ZlcmlmaWVkIjpmYWxzZSwic3ViIjoiOTAyNDg5MmYtNDY2Yi00YTE5LTk0NmQtODU2MzU1ZDY0Y2U1In0sInJvbGUiOiJhdXRoZW50aWNhdGVkIiwiYWFsIjoiYWFsMSIsImFtciI6W3sibWV0aG9kIjoicGFzc3dvcmQiLCJ0aW1lc3RhbXAiOjE3ODU5NTMxMDN9XSwic2Vzc2lvbl9pZCI6IjE4NDcwODNiLTViYzEtNGUxNS1iYzAzLTllM2Q1Mzk4M2UzYyIsImlzX2Fub255bW91cyI6ZmFsc2V9.EI26p902FhSPNYsUrdOGb7ar8yUJAQwMpY-qhoYZvLPO2THL883BzmSOrQqCiLsSka9VGjv3jwq88NZq9578Rw","token_type":"bearer","expires_in":3600,"expires_at":1785956703,"refresh_token":"3c2ytjvmgly5","user":{"id":"9024892f-466b-4a19-946d-856355d64ce5","aud":"authenticated","role":"authenticated","email":"health_2b7be09b@fintrack.dev","email_confirmed_at":"2026-08-05T18:05:03.148022708Z","phone":"","last_sign_in_at":"2026-08-05T18:05:03.150288813Z","app_metadata":{"provider":"email","providers":["email"]},"user_metadata":{"email":"health_2b7be09b@fintrack.dev","email_verified":true,"phone_verified":false,"sub":"9024892f-466b-4a19-946d-856355d64ce5"},"identities":[{"identity_id":"f3be3d27-f430-4b23-b55c-989d27065f66","id":"9024892f-466b-4a19-946d-856355d64ce5","user_id":"9024892f-466b-4a19-946d-856355d64ce5","identity_data":{"email":"health_2b7be09b@fintrack.dev","email_verified":true,"phone_verified":false,"sub":"9024892f-466b-4a19-946d-856355d64ce5"},"provider":"email","last_sign_in_at":"2026-08-05T18:05:03.145644161Z","created_at":"2026-08-05T18:05:03.145692Z","updated_at":"2026-08-05T18:05:03.145692Z","email":"health_2b7be09b@fintrack.dev"}],"created_at":"2026-08-05T18:05:03.143059Z","updated_at":"2026-08-05T18:05:03.152141Z","is_anonymous":false}}

13:05:03.031 [main] DEBUG org.apache.http.client.protocol.RequestAddCookies -- CookieSpec selected: karate
13:05:03.031 [main] DEBUG org.apache.http.client.protocol.RequestAuthCache -- Auth cache not set in the context
13:05:03.031 [main] DEBUG com.intuit.karate -- request:
2 > GET https://wlsxfjlaxxwgnbhmtgmw.supabase.co/functions/v1/transfer
2 > Authorization: Bearer eyJhbGciOiJFUzI1NiIsImtpZCI6ImRjZmFiYTI1LTcyYzUtNDE2Ni04OTZiLTZiMzExODAyNjVlMyIsInR5cCI6IkpXVCJ9.eyJpc3MiOiJodHRwczovL3dsc3hmamxheHh3Z25iaG10Z213LnN1cGFiYXNlLmNvL2F1dGgvdjEiLCJzdWIiOiI5MDI0ODkyZi00NjZiLTRhMTktOTQ2ZC04NTYzNTVkNjRjZTUiLCJhdWQiOiJhdXRoZW50aWNhdGVkIiwiZXhwIjoxNzg1OTU2NzAzLCJpYXQiOjE3ODU5NTMxMDMsImVtYWlsIjoiaGVhbHRoXzJiN2JlMDliQGZpbnRyYWNrLmRldiIsInBob25lIjoiIiwiYXBwX21ldGFkYXRhIjp7InByb3ZpZGVyIjoiZW1haWwiLCJwcm92aWRlcnMiOlsiZW1haWwiXX0sInVzZXJfbWV0YWRhdGEiOnsiZW1haWwiOiJoZWFsdGhfMmI3YmUwOWJAZmludHJhY2suZGV2IiwiZW1haWxfdmVyaWZpZWQiOnRydWUsInBob25lX3ZlcmlmaWVkIjpmYWxzZSwic3ViIjoiOTAyNDg5MmYtNDY2Yi00YTE5LTk0NmQtODU2MzU1ZDY0Y2U1In0sInJvbGUiOiJhdXRoZW50aWNhdGVkIiwiYWFsIjoiYWFsMSIsImFtciI6W3sibWV0aG9kIjoicGFzc3dvcmQiLCJ0aW1lc3RhbXAiOjE3ODU5NTMxMDN9XSwic2Vzc2lvbl9pZCI6IjE4NDcwODNiLTViYzEtNGUxNS1iYzAzLTllM2Q1Mzk4M2UzYyIsImlzX2Fub255bW91cyI6ZmFsc2V9.EI26p902FhSPNYsUrdOGb7ar8yUJAQwMpY-qhoYZvLPO2THL883BzmSOrQqCiLsSka9VGjv3jwq88NZq9578Rw
2 > apikey: eyJhbGciOiJIUzI1NiIsInR5cCI6IkpXVCJ9.eyJpc3MiOiJzdXBhYmFzZSIsInJlZiI6Indsc3hmamxheHh3Z25iaG10Z213Iiwicm9sZSI6ImFub24iLCJpYXQiOjE3ODI2OTk3NTEsImV4cCI6MjA5ODI3NTc1MX0.O6fe3bylzRtNmPYL1zXYo1mIhMBrG9vxvQgYP_Hw9DI
2 > Content-Type: application/json
2 > Cookie: __cf_bm=io6lUYF8cXeSIz2A87u1KuyLV7QSJIXEmy.opnl1XqE-1785953103.0072017-1.0.1.1-gERjlE5jcKv4He9ZOc4Muj3VXuB2JANIYqdWEMzt92jK47KLT2Vt3hQDulm2Y46jWTzo18kc.NZ03O3YkBRQKmKOAZeSYqJKQnNzXtyRgwkN4SEV1VNrogQ0EU4Pez0g
2 > Host: wlsxfjlaxxwgnbhmtgmw.supabase.co
2 > Connection: Keep-Alive
2 > User-Agent: Apache-HttpClient/4.5.14 (Java/17.0.19)
2 > Accept-Encoding: gzip,deflate


13:05:03.031 [main] DEBUG org.apache.http.impl.conn.PoolingHttpClientConnectionManager -- Connection request: [route: {s}->https://wlsxfjlaxxwgnbhmtgmw.supabase.co:443][total available: 0; route allocated: 0 of 5; total allocated: 0 of 10]
13:05:03.032 [main] DEBUG org.apache.http.impl.conn.PoolingHttpClientConnectionManager -- Connection leased: [id: 7][route: {s}->https://wlsxfjlaxxwgnbhmtgmw.supabase.co:443][total available: 0; route allocated: 1 of 5; total allocated: 1 of 10]
13:05:03.032 [main] DEBUG org.apache.http.impl.execchain.MainClientExec -- Opening connection {s}->https://wlsxfjlaxxwgnbhmtgmw.supabase.co:443
13:05:03.032 [main] DEBUG org.apache.http.impl.conn.DefaultHttpClientConnectionOperator -- Connecting to wlsxfjlaxxwgnbhmtgmw.supabase.co/172.64.149.246:443
13:05:03.032 [main] DEBUG org.apache.http.conn.ssl.SSLConnectionSocketFactory -- Connecting socket to wlsxfjlaxxwgnbhmtgmw.supabase.co/172.64.149.246:443 with timeout 30000
13:05:03.097 [main] DEBUG org.apache.http.conn.ssl.SSLConnectionSocketFactory -- Enabled protocols: [TLSv1.3, TLSv1.2]
13:05:03.097 [main] DEBUG org.apache.http.conn.ssl.SSLConnectionSocketFactory -- Enabled cipher suites:[TLS_AES_256_GCM_SHA384, TLS_AES_128_GCM_SHA256, TLS_CHACHA20_POLY1305_SHA256, TLS_ECDHE_ECDSA_WITH_AES_256_GCM_SHA384, TLS_ECDHE_ECDSA_WITH_AES_128_GCM_SHA256, TLS_ECDHE_ECDSA_WITH_CHACHA20_POLY1305_SHA256, TLS_ECDHE_RSA_WITH_AES_256_GCM_SHA384, TLS_ECDHE_RSA_WITH_CHACHA20_POLY1305_SHA256, TLS_ECDHE_RSA_WITH_AES_128_GCM_SHA256, TLS_DHE_RSA_WITH_AES_256_GCM_SHA384, TLS_DHE_RSA_WITH_CHACHA20_POLY1305_SHA256, TLS_DHE_DSS_WITH_AES_256_GCM_SHA384, TLS_DHE_RSA_WITH_AES_128_GCM_SHA256, TLS_DHE_DSS_WITH_AES_128_GCM_SHA256, TLS_ECDHE_ECDSA_WITH_AES_256_CBC_SHA384, TLS_ECDHE_RSA_WITH_AES_256_CBC_SHA384, TLS_ECDHE_ECDSA_WITH_AES_128_CBC_SHA256, TLS_ECDHE_RSA_WITH_AES_128_CBC_SHA256, TLS_DHE_RSA_WITH_AES_256_CBC_SHA256, TLS_DHE_DSS_WITH_AES_256_CBC_SHA256, TLS_DHE_RSA_WITH_AES_128_CBC_SHA256, TLS_DHE_DSS_WITH_AES_128_CBC_SHA256, TLS_ECDHE_ECDSA_WITH_AES_256_CBC_SHA, TLS_ECDHE_RSA_WITH_AES_256_CBC_SHA, TLS_ECDHE_ECDSA_WITH_AES_128_CBC_SHA, TLS_ECDHE_RSA_WITH_AES_128_CBC_SHA, TLS_DHE_RSA_WITH_AES_256_CBC_SHA, TLS_DHE_DSS_WITH_AES_256_CBC_SHA, TLS_DHE_RSA_WITH_AES_128_CBC_SHA, TLS_DHE_DSS_WITH_AES_128_CBC_SHA, TLS_EMPTY_RENEGOTIATION_INFO_SCSV]
13:05:03.097 [main] DEBUG org.apache.http.conn.ssl.SSLConnectionSocketFactory -- Starting handshake
13:05:03.193 [main] DEBUG org.apache.http.conn.ssl.SSLConnectionSocketFactory -- Secure session established
13:05:03.193 [main] DEBUG org.apache.http.conn.ssl.SSLConnectionSocketFactory --  negotiated protocol: TLSv1.3
13:05:03.193 [main] DEBUG org.apache.http.conn.ssl.SSLConnectionSocketFactory --  negotiated cipher suite: TLS_AES_256_GCM_SHA384
13:05:03.193 [main] DEBUG org.apache.http.conn.ssl.SSLConnectionSocketFactory --  peer principal: CN=supabase.co
13:05:03.193 [main] DEBUG org.apache.http.conn.ssl.SSLConnectionSocketFactory --  peer alternative names: [supabase.co, *.supabase.co]
13:05:03.193 [main] DEBUG org.apache.http.conn.ssl.SSLConnectionSocketFactory --  issuer principal: CN=WE1, O=Google Trust Services, C=US
13:05:03.194 [main] DEBUG org.apache.http.impl.conn.DefaultHttpClientConnectionOperator -- Connection established 192.168.0.111:56173<->172.64.149.246:443
13:05:03.194 [main] DEBUG org.apache.http.impl.conn.DefaultManagedHttpClientConnection -- http-outgoing-7: set socket timeout to 30000
13:05:03.194 [main] DEBUG org.apache.http.impl.execchain.MainClientExec -- Executing request GET /functions/v1/transfer HTTP/1.1
13:05:03.194 [main] DEBUG org.apache.http.impl.execchain.MainClientExec -- Proxy auth state: UNCHALLENGED
13:05:03.194 [main] DEBUG org.apache.http.headers -- http-outgoing-7 >> GET /functions/v1/transfer HTTP/1.1
13:05:03.195 [main] DEBUG org.apache.http.headers -- http-outgoing-7 >> Authorization: Bearer eyJhbGciOiJFUzI1NiIsImtpZCI6ImRjZmFiYTI1LTcyYzUtNDE2Ni04OTZiLTZiMzExODAyNjVlMyIsInR5cCI6IkpXVCJ9.eyJpc3MiOiJodHRwczovL3dsc3hmamxheHh3Z25iaG10Z213LnN1cGFiYXNlLmNvL2F1dGgvdjEiLCJzdWIiOiI5MDI0ODkyZi00NjZiLTRhMTktOTQ2ZC04NTYzNTVkNjRjZTUiLCJhdWQiOiJhdXRoZW50aWNhdGVkIiwiZXhwIjoxNzg1OTU2NzAzLCJpYXQiOjE3ODU5NTMxMDMsImVtYWlsIjoiaGVhbHRoXzJiN2JlMDliQGZpbnRyYWNrLmRldiIsInBob25lIjoiIiwiYXBwX21ldGFkYXRhIjp7InByb3ZpZGVyIjoiZW1haWwiLCJwcm92aWRlcnMiOlsiZW1haWwiXX0sInVzZXJfbWV0YWRhdGEiOnsiZW1haWwiOiJoZWFsdGhfMmI3YmUwOWJAZmludHJhY2suZGV2IiwiZW1haWxfdmVyaWZpZWQiOnRydWUsInBob25lX3ZlcmlmaWVkIjpmYWxzZSwic3ViIjoiOTAyNDg5MmYtNDY2Yi00YTE5LTk0NmQtODU2MzU1ZDY0Y2U1In0sInJvbGUiOiJhdXRoZW50aWNhdGVkIiwiYWFsIjoiYWFsMSIsImFtciI6W3sibWV0aG9kIjoicGFzc3dvcmQiLCJ0aW1lc3RhbXAiOjE3ODU5NTMxMDN9XSwic2Vzc2lvbl9pZCI6IjE4NDcwODNiLTViYzEtNGUxNS1iYzAzLTllM2Q1Mzk4M2UzYyIsImlzX2Fub255bW91cyI6ZmFsc2V9.EI26p902FhSPNYsUrdOGb7ar8yUJAQwMpY-qhoYZvLPO2THL883BzmSOrQqCiLsSka9VGjv3jwq88NZq9578Rw
13:05:03.195 [main] DEBUG org.apache.http.headers -- http-outgoing-7 >> apikey: eyJhbGciOiJIUzI1NiIsInR5cCI6IkpXVCJ9.eyJpc3MiOiJzdXBhYmFzZSIsInJlZiI6Indsc3hmamxheHh3Z25iaG10Z213Iiwicm9sZSI6ImFub24iLCJpYXQiOjE3ODI2OTk3NTEsImV4cCI6MjA5ODI3NTc1MX0.O6fe3bylzRtNmPYL1zXYo1mIhMBrG9vxvQgYP_Hw9DI
13:05:03.195 [main] DEBUG org.apache.http.headers -- http-outgoing-7 >> Content-Type: application/json
13:05:03.195 [main] DEBUG org.apache.http.headers -- http-outgoing-7 >> Cookie: __cf_bm=io6lUYF8cXeSIz2A87u1KuyLV7QSJIXEmy.opnl1XqE-1785953103.0072017-1.0.1.1-gERjlE5jcKv4He9ZOc4Muj3VXuB2JANIYqdWEMzt92jK47KLT2Vt3hQDulm2Y46jWTzo18kc.NZ03O3YkBRQKmKOAZeSYqJKQnNzXtyRgwkN4SEV1VNrogQ0EU4Pez0g
13:05:03.195 [main] DEBUG org.apache.http.headers -- http-outgoing-7 >> Host: wlsxfjlaxxwgnbhmtgmw.supabase.co
13:05:03.195 [main] DEBUG org.apache.http.headers -- http-outgoing-7 >> Connection: Keep-Alive
13:05:03.195 [main] DEBUG org.apache.http.headers -- http-outgoing-7 >> User-Agent: Apache-HttpClient/4.5.14 (Java/17.0.19)
13:05:03.195 [main] DEBUG org.apache.http.headers -- http-outgoing-7 >> Accept-Encoding: gzip,deflate
13:05:03.195 [main] DEBUG org.apache.http.wire -- http-outgoing-7 >> "GET /functions/v1/transfer HTTP/1.1[\r][\n]"
13:05:03.195 [main] DEBUG org.apache.http.wire -- http-outgoing-7 >> "Authorization: Bearer eyJhbGciOiJFUzI1NiIsImtpZCI6ImRjZmFiYTI1LTcyYzUtNDE2Ni04OTZiLTZiMzExODAyNjVlMyIsInR5cCI6IkpXVCJ9.eyJpc3MiOiJodHRwczovL3dsc3hmamxheHh3Z25iaG10Z213LnN1cGFiYXNlLmNvL2F1dGgvdjEiLCJzdWIiOiI5MDI0ODkyZi00NjZiLTRhMTktOTQ2ZC04NTYzNTVkNjRjZTUiLCJhdWQiOiJhdXRoZW50aWNhdGVkIiwiZXhwIjoxNzg1OTU2NzAzLCJpYXQiOjE3ODU5NTMxMDMsImVtYWlsIjoiaGVhbHRoXzJiN2JlMDliQGZpbnRyYWNrLmRldiIsInBob25lIjoiIiwiYXBwX21ldGFkYXRhIjp7InByb3ZpZGVyIjoiZW1haWwiLCJwcm92aWRlcnMiOlsiZW1haWwiXX0sInVzZXJfbWV0YWRhdGEiOnsiZW1haWwiOiJoZWFsdGhfMmI3YmUwOWJAZmludHJhY2suZGV2IiwiZW1haWxfdmVyaWZpZWQiOnRydWUsInBob25lX3ZlcmlmaWVkIjpmYWxzZSwic3ViIjoiOTAyNDg5MmYtNDY2Yi00YTE5LTk0NmQtODU2MzU1ZDY0Y2U1In0sInJvbGUiOiJhdXRoZW50aWNhdGVkIiwiYWFsIjoiYWFsMSIsImFtciI6W3sibWV0aG9kIjoicGFzc3dvcmQiLCJ0aW1lc3RhbXAiOjE3ODU5NTMxMDN9XSwic2Vzc2lvbl9pZCI6IjE4NDcwODNiLTViYzEtNGUxNS1iYzAzLTllM2Q1Mzk4M2UzYyIsImlzX2Fub255bW91cyI6ZmFsc2V9.EI26p902FhSPNYsUrdOGb7ar8yUJAQwMpY-qhoYZvLPO2THL883BzmSOrQqCiLsSka9VGjv3jwq88NZq9578Rw[\r][\n]"
13:05:03.195 [main] DEBUG org.apache.http.wire -- http-outgoing-7 >> "apikey: eyJhbGciOiJIUzI1NiIsInR5cCI6IkpXVCJ9.eyJpc3MiOiJzdXBhYmFzZSIsInJlZiI6Indsc3hmamxheHh3Z25iaG10Z213Iiwicm9sZSI6ImFub24iLCJpYXQiOjE3ODI2OTk3NTEsImV4cCI6MjA5ODI3NTc1MX0.O6fe3bylzRtNmPYL1zXYo1mIhMBrG9vxvQgYP_Hw9DI[\r][\n]"
13:05:03.195 [main] DEBUG org.apache.http.wire -- http-outgoing-7 >> "Content-Type: application/json[\r][\n]"
13:05:03.195 [main] DEBUG org.apache.http.wire -- http-outgoing-7 >> "Cookie: __cf_bm=io6lUYF8cXeSIz2A87u1KuyLV7QSJIXEmy.opnl1XqE-1785953103.0072017-1.0.1.1-gERjlE5jcKv4He9ZOc4Muj3VXuB2JANIYqdWEMzt92jK47KLT2Vt3hQDulm2Y46jWTzo18kc.NZ03O3YkBRQKmKOAZeSYqJKQnNzXtyRgwkN4SEV1VNrogQ0EU4Pez0g[\r][\n]"
13:05:03.196 [main] DEBUG org.apache.http.wire -- http-outgoing-7 >> "Host: wlsxfjlaxxwgnbhmtgmw.supabase.co[\r][\n]"
13:05:03.196 [main] DEBUG org.apache.http.wire -- http-outgoing-7 >> "Connection: Keep-Alive[\r][\n]"
13:05:03.196 [main] DEBUG org.apache.http.wire -- http-outgoing-7 >> "User-Agent: Apache-HttpClient/4.5.14 (Java/17.0.19)[\r][\n]"
13:05:03.196 [main] DEBUG org.apache.http.wire -- http-outgoing-7 >> "Accept-Encoding: gzip,deflate[\r][\n]"
13:05:03.196 [main] DEBUG org.apache.http.wire -- http-outgoing-7 >> "[\r][\n]"
13:05:03.592 [main] DEBUG org.apache.http.wire -- http-outgoing-7 << "HTTP/1.1 405 Method Not Allowed[\r][\n]"
13:05:03.592 [main] DEBUG org.apache.http.wire -- http-outgoing-7 << "Date: Wed, 05 Aug 2026 18:05:03 GMT[\r][\n]"
13:05:03.592 [main] DEBUG org.apache.http.wire -- http-outgoing-7 << "Content-Type: application/json[\r][\n]"
13:05:03.592 [main] DEBUG org.apache.http.wire -- http-outgoing-7 << "Content-Length: 50[\r][\n]"
13:05:03.592 [main] DEBUG org.apache.http.wire -- http-outgoing-7 << "Connection: keep-alive[\r][\n]"
13:05:03.592 [main] DEBUG org.apache.http.wire -- http-outgoing-7 << "CF-Ray: a267ba50a8ad7ab1-BOG[\r][\n]"
13:05:03.592 [main] DEBUG org.apache.http.wire -- http-outgoing-7 << "CF-Cache-Status: DYNAMIC[\r][\n]"
13:05:03.592 [main] DEBUG org.apache.http.wire -- http-outgoing-7 << "Access-Control-Allow-Origin: *[\r][\n]"
13:05:03.592 [main] DEBUG org.apache.http.wire -- http-outgoing-7 << "Content-Encoding: gzip[\r][\n]"
13:05:03.592 [main] DEBUG org.apache.http.wire -- http-outgoing-7 << "Server: cloudflare[\r][\n]"
13:05:03.592 [main] DEBUG org.apache.http.wire -- http-outgoing-7 << "Vary: Accept-Encoding[\r][\n]"
13:05:03.592 [main] DEBUG org.apache.http.wire -- http-outgoing-7 << "X-Content-Type-Options: nosniff[\r][\n]"
13:05:03.592 [main] DEBUG org.apache.http.wire -- http-outgoing-7 << "access-control-allow-headers: Content-Type, Authorization, X-Client-Info, Apikey[\r][\n]"
13:05:03.592 [main] DEBUG org.apache.http.wire -- http-outgoing-7 << "access-control-allow-methods: GET, POST, PUT, DELETE, OPTIONS[\r][\n]"
13:05:03.592 [main] DEBUG org.apache.http.wire -- http-outgoing-7 << "endpoint-load-metrics: application_utilization:10,named_metrics.queue_depth:10[\r][\n]"
13:05:03.592 [main] DEBUG org.apache.http.wire -- http-outgoing-7 << "sb-gateway-version: 1[\r][\n]"
13:05:03.592 [main] DEBUG org.apache.http.wire -- http-outgoing-7 << "sb-project-ref: wlsxfjlaxxwgnbhmtgmw[\r][\n]"
13:05:03.592 [main] DEBUG org.apache.http.wire -- http-outgoing-7 << "sb-request-id: 019fd319-ae69-785f-884f-eafff15caa69[\r][\n]"
13:05:03.592 [main] DEBUG org.apache.http.wire -- http-outgoing-7 << "x-deno-execution-id: da5a93c8-3d05-47cd-8c33-f3bd5188ee14[\r][\n]"
13:05:03.592 [main] DEBUG org.apache.http.wire -- http-outgoing-7 << "x-sb-edge-region: us-east-1[\r][\n]"
13:05:03.592 [main] DEBUG org.apache.http.wire -- http-outgoing-7 << "x-served-by: supabase-edge-runtime[\r][\n]"
13:05:03.592 [main] DEBUG org.apache.http.wire -- http-outgoing-7 << "Strict-Transport-Security: max-age=31536000; includeSubDomains; preload[\r][\n]"
13:05:03.592 [main] DEBUG org.apache.http.wire -- http-outgoing-7 << "alt-svc: h3=":443"; ma=86400[\r][\n]"
13:05:03.592 [main] DEBUG org.apache.http.wire -- http-outgoing-7 << "[\r][\n]"
13:05:03.592 [main] DEBUG org.apache.http.wire -- http-outgoing-7 << "[0x1f][0x8b][0x8][0x0][0x0][0x0][0x0][0x0][0x4][0xff][0xab]VJ-*[0xca]/R[0xb2]R[0xf2]M-[0xc9][0xc8]OQ[0xc8][0xcb]/QH[0xcc][0xc9][0xc9]/OMQ[0xaa][0x5][0x0][0x1b]e[0x4][0x9][0x1e][0x0][0x0][0x0]"
13:05:03.592 [main] DEBUG org.apache.http.headers -- http-outgoing-7 << HTTP/1.1 405 Method Not Allowed
13:05:03.592 [main] DEBUG org.apache.http.headers -- http-outgoing-7 << Date: Wed, 05 Aug 2026 18:05:03 GMT
13:05:03.592 [main] DEBUG org.apache.http.headers -- http-outgoing-7 << Content-Type: application/json
13:05:03.592 [main] DEBUG org.apache.http.headers -- http-outgoing-7 << Content-Length: 50
13:05:03.592 [main] DEBUG org.apache.http.headers -- http-outgoing-7 << Connection: keep-alive
13:05:03.592 [main] DEBUG org.apache.http.headers -- http-outgoing-7 << CF-Ray: a267ba50a8ad7ab1-BOG
13:05:03.592 [main] DEBUG org.apache.http.headers -- http-outgoing-7 << CF-Cache-Status: DYNAMIC
13:05:03.592 [main] DEBUG org.apache.http.headers -- http-outgoing-7 << Access-Control-Allow-Origin: *
13:05:03.592 [main] DEBUG org.apache.http.headers -- http-outgoing-7 << Content-Encoding: gzip
13:05:03.592 [main] DEBUG org.apache.http.headers -- http-outgoing-7 << Server: cloudflare
13:05:03.592 [main] DEBUG org.apache.http.headers -- http-outgoing-7 << Vary: Accept-Encoding
13:05:03.592 [main] DEBUG org.apache.http.headers -- http-outgoing-7 << X-Content-Type-Options: nosniff
[...]
[THYMELEAF]             * [* {th:span,data-th-span}] [1000]: org.thymeleaf.standard.processor.StandardRemovableAttributeTagProcessor
[THYMELEAF]             * [* {th:scope,data-th-scope}] [1000]: org.thymeleaf.standard.processor.StandardRemovableAttributeTagProcessor
[THYMELEAF]             * [* {th:high,data-th-high}] [1000]: org.thymeleaf.standard.processor.StandardRemovableAttributeTagProcessor
[THYMELEAF]             * [* {th:charset,data-th-charset}] [1000]: org.thymeleaf.standard.processor.StandardRemovableAttributeTagProcessor
[THYMELEAF]             * [* {th:style,data-th-style}] [1000]: org.thymeleaf.standard.processor.StandardRemovableAttributeTagProcessor
[THYMELEAF]             * [* {th:abbr,data-th-abbr}] [1000]: org.thymeleaf.standard.processor.StandardRemovableAttributeTagProcessor
[THYMELEAF]             * [* {th:lang,data-th-lang}] [1000]: org.thymeleaf.standard.processor.StandardRemovableAttributeTagProcessor
[THYMELEAF]             * [* {th:vspace,data-th-vspace}] [1000]: org.thymeleaf.standard.processor.StandardRemovableAttributeTagProcessor
[THYMELEAF]             * [* {th:preload,data-th-preload}] [1000]: org.thymeleaf.standard.processor.StandardRemovableAttributeTagProcessor
[THYMELEAF]             * [* {th:cite,data-th-cite}] [1000]: org.thymeleaf.standard.processor.StandardRemovableAttributeTagProcessor
[THYMELEAF]             * [* {th:list,data-th-list}] [1000]: org.thymeleaf.standard.processor.StandardRemovableAttributeTagProcessor
[THYMELEAF]             * [* {th:rules,data-th-rules}] [1000]: org.thymeleaf.standard.processor.StandardRemovableAttributeTagProcessor
[THYMELEAF]             * [* {th:height,data-th-height}] [1000]: org.thymeleaf.standard.processor.StandardRemovableAttributeTagProcessor
[THYMELEAF]             * [* {th:colspan,data-th-colspan}] [1000]: org.thymeleaf.standard.processor.StandardRemovableAttributeTagProcessor
[THYMELEAF]             * [* {th:kind,data-th-kind}] [1000]: org.thymeleaf.standard.processor.StandardRemovableAttributeTagProcessor
[THYMELEAF]             * [* {th:standby,data-th-standby}] [1000]: org.thymeleaf.standard.processor.StandardRemovableAttributeTagProcessor
[THYMELEAF]             * [* {th:formenctype,data-th-formenctype}] [1000]: org.thymeleaf.standard.processor.StandardRemovableAttributeTagProcessor
[THYMELEAF]             * [* {th:tabindex,data-th-tabindex}] [1000]: org.thymeleaf.standard.processor.StandardRemovableAttributeTagProcessor
[THYMELEAF]             * [* {th:form,data-th-form}] [1000]: org.thymeleaf.standard.processor.StandardRemovableAttributeTagProcessor
[THYMELEAF]             * [* {th:cols,data-th-cols}] [1000]: org.thymeleaf.standard.processor.StandardRemovableAttributeTagProcessor
[THYMELEAF]             * [* {th:wrap,data-th-wrap}] [1000]: org.thymeleaf.standard.processor.StandardRemovableAttributeTagProcessor
[THYMELEAF]             * [* {th:width,data-th-width}] [1000]: org.thymeleaf.standard.processor.StandardRemovableAttributeTagProcessor
[THYMELEAF]             * [* {th:marginwidth,data-th-marginwidth}] [1000]: org.thymeleaf.standard.processor.StandardRemovableAttributeTagProcessor
[THYMELEAF]             * [* {th:pattern,data-th-pattern}] [1000]: org.thymeleaf.standard.processor.StandardRemovableAttributeTagProcessor
[THYMELEAF]             * [* {th:sizes,data-th-sizes}] [1000]: org.thymeleaf.standard.processor.StandardRemovableAttributeTagProcessor
[THYMELEAF]             * [* {th:codetype,data-th-codetype}] [1000]: org.thymeleaf.standard.processor.StandardRemovableAttributeTagProcessor
[THYMELEAF]             * [* {th:keytype,data-th-keytype}] [1000]: org.thymeleaf.standard.processor.StandardRemovableAttributeTagProcessor
[THYMELEAF]             * [* {th:rev,data-th-rev}] [1000]: org.thymeleaf.standard.processor.StandardRemovableAttributeTagProcessor
[THYMELEAF]             * [* {th:step,data-th-step}] [1000]: org.thymeleaf.standard.processor.StandardRemovableAttributeTagProcessor
[THYMELEAF]             * [* {th:accesskey,data-th-accesskey}] [1000]: org.thymeleaf.standard.processor.StandardRemovableAttributeTagProcessor
[THYMELEAF]             * [* {th:valuetype,data-th-valuetype}] [1000]: org.thymeleaf.standard.processor.StandardRemovableAttributeTagProcessor
[THYMELEAF]             * [* {th:formmethod,data-th-formmethod}] [1000]: org.thymeleaf.standard.processor.StandardRemovableAttributeTagProcessor
[THYMELEAF]             * [* {th:target,data-th-target}] [1000]: org.thymeleaf.standard.processor.StandardRemovableAttributeTagProcessor
[THYMELEAF]             * [* {th:draggable,data-th-draggable}] [1000]: org.thymeleaf.standard.processor.StandardRemovableAttributeTagProcessor
[THYMELEAF]             * [* {th:classid,data-th-classid}] [1000]: org.thymeleaf.standard.processor.StandardRemovableAttributeTagProcessor
[THYMELEAF]             * [* {th:manifest,data-th-manifest}] [1000]: org.thymeleaf.standard.processor.StandardRemovableAttributeTagProcessor
[THYMELEAF]             * [* {th:placeholder,data-th-placeholder}] [1000]: org.thymeleaf.standard.processor.StandardRemovableAttributeTagProcessor
[THYMELEAF]             * [* {th:challenge,data-th-challenge}] [1000]: org.thymeleaf.standard.processor.StandardRemovableAttributeTagProcessor
[THYMELEAF]             * [* {th:sandbox,data-th-sandbox}] [1000]: org.thymeleaf.standard.processor.StandardRemovableAttributeTagProcessor
[THYMELEAF]             * [* {th:src,data-th-src}] [1000]: org.thymeleaf.standard.processor.StandardSrcTagProcessor
[THYMELEAF]             * [* {th:value,data-th-value}] [1000]: org.thymeleaf.standard.processor.StandardValueTagProcessor
[THYMELEAF]             * [* {th:xmlbase,data-th-xmlbase}] [1000]: org.thymeleaf.standard.processor.StandardXmlBaseTagProcessor
[THYMELEAF]             * [* {th:xmllang,data-th-xmllang}] [1000]: org.thymeleaf.standard.processor.StandardXmlLangTagProcessor
[THYMELEAF]             * [* {xmlns:th}] [1000]: org.thymeleaf.standard.processor.StandardXmlNsTagProcessor
[THYMELEAF]             * [* {th:xmlspace,data-th-xmlspace}] [1000]: org.thymeleaf.standard.processor.StandardXmlSpaceTagProcessor
[THYMELEAF]             * [* {th:classappend,data-th-classappend}] [1100]: org.thymeleaf.standard.processor.StandardClassappendTagProcessor
[THYMELEAF]             * [* {th:styleappend,data-th-styleappend}] [1100]: org.thymeleaf.standard.processor.StandardStyleappendTagProcessor
[THYMELEAF]             * [* {th:text,data-th-text}] [1300]: org.thymeleaf.standard.processor.StandardTextTagProcessor
[THYMELEAF]             * [* {th:utext,data-th-utext}] [1400]: org.thymeleaf.standard.processor.StandardUtextTagProcessor
[THYMELEAF]             * [* {th:fragment,data-th-fragment}] [1500]: org.thymeleaf.standard.processor.StandardFragmentTagProcessor
[THYMELEAF]             * [* {th:assert,data-th-assert}] [1550]: org.thymeleaf.standard.processor.StandardAssertTagProcessor
[THYMELEAF]             * [* {th:remove,data-th-remove}] [1600]: org.thymeleaf.standard.processor.StandardRemoveTagProcessor
[THYMELEAF]             * [* {th:ref,data-th-ref}] [10000]: org.thymeleaf.standard.processor.StandardRefAttributeTagProcessor
[THYMELEAF]             * [{th:block,th-block} *] [100000]: org.thymeleaf.standard.processor.StandardBlockTagProcessor
[THYMELEAF]             * [* th:*] [2147483647]: org.thymeleaf.standard.processor.StandardDefaultAttributesTagProcessor
[THYMELEAF]         * Text Processors by [precedence]:
[THYMELEAF]             * [1000]: org.thymeleaf.standard.processor.StandardInliningTextProcessor
[THYMELEAF]         * DOCTYPE Processors by [precedence]:
[THYMELEAF]             * [1000]: org.thymeleaf.standard.processor.StandardTranslationDocTypeProcessor
[THYMELEAF]         * CDATA Section Processors by [precedence]:
[THYMELEAF]             * [1000]: org.thymeleaf.standard.processor.StandardInliningCDATASectionProcessor
[THYMELEAF]         * Comment Processors by [precedence]:
[THYMELEAF]             * [1000]: org.thymeleaf.standard.processor.StandardInliningCommentProcessor
[THYMELEAF]             * [1100]: org.thymeleaf.standard.processor.StandardConditionalCommentProcessor
[THYMELEAF]     * Processors for Template Mode: XML
[THYMELEAF]         * Element Tag Processors by [matching element and attribute name] [precedence]:
[THYMELEAF]             * [* {th:include}] [100]: org.thymeleaf.standard.processor.StandardIncludeTagProcessor
[THYMELEAF]             * [* {th:insert}] [100]: org.thymeleaf.standard.processor.StandardInsertTagProcessor
[THYMELEAF]             * [* {th:replace}] [100]: org.thymeleaf.standard.processor.StandardReplaceTagProcessor
[THYMELEAF]             * [* {th:each}] [200]: com.intuit.karate.template.KarateEachTagProcessor
[THYMELEAF]             * [* {th:switch}] [250]: org.thymeleaf.standard.processor.StandardSwitchTagProcessor
[THYMELEAF]             * [* {th:case}] [275]: org.thymeleaf.standard.processor.StandardCaseTagProcessor
[THYMELEAF]             * [* {th:if}] [300]: org.thymeleaf.standard.processor.StandardIfTagProcessor
[THYMELEAF]             * [* {th:unless}] [400]: org.thymeleaf.standard.processor.StandardUnlessTagProcessor
[THYMELEAF]             * [* {th:object}] [500]: org.thymeleaf.standard.processor.StandardObjectTagProcessor
[THYMELEAF]             * [* {th:with}] [600]: com.intuit.karate.template.KarateWithTagProcessor
[THYMELEAF]             * [* {th:attr}] [700]: com.intuit.karate.template.KarateAttributeTagProcessor.KarateAttrTagProcessor
[THYMELEAF]             * [* {th:attrappend}] [900]: com.intuit.karate.template.KarateAttributeTagProcessor.KarateAttrappendTagProcessor
[THYMELEAF]             * [* {th:attrprepend}] [900]: com.intuit.karate.template.KarateAttributeTagProcessor.KarateAttrprependTagProcessor
[THYMELEAF]             * [* {th:inline}] [1000]: org.thymeleaf.standard.processor.StandardInlineXMLTagProcessor
[THYMELEAF]             * [* {xmlns:th}] [1000]: org.thymeleaf.standard.processor.StandardXmlNsTagProcessor
[THYMELEAF]             * [* {th:text}] [1300]: org.thymeleaf.standard.processor.StandardTextTagProcessor
[THYMELEAF]             * [* {th:utext}] [1400]: org.thymeleaf.standard.processor.StandardUtextTagProcessor
[THYMELEAF]             * [* {th:fragment}] [1500]: org.thymeleaf.standard.processor.StandardFragmentTagProcessor
[THYMELEAF]             * [* {th:assert}] [1550]: org.thymeleaf.standard.processor.StandardAssertTagProcessor
[THYMELEAF]             * [* {th:remove}] [1600]: org.thymeleaf.standard.processor.StandardRemoveTagProcessor
[THYMELEAF]             * [* {th:ref}] [10000]: org.thymeleaf.standard.processor.StandardRefAttributeTagProcessor
[THYMELEAF]             * [{th:block} *] [100000]: org.thymeleaf.standard.processor.StandardBlockTagProcessor
[THYMELEAF]             * [* th:*] [2147483647]: org.thymeleaf.standard.processor.StandardDefaultAttributesTagProcessor
[THYMELEAF]         * Text Processors by [precedence]:
[THYMELEAF]             * [1000]: org.thymeleaf.standard.processor.StandardInliningTextProcessor
[THYMELEAF]         * CDATA Section Processors by [precedence]:
[THYMELEAF]             * [1000]: org.thymeleaf.standard.processor.StandardInliningCDATASectionProcessor
[THYMELEAF]         * Comment Processors by [precedence]:
[THYMELEAF]             * [1000]: org.thymeleaf.standard.processor.StandardInliningCommentProcessor
[THYMELEAF]     * Processors for Template Mode: TEXT
[THYMELEAF]         * Element Tag Processors by [matching element and attribute name] [precedence]:
[THYMELEAF]             * [* {th:insert}] [100]: org.thymeleaf.standard.processor.StandardInsertTagProcessor
[THYMELEAF]             * [* {th:replace}] [100]: org.thymeleaf.standard.processor.StandardReplaceTagProcessor
[THYMELEAF]             * [* {th:each}] [200]: com.intuit.karate.template.KarateEachTagProcessor
[THYMELEAF]             * [* {th:switch}] [250]: org.thymeleaf.standard.processor.StandardSwitchTagProcessor
[THYMELEAF]             * [* {th:case}] [275]: org.thymeleaf.standard.processor.StandardCaseTagProcessor
[THYMELEAF]             * [* {th:if}] [300]: org.thymeleaf.standard.processor.StandardIfTagProcessor
[THYMELEAF]             * [* {th:unless}] [400]: org.thymeleaf.standard.processor.StandardUnlessTagProcessor
[THYMELEAF]             * [* {th:object}] [500]: org.thymeleaf.standard.processor.StandardObjectTagProcessor
[THYMELEAF]             * [* {th:with}] [600]: com.intuit.karate.template.KarateWithTagProcessor
[THYMELEAF]             * [* {th:inline}] [1000]: org.thymeleaf.standard.processor.StandardInlineTextualTagProcessor
[THYMELEAF]             * [* {th:text}] [1300]: org.thymeleaf.standard.processor.StandardTextTagProcessor
[THYMELEAF]             * [* {th:utext}] [1400]: org.thymeleaf.standard.processor.StandardUtextTagProcessor
[THYMELEAF]             * [* {th:assert}] [1550]: org.thymeleaf.standard.processor.StandardAssertTagProcessor
[THYMELEAF]             * [* {th:remove}] [1600]: org.thymeleaf.standard.processor.StandardRemoveTagProcessor
[THYMELEAF]             * [{th:block} *] [100000]: org.thymeleaf.standard.processor.StandardBlockTagProcessor
[THYMELEAF]             * [* 100000] [org.thymeleaf.standard.processor.StandardBlockTagProcessor]: {}
[THYMELEAF]         * Text Processors by [precedence]:
[THYMELEAF]             * [1000]: org.thymeleaf.standard.processor.StandardInliningTextProcessor
[THYMELEAF]     * Processors for Template Mode: JAVASCRIPT
[THYMELEAF]         * Element Tag Processors by [matching element and attribute name] [precedence]:
[THYMELEAF]             * [* {th:insert}] [100]: org.thymeleaf.standard.processor.StandardInsertTagProcessor
[THYMELEAF]             * [* {th:replace}] [100]: org.thymeleaf.standard.processor.StandardReplaceTagProcessor
[THYMELEAF]             * [* {th:each}] [200]: com.intuit.karate.template.KarateEachTagProcessor
[THYMELEAF]             * [* {th:switch}] [250]: org.thymeleaf.standard.processor.StandardSwitchTagProcessor
[THYMELEAF]             * [* {th:case}] [275]: org.thymeleaf.standard.processor.StandardCaseTagProcessor
[THYMELEAF]             * [* {th:if}] [300]: org.thymeleaf.standard.processor.StandardIfTagProcessor
[THYMELEAF]             * [* {th:unless}] [400]: org.thymeleaf.standard.processor.StandardUnlessTagProcessor
[THYMELEAF]             * [* {th:object}] [500]: org.thymeleaf.standard.processor.StandardObjectTagProcessor
[THYMELEAF]             * [* {th:with}] [600]: com.intuit.karate.template.KarateWithTagProcessor
[THYMELEAF]             * [* {th:inline}] [1000]: org.thymeleaf.standard.processor.StandardInlineTextualTagProcessor
[THYMELEAF]             * [* {th:text}] [1300]: org.thymeleaf.standard.processor.StandardTextTagProcessor
[THYMELEAF]             * [* {th:utext}] [1400]: org.thymeleaf.standard.processor.StandardUtextTagProcessor
[THYMELEAF]             * [* {th:assert}] [1550]: org.thymeleaf.standard.processor.StandardAssertTagProcessor
[THYMELEAF]             * [* {th:remove}] [1600]: org.thymeleaf.standard.processor.StandardRemoveTagProcessor
[THYMELEAF]             * [* 100000] [org.thymeleaf.standard.processor.StandardBlockTagProcessor]: {}
[THYMELEAF]             * [{th:block} *] [100000]: org.thymeleaf.standard.processor.StandardBlockTagProcessor
[THYMELEAF]         * Text Processors by [precedence]:
[THYMELEAF]             * [1000]: org.thymeleaf.standard.processor.StandardInliningTextProcessor
[THYMELEAF]     * Processors for Template Mode: CSS
[THYMELEAF]         * Element Tag Processors by [matching element and attribute name] [precedence]:
[THYMELEAF]             * [* {th:insert}] [100]: org.thymeleaf.standard.processor.StandardInsertTagProcessor
[THYMELEAF]             * [* {th:replace}] [100]: org.thymeleaf.standard.processor.StandardReplaceTagProcessor
[THYMELEAF]             * [* {th:each}] [200]: com.intuit.karate.template.KarateEachTagProcessor
[THYMELEAF]             * [* {th:switch}] [250]: org.thymeleaf.standard.processor.StandardSwitchTagProcessor
[THYMELEAF]             * [* {th:case}] [275]: org.thymeleaf.standard.processor.StandardCaseTagProcessor
[THYMELEAF]             * [* {th:if}] [300]: org.thymeleaf.standard.processor.StandardIfTagProcessor
[THYMELEAF]             * [* {th:unless}] [400]: org.thymeleaf.standard.processor.StandardUnlessTagProcessor
[THYMELEAF]             * [* {th:object}] [500]: org.thymeleaf.standard.processor.StandardObjectTagProcessor
[THYMELEAF]             * [* {th:with}] [600]: com.intuit.karate.template.KarateWithTagProcessor
[THYMELEAF]             * [* {th:inline}] [1000]: org.thymeleaf.standard.processor.StandardInlineTextualTagProcessor
[THYMELEAF]             * [* {th:text}] [1300]: org.thymeleaf.standard.processor.StandardTextTagProcessor
[THYMELEAF]             * [* {th:utext}] [1400]: org.thymeleaf.standard.processor.StandardUtextTagProcessor
[THYMELEAF]             * [* {th:assert}] [1550]: org.thymeleaf.standard.processor.StandardAssertTagProcessor
[THYMELEAF]             * [* {th:remove}] [1600]: org.thymeleaf.standard.processor.StandardRemoveTagProcessor
[THYMELEAF]             * [* 100000] [org.thymeleaf.standard.processor.StandardBlockTagProcessor]: {}
[THYMELEAF]             * [{th:block} *] [100000]: org.thymeleaf.standard.processor.StandardBlockTagProcessor
[THYMELEAF]         * Text Processors by [precedence]:
[THYMELEAF]             * [1000]: org.thymeleaf.standard.processor.StandardInliningTextProcessor
[THYMELEAF]     * Expression Objects:
[THYMELEAF]         * #ctx
[THYMELEAF]         * #root
[THYMELEAF]         * #vars
[THYMELEAF]         * #object
[THYMELEAF]         * #locale
[THYMELEAF]         * #conversions
[THYMELEAF]         * #uris
[THYMELEAF]         * #temporals
[THYMELEAF]         * #calendars
[THYMELEAF]         * #dates
[THYMELEAF]         * #bools
[THYMELEAF]         * #numbers
[THYMELEAF]         * #objects
[THYMELEAF]         * #strings
[THYMELEAF]         * #arrays
[THYMELEAF]         * #lists
[THYMELEAF]         * #sets
[THYMELEAF]         * #maps
[THYMELEAF]         * #aggregates
[THYMELEAF]         * #messages
[THYMELEAF]         * #ids
[THYMELEAF]         * #execInfo
[THYMELEAF]         * #request
[THYMELEAF]         * #response
[THYMELEAF]         * #session
[THYMELEAF]         * #servletContext
[THYMELEAF]     * Execution Attributes:
[THYMELEAF]         * "StandardExpressionParser": com.intuit.karate.template.KarateStandardDialect@35995029
[THYMELEAF]         * "StandardJavaScriptSerializer": org.thymeleaf.standard.serializer.StandardJavaScriptSerializer@69a3bf40
[THYMELEAF]         * "StandardCSSSerializer": org.thymeleaf.standard.serializer.StandardCSSSerializer@2c731a16
[THYMELEAF]         * "StandardVariableExpressionEvaluator": com.intuit.karate.template.KarateStandardDialect@35995029
[THYMELEAF]         * "StandardConversionService": org.thymeleaf.standard.expression.StandardConversionService@2a341e3d
[THYMELEAF] * Dialect [2 of 2]: karate (com.intuit.karate.template.KarateScriptDialect)
[THYMELEAF]     * Prefix: "ka"
[THYMELEAF]     * Processors for Template Mode: HTML
[THYMELEAF]         * Element Tag Processors by [matching element and attribute name] [precedence]:
[THYMELEAF]             * [* {src}] [1000]: com.intuit.karate.template.KaScriptAttrProcessor
[THYMELEAF]         * Element Model Processors by [matching element and attribute name] [precedence]:
[THYMELEAF]             * [{script} {ka:scope,data-ka-scope}] [1000]: com.intuit.karate.template.KaScriptElemProcessor
[THYMELEAF]             * [* {ka:set,data-ka-set}] [1000]: com.intuit.karate.template.KaSetElemProcessor
[THYMELEAF] TEMPLATE ENGINE CONFIGURED OK
13:05:03.927 [main] DEBUG org.thymeleaf.TemplateEngine -- [THYMELEAF] TEMPLATE ENGINE INITIALIZED

HTML report: (paste into browser to view) | Karate version: 1.4.1 | env: qa
file:///D:/Proyectos%20QA/project/fintrack-automation/api-automation/target/karate-reports/karate-summary.html
===================================================================

]]></system-out>
  </testcase>
</testsuite>