<?xml version="1.0" encoding="UTF-8"?>
<testsuite xmlns:xsi="http://www.w3.org/2001/XMLSchema-instance" xsi:noNamespaceSchemaLocation="https://maven.apache.org/surefire/maven-surefire-plugin/xsd/surefire-test-report-3.0.xsd" version="3.0" name="com.fintrack.api.runners.FullRunner" time="9.71" tests="2" errors="0" skipped="0" failures="0">
  <properties>
[...]
</properties>
  <testcase name="[1:8] Edge Function banking-api responde" classname="features/health/health_check" time="5.123">
    <system-out><![CDATA[13:04:51.870 [main] INFO com.intuit.karate.Runner -- using system property 'karate.options': classpath:features/health/health_check.feature
13:04:52.120 [main] INFO com.intuit.karate.Runner -- using system property 'karate.env': qa
13:04:52.312 [main] DEBUG com.intuit.karate.Suite -- [config] classpath:karate-config.js
13:04:54.252 [main] INFO com.intuit.karate -- Usando configuración por defecto. 
13:04:54.302 [main] INFO com.intuit.karate -- Ambiente activo: qa 
13:04:54.304 [main] INFO com.intuit.karate -- Base URL final: https://wlsxfjlaxxwgnbhmtgmw.supabase.co 
13:04:54.566 [main] DEBUG com.jayway.jsonpath.internal.path.CompiledPath -- Evaluating path: $
13:04:54.620 [main] DEBUG io.netty.util.internal.logging.InternalLoggerFactory -- Using SLF4J as the default logging framework
13:04:54.625 [main] DEBUG io.netty.util.internal.PlatformDependent0 -- -Dio.netty.noUnsafe: false
13:04:54.625 [main] DEBUG io.netty.util.internal.PlatformDependent0 -- Java version: 17
13:04:54.627 [main] DEBUG io.netty.util.internal.PlatformDependent0 -- sun.misc.Unsafe.theUnsafe: available
13:04:54.627 [main] DEBUG io.netty.util.internal.PlatformDependent0 -- sun.misc.Unsafe.copyMemory: available
13:04:54.628 [main] DEBUG io.netty.util.internal.PlatformDependent0 -- sun.misc.Unsafe.storeFence: available
13:04:54.629 [main] DEBUG io.netty.util.internal.PlatformDependent0 -- java.nio.Buffer.address: available
13:04:54.630 [main] DEBUG io.netty.util.internal.PlatformDependent0 -- direct buffer constructor: unavailable: Reflective setAccessible(true) disabled
13:04:54.632 [main] DEBUG io.netty.util.internal.PlatformDependent0 -- java.nio.Bits.unaligned: available, true
13:04:54.634 [main] DEBUG io.netty.util.internal.PlatformDependent0 -- jdk.internal.misc.Unsafe.allocateUninitializedArray(int): unavailable: class io.netty.util.internal.PlatformDependent0$7 cannot access class jdk.internal.misc.Unsafe (in module java.base) because module java.base does not export jdk.internal.misc to unnamed module @376b4233
13:04:54.636 [main] DEBUG io.netty.util.internal.PlatformDependent0 -- java.nio.DirectByteBuffer.<init>(long, {int,long}): unavailable
13:04:54.637 [main] DEBUG io.netty.util.internal.PlatformDependent -- sun.misc.Unsafe: available
13:04:54.639 [main] DEBUG io.netty.util.internal.PlatformDependent -- maxDirectMemory: 4819255296 bytes (maybe)
13:04:54.640 [main] DEBUG io.netty.util.internal.PlatformDependent -- -Dio.netty.tmpdir: C:\Users\ASUS\AppData\Local\Temp (java.io.tmpdir)
13:04:54.640 [main] DEBUG io.netty.util.internal.PlatformDependent -- -Dio.netty.bitMode: 64 (sun.arch.data.model)
13:04:54.641 [main] DEBUG io.netty.util.internal.PlatformDependent -- Platform: Windows
13:04:54.642 [main] DEBUG io.netty.util.internal.PlatformDependent -- -Dio.netty.maxDirectMemory: -1 bytes
13:04:54.643 [main] DEBUG io.netty.util.internal.PlatformDependent -- -Dio.netty.uninitializedArrayAllocationThreshold: -1
13:04:54.644 [main] DEBUG io.netty.util.internal.CleanerJava9 -- java.nio.ByteBuffer.cleaner(): available
13:04:54.645 [main] DEBUG io.netty.util.internal.PlatformDependent -- -Dio.netty.noPreferDirect: false
13:04:55.066 [main] DEBUG org.apache.http.client.protocol.RequestAddCookies -- CookieSpec selected: karate
13:04:55.080 [main] DEBUG org.apache.http.client.protocol.RequestAuthCache -- Auth cache not set in the context
13:04:55.083 [main] DEBUG com.intuit.karate -- request:
1 > POST https://wlsxfjlaxxwgnbhmtgmw.supabase.co/auth/v1/signup
1 > apikey: eyJhbGciOiJIUzI1NiIsInR5cCI6IkpXVCJ9.eyJpc3MiOiJzdXBhYmFzZSIsInJlZiI6Indsc3hmamxheHh3Z25iaG10Z213Iiwicm9sZSI6ImFub24iLCJpYXQiOjE3ODI2OTk3NTEsImV4cCI6MjA5ODI3NTc1MX0.O6fe3bylzRtNmPYL1zXYo1mIhMBrG9vxvQgYP_Hw9DI
1 > Content-Type: application/json; charset=UTF-8
1 > Content-Length: 69
1 > Host: wlsxfjlaxxwgnbhmtgmw.supabase.co
1 > Connection: Keep-Alive
1 > User-Agent: Apache-HttpClient/4.5.14 (Java/17.0.19)
1 > Accept-Encoding: gzip,deflate
{"email":"health_f1ff4df8@fintrack.dev","password":"TestPassword123"}

13:04:55.086 [main] DEBUG org.apache.http.impl.conn.PoolingHttpClientConnectionManager -- Connection request: [route: {s}->https://wlsxfjlaxxwgnbhmtgmw.supabase.co:443][total available: 0; route allocated: 0 of 5; total allocated: 0 of 10]
13:04:55.115 [main] DEBUG org.apache.http.impl.conn.PoolingHttpClientConnectionManager -- Connection leased: [id: 0][route: {s}->https://wlsxfjlaxxwgnbhmtgmw.supabase.co:443][total available: 0; route allocated: 1 of 5; total allocated: 1 of 10]
13:04:55.117 [main] DEBUG org.apache.http.impl.execchain.MainClientExec -- Opening connection {s}->https://wlsxfjlaxxwgnbhmtgmw.supabase.co:443
13:04:55.148 [main] DEBUG org.apache.http.impl.conn.DefaultHttpClientConnectionOperator -- Connecting to wlsxfjlaxxwgnbhmtgmw.supabase.co/172.64.149.246:443
13:04:55.148 [main] DEBUG org.apache.http.conn.ssl.SSLConnectionSocketFactory -- Connecting socket to wlsxfjlaxxwgnbhmtgmw.supabase.co/172.64.149.246:443 with timeout 30000
13:04:55.306 [main] DEBUG org.apache.http.conn.ssl.SSLConnectionSocketFactory -- Enabled protocols: [TLSv1.3, TLSv1.2]
13:04:55.306 [main] DEBUG org.apache.http.conn.ssl.SSLConnectionSocketFactory -- Enabled cipher suites:[TLS_AES_256_GCM_SHA384, TLS_AES_128_GCM_SHA256, TLS_CHACHA20_POLY1305_SHA256, TLS_ECDHE_ECDSA_WITH_AES_256_GCM_SHA384, TLS_ECDHE_ECDSA_WITH_AES_128_GCM_SHA256, TLS_ECDHE_ECDSA_WITH_CHACHA20_POLY1305_SHA256, TLS_ECDHE_RSA_WITH_AES_256_GCM_SHA384, TLS_ECDHE_RSA_WITH_CHACHA20_POLY1305_SHA256, TLS_ECDHE_RSA_WITH_AES_128_GCM_SHA256, TLS_DHE_RSA_WITH_AES_256_GCM_SHA384, TLS_DHE_RSA_WITH_CHACHA20_POLY1305_SHA256, TLS_DHE_DSS_WITH_AES_256_GCM_SHA384, TLS_DHE_RSA_WITH_AES_128_GCM_SHA256, TLS_DHE_DSS_WITH_AES_128_GCM_SHA256, TLS_ECDHE_ECDSA_WITH_AES_256_CBC_SHA384, TLS_ECDHE_RSA_WITH_AES_256_CBC_SHA384, TLS_ECDHE_ECDSA_WITH_AES_128_CBC_SHA256, TLS_ECDHE_RSA_WITH_AES_128_CBC_SHA256, TLS_DHE_RSA_WITH_AES_256_CBC_SHA256, TLS_DHE_DSS_WITH_AES_256_CBC_SHA256, TLS_DHE_RSA_WITH_AES_128_CBC_SHA256, TLS_DHE_DSS_WITH_AES_128_CBC_SHA256, TLS_ECDHE_ECDSA_WITH_AES_256_CBC_SHA, TLS_ECDHE_RSA_WITH_AES_256_CBC_SHA, TLS_ECDHE_ECDSA_WITH_AES_128_CBC_SHA, TLS_ECDHE_RSA_WITH_AES_128_CBC_SHA, TLS_DHE_RSA_WITH_AES_256_CBC_SHA, TLS_DHE_DSS_WITH_AES_256_CBC_SHA, TLS_DHE_RSA_WITH_AES_128_CBC_SHA, TLS_DHE_DSS_WITH_AES_128_CBC_SHA, TLS_EMPTY_RENEGOTIATION_INFO_SCSV]
13:04:55.307 [main] DEBUG org.apache.http.conn.ssl.SSLConnectionSocketFactory -- Starting handshake
13:04:55.591 [main] DEBUG org.apache.http.conn.ssl.SSLConnectionSocketFactory -- Secure session established
13:04:55.591 [main] DEBUG org.apache.http.conn.ssl.SSLConnectionSocketFactory --  negotiated protocol: TLSv1.3
13:04:55.591 [main] DEBUG org.apache.http.conn.ssl.SSLConnectionSocketFactory --  negotiated cipher suite: TLS_AES_256_GCM_SHA384
13:04:55.592 [main] DEBUG org.apache.http.conn.ssl.SSLConnectionSocketFactory --  peer principal: CN=supabase.co
13:04:55.592 [main] DEBUG org.apache.http.conn.ssl.SSLConnectionSocketFactory --  peer alternative names: [supabase.co, *.supabase.co]
13:04:55.592 [main] DEBUG org.apache.http.conn.ssl.SSLConnectionSocketFactory --  issuer principal: CN=WE1, O=Google Trust Services, C=US
13:04:55.598 [main] DEBUG org.apache.http.impl.conn.DefaultHttpClientConnectionOperator -- Connection established 192.168.0.111:56166<->172.64.149.246:443
13:04:55.599 [main] DEBUG org.apache.http.impl.conn.DefaultManagedHttpClientConnection -- http-outgoing-0: set socket timeout to 30000
13:04:55.599 [main] DEBUG org.apache.http.impl.execchain.MainClientExec -- Executing request POST /auth/v1/signup HTTP/1.1
13:04:55.599 [main] DEBUG org.apache.http.impl.execchain.MainClientExec -- Target auth state: UNCHALLENGED
13:04:55.600 [main] DEBUG org.apache.http.impl.execchain.MainClientExec -- Proxy auth state: UNCHALLENGED
13:04:55.602 [main] DEBUG org.apache.http.headers -- http-outgoing-0 >> POST /auth/v1/signup HTTP/1.1
13:04:55.603 [main] DEBUG org.apache.http.headers -- http-outgoing-0 >> apikey: eyJhbGciOiJIUzI1NiIsInR5cCI6IkpXVCJ9.eyJpc3MiOiJzdXBhYmFzZSIsInJlZiI6Indsc3hmamxheHh3Z25iaG10Z213Iiwicm9sZSI6ImFub24iLCJpYXQiOjE3ODI2OTk3NTEsImV4cCI6MjA5ODI3NTc1MX0.O6fe3bylzRtNmPYL1zXYo1mIhMBrG9vxvQgYP_Hw9DI
13:04:55.603 [main] DEBUG org.apache.http.headers -- http-outgoing-0 >> Content-Type: application/json; charset=UTF-8
13:04:55.603 [main] DEBUG org.apache.http.headers -- http-outgoing-0 >> Content-Length: 69
13:04:55.603 [main] DEBUG org.apache.http.headers -- http-outgoing-0 >> Host: wlsxfjlaxxwgnbhmtgmw.supabase.co
13:04:55.603 [main] DEBUG org.apache.http.headers -- http-outgoing-0 >> Connection: Keep-Alive
13:04:55.603 [main] DEBUG org.apache.http.headers -- http-outgoing-0 >> User-Agent: Apache-HttpClient/4.5.14 (Java/17.0.19)
13:04:55.603 [main] DEBUG org.apache.http.headers -- http-outgoing-0 >> Accept-Encoding: gzip,deflate
13:04:55.604 [main] DEBUG org.apache.http.wire -- http-outgoing-0 >> "POST /auth/v1/signup HTTP/1.1[\r][\n]"
13:04:55.604 [main] DEBUG org.apache.http.wire -- http-outgoing-0 >> "apikey: eyJhbGciOiJIUzI1NiIsInR5cCI6IkpXVCJ9.eyJpc3MiOiJzdXBhYmFzZSIsInJlZiI6Indsc3hmamxheHh3Z25iaG10Z213Iiwicm9sZSI6ImFub24iLCJpYXQiOjE3ODI2OTk3NTEsImV4cCI6MjA5ODI3NTc1MX0.O6fe3bylzRtNmPYL1zXYo1mIhMBrG9vxvQgYP_Hw9DI[\r][\n]"
13:04:55.604 [main] DEBUG org.apache.http.wire -- http-outgoing-0 >> "Content-Type: application/json; charset=UTF-8[\r][\n]"
13:04:55.604 [main] DEBUG org.apache.http.wire -- http-outgoing-0 >> "Content-Length: 69[\r][\n]"
13:04:55.604 [main] DEBUG org.apache.http.wire -- http-outgoing-0 >> "Host: wlsxfjlaxxwgnbhmtgmw.supabase.co[\r][\n]"
13:04:55.604 [main] DEBUG org.apache.http.wire -- http-outgoing-0 >> "Connection: Keep-Alive[\r][\n]"
13:04:55.604 [main] DEBUG org.apache.http.wire -- http-outgoing-0 >> "User-Agent: Apache-HttpClient/4.5.14 (Java/17.0.19)[\r][\n]"
13:04:55.604 [main] DEBUG org.apache.http.wire -- http-outgoing-0 >> "Accept-Encoding: gzip,deflate[\r][\n]"
13:04:55.605 [main] DEBUG org.apache.http.wire -- http-outgoing-0 >> "[\r][\n]"
13:04:55.605 [main] DEBUG org.apache.http.wire -- http-outgoing-0 >> "{"email":"health_f1ff4df8@fintrack.dev","password":"TestPassword123"}"
13:04:56.093 [main] DEBUG org.apache.http.wire -- http-outgoing-0 << "HTTP/1.1 200 OK[\r][\n]"
13:04:56.093 [main] DEBUG org.apache.http.wire -- http-outgoing-0 << "Date: Wed, 05 Aug 2026 18:04:56 GMT[\r][\n]"
13:04:56.093 [main] DEBUG org.apache.http.wire -- http-outgoing-0 << "Content-Type: application/json[\r][\n]"
13:04:56.093 [main] DEBUG org.apache.http.wire -- http-outgoing-0 << "Transfer-Encoding: chunked[\r][\n]"
13:04:56.093 [main] DEBUG org.apache.http.wire -- http-outgoing-0 << "Connection: keep-alive[\r][\n]"
13:04:56.093 [main] DEBUG org.apache.http.wire -- http-outgoing-0 << "CF-Ray: a267ba20fd4cb70c-BOG[\r][\n]"
13:04:56.093 [main] DEBUG org.apache.http.wire -- http-outgoing-0 << "CF-Cache-Status: DYNAMIC[\r][\n]"
13:04:56.093 [main] DEBUG org.apache.http.wire -- http-outgoing-0 << "Content-Encoding: gzip[\r][\n]"
13:04:56.093 [main] DEBUG org.apache.http.wire -- http-outgoing-0 << "Server: cloudflare[\r][\n]"
13:04:56.093 [main] DEBUG org.apache.http.wire -- http-outgoing-0 << "Strict-Transport-Security: max-age=31536000; includeSubDomains; preload[\r][\n]"
13:04:56.093 [main] DEBUG org.apache.http.wire -- http-outgoing-0 << "Vary: Origin, Accept-Encoding[\r][\n]"
13:04:56.093 [main] DEBUG org.apache.http.wire -- http-outgoing-0 << "X-Content-Type-Options: nosniff[\r][\n]"
13:04:56.093 [main] DEBUG org.apache.http.wire -- http-outgoing-0 << "sb-auth-refresh-token-prefix: 3pndp[\r][\n]"
13:04:56.093 [main] DEBUG org.apache.http.wire -- http-outgoing-0 << "sb-auth-session-id: 8417819d-fe64-421d-8e91-5eef23a6ee61[\r][\n]"
13:04:56.094 [main] DEBUG org.apache.http.wire -- http-outgoing-0 << "sb-auth-user-id: d9de585e-7b7e-48c7-8d2a-ec634ffc9dd8[\r][\n]"
13:04:56.094 [main] DEBUG org.apache.http.wire -- http-outgoing-0 << "sb-gateway-version: 1[\r][\n]"
13:04:56.094 [main] DEBUG org.apache.http.wire -- http-outgoing-0 << "sb-project-ref: wlsxfjlaxxwgnbhmtgmw[\r][\n]"
13:04:56.094 [main] DEBUG org.apache.http.wire -- http-outgoing-0 << "sb-request-id: 019fd319-90a0-7be8-9803-a8eac24290c3[\r][\n]"
13:04:56.094 [main] DEBUG org.apache.http.wire -- http-outgoing-0 << "x-envoy-attempt-count: 1[\r][\n]"
13:04:56.094 [main] DEBUG org.apache.http.wire -- http-outgoing-0 << "x-envoy-upstream-service-time: 139[\r][\n]"
13:04:56.094 [main] DEBUG org.apache.http.wire -- http-outgoing-0 << "set-cookie: __cf_bm=8eSSZ4FzQyncy5fBPOygP2mYliPn5zvudwp13r15uzU-1785953095.8370914-1.0.1.1-6Woh1bIVYRZ9f0bSbV6mxZzIK20223Zz4n8RD5.obx4NeJJPHfLcq.MyQOO1oCir.Pali4EhBnT4ORnuMhX5_6oTViLWR643v4bcg5ks3AM51YL9yBtgnpT7mz.B13cZ; HttpOnly; SameSite=None; Secure; Path=/; Domain=supabase.co; Expires=Wed, 05 Aug 2026 18:34:56 GMT[\r][\n]"
13:04:56.094 [main] DEBUG org.apache.http.wire -- http-outgoing-0 << "alt-svc: h3=":443"; ma=86400[\r][\n]"
13:04:56.094 [main] DEBUG org.apache.http.wire -- http-outgoing-0 << "[\r][\n]"
13:04:56.094 [main] DEBUG org.apache.http.wire -- http-outgoing-0 << "45a[\r][\n]"
13:04:56.094 [main] DEBUG org.apache.http.wire -- http-outgoing-0 << "[0x1f][0x8b][0x8][0x0][0x0][0x0][0x0][0x0][0x0][0x3][0xcc]T[0xdb]r[0x9b]H[0x10][0xfd][0x17]=[.[0x18].[0x12]z[0x8a]b#[0x8c]"P[0x9]#[0x1][0xb3][0x95]R[0xc1][0xcc] [0x86][0xfb]r[0x91][0x4].[0xff][0xfb][0xce]([0x8e][0xb3][0xbb][0x95]M9o[0xfb]@[0x9][0xf5][0xf4][0xe9]>}[0xfa][0xc]/[0x93][0x10]![0xd2][0xb6][0xc7][0xae][0xca]H9YL[0xc8][0xb0]N"[0x3][0xd1]-][0xaf][0xf6][0xa3])[0xda][0xd4]l[0xcd][0xa2][0xab][0xe1][0x83][0xa9][0x9a][0x85][0x93][0xc2]bE[0x3][0xd7][0x14]7.[0x1a][0x82]q[0xdf][0xd9][0x8f]:[0xb0][0xa9] o]H7[0xec][0xb1]F[0xfd][0xba]}\[0xe]vz[0xc8][0xad][0x81]aKGA[0x1c][0x9b][0xd5][0xfe][0xe1]a[0xad][0xdd][0xb3][0x6]5[0x92],[0xde][0xa0][0xc2]O[0xce][0x5][0x8d][0xd5]y#[0xe1][0x16]II[0x11][0x16][0xd7][0x84]<%[0x12][0x4][\n]"
13:04:56.095 [main] DEBUG org.apache.http.wire -- http-outgoing-0 << "[\r][\r]Q[0x80]@[0x94]6[0xa5]-"[0x83]5[0xf5][0xed]|S[0xd8][0xe7][\r]X[0x89][0xd8]8[0x9d]q[0xaa][0xd3][0xcd][0xc3]z[0xc4][0x9e][0xc9]ke[[0xcf][0xc9]m[0xf7]$[0xc2]gA[\n]"
13:04:56.095 [main] DEBUG org.apache.http.wire -- http-outgoing-0 << "R[0x9c]o[0xdc][0x9d][0x1c][0x8c][0xa8][0xdb][0x1a][0xbb]!x[0x16][0xf3]`[0xc]F[0xdb][0x80]E0[0xe6][0x19]|<ql[0x82][0xbd][0x1d][0xc7]&[0xd8]w*[0xe8])B[0xe8][0xd9][0x9]6[0xe][0x99]I/[0x14][0xfa][0xc9][0xc5]L[0xab][0xab]=[0x9e][0xc4][0xad][0xbb][0x7]v[0x9a][0x1][0x86][0xa9][0x3][0x9f]aR][0xda]>[0xee][0x15][0xdb][0xb5].[7`[0x2][0x1d][0xba][0xc0][0xcb]"
13:04:56.098 [main] DEBUG org.apache.http.headers -- http-outgoing-0 << HTTP/1.1 200 OK
13:04:56.098 [main] DEBUG org.apache.http.headers -- http-outgoing-0 << Date: Wed, 05 Aug 2026 18:04:56 GMT
13:04:56.099 [main] DEBUG org.apache.http.headers -- http-outgoing-0 << Content-Type: application/json
13:04:56.099 [main] DEBUG org.apache.http.headers -- http-outgoing-0 << Transfer-Encoding: chunked
13:04:56.099 [main] DEBUG org.apache.http.headers -- http-outgoing-0 << Connection: keep-alive
13:04:56.099 [main] DEBUG org.apache.http.headers -- http-outgoing-0 << CF-Ray: a267ba20fd4cb70c-BOG
13:04:56.099 [main] DEBUG org.apache.http.headers -- http-outgoing-0 << CF-Cache-Status: DYNAMIC
13:04:56.099 [main] DEBUG org.apache.http.headers -- http-outgoing-0 << Content-Encoding: gzip
13:04:56.099 [main] DEBUG org.apache.http.headers -- http-outgoing-0 << Server: cloudflare
13:04:56.099 [main] DEBUG org.apache.http.headers -- http-outgoing-0 << Strict-Transport-Security: max-age=31536000; includeSubDomains; preload
13:04:56.099 [main] DEBUG org.apache.http.headers -- http-outgoing-0 << Vary: Origin, Accept-Encoding
13:04:56.099 [main] DEBUG org.apache.http.headers -- http-outgoing-0 << X-Content-Type-Options: nosniff
13:04:56.099 [main] DEBUG org.apache.http.headers -- http-outgoing-0 << sb-auth-refresh-token-prefix: 3pndp
13:04:56.099 [main] DEBUG org.apache.http.headers -- http-outgoing-0 << sb-auth-session-id: 8417819d-fe64-421d-8e91-5eef23a6ee61
13:04:56.099 [main] DEBUG org.apache.http.headers -- http-outgoing-0 << sb-auth-user-id: d9de585e-7b7e-48c7-8d2a-ec634ffc9dd8
13:04:56.100 [main] DEBUG org.apache.http.headers -- http-outgoing-0 << sb-gateway-version: 1
13:04:56.100 [main] DEBUG org.apache.http.headers -- http-outgoing-0 << sb-project-ref: wlsxfjlaxxwgnbhmtgmw
13:04:56.100 [main] DEBUG org.apache.http.headers -- http-outgoing-0 << sb-request-id: 019fd319-90a0-7be8-9803-a8eac24290c3
13:04:56.100 [main] DEBUG org.apache.http.headers -- http-outgoing-0 << x-envoy-attempt-count: 1
13:04:56.100 [main] DEBUG org.apache.http.headers -- http-outgoing-0 << x-envoy-upstream-service-time: 139
13:04:56.100 [main] DEBUG org.apache.http.headers -- http-outgoing-0 << set-cookie: __cf_bm=8eSSZ4FzQyncy5fBPOygP2mYliPn5zvudwp13r15uzU-1785953095.8370914-1.0.1.1-6Woh1bIVYRZ9f0bSbV6mxZzIK20223Zz4n8RD5.obx4NeJJPHfLcq.MyQOO1oCir.Pali4EhBnT4ORnuMhX5_6oTViLWR643v4bcg5ks3AM51YL9yBtgnpT7mz.B13cZ; HttpOnly; SameSite=None; Secure; Path=/; Domain=supabase.co; Expires=Wed, 05 Aug 2026 18:34:56 GMT
13:04:56.100 [main] DEBUG org.apache.http.headers -- http-outgoing-0 << alt-svc: h3=":443"; ma=86400
13:04:56.109 [main] DEBUG org.apache.http.impl.execchain.MainClientExec -- Connection can be kept alive indefinitely
13:04:56.131 [main] DEBUG org.apache.http.client.protocol.ResponseProcessCookies -- Cookie accepted [__cf_bm="8eSSZ4FzQyncy5fBPOygP2mYliPn5zvudwp13r15uzU-1785953095.8370914-1.0.1.1-6Woh1bIVYRZ9f0bSbV6mxZzIK2022...", version:0, domain:supabase.co, path:/, expiry:Wed Aug 05 13:34:56 COT 2026]
13:04:56.135 [main] DEBUG org.apache.http.wire -- http-outgoing-0 << "[[0x96][0xcf]x[0x1f][0x92][0xe8][0xc9][0xa9]|[0x10]\Y7[0x1][0x1a][0x81][0xbc]3`[0x1d][0x95][0xce][0x10]xv[0xb3])[0x9c][0x1c]sQ[0xcb][0xcf]U[0x4][0x94][0x9c]cx[0xbf][0xc0][0xff]|[0xf1][0x81][0x98]cc[0x95][0x5][0xbe][0x93][0x98]i=c9C$[0xc1][0x1a][0x1a][0x87][0x81][0xe7]AOLB[0xef][0xc2][0xb9]_P[0xa1][0x81][0x90][0xcd][0x8c]J[0xa6]e[0xde][0xbe][0x9f][0xf9][0xbe][0xc0]j[0x1f]F[0xe8][0xaf][0xe3][0xc8];[0x8][0x81][0xe7][0xb0][0x99]t[0xba]-[0xe4]p[0xed][0xa1][0xb7]j[0xb1][0x91][0xc4]0][0x15]0u2[0x98]&KX[0xe4]=~Z'[0x1]h{[0xd6][0x13][0xdc]t[0xb8]a[0xae]1.[0xe]C[0xe8]1.\36[0xb][0xf6][0xf6][0xef]3[0xf8][0x12][0xcc]Q[0x91][0x17][0xa1][0xc7][0xb4]K[0xeb]"[0xf0][0xae]#|[0xbe]P$[0x1d][0xe8][0x8d][0xf7]#[0xd3][0xdc][0xdd][0xcb][0xb6][0xc7][0xc][0x3]L[0x89][0xed]H[0xd8][0x1a][0x96][0xb4]q[0x93][0xcc]*[0xf4][0xe]z[0x16][0xb0]F[0xa7][0x80][0x85][0xa5]@c'[0x9b]%[0x9f]a}[0x8e][0x8c][0xfd][0xee]'`[0xfc]ym[0xfe]k=s[0x93][0xae]:DM[0xd5][0x93]Z[0xca][0xe7][0xe][\r]-[0xe3][0xe7][0xcc];#[0x92][0xf0][0x19][0x15];[0xae][0x1b][0xab]![0xe6]Hr[0x92][0xc8]_[0xfe]k[0x8f]P[0xf3]9gp[0x18][0x11][0xc8][0xcf]Q[0xae]}3}z[0x12],[0x17][0xc9][0x96][0x9b]g[0x1b][0xf][0xe6]v[0xba]c[0xa6]7[0xaf][0xf0]A[0x90][0xa1][0x9b]]7[0xee]![0x87]^0X@[0x7][0xd0][0xdb][0x83]o\[0xf2][0xd1][0x7][0xab][0x9e]i[0xa3]D[0x9e]&[0xa2][0xc1]T[0xd9][0xc5]iYm[0xed][0xfe][0xc9][0xe8][0xec]Rl[0xc4][0xe5][0xce][0xb2][0x2][0xa0][0xb9][0xb8][0xb8][0xe8][0xc7]l[0xe6][0xcc][0x9f]uMjK[0xe5]O[0xd1][0xa1][0xb0]T[0x8e]Ko[0xdb][0xec][0x82]^[0xf1]+[0xe9]j{[0x82][\n]"
13:04:56.135 [main] DEBUG org.apache.http.wire -- http-outgoing-0 << "[0xe4][0xd9][0xd5][0x87][0xa4][0x8f][0x97]z[0xf1][0xf5][0xdd]I[0xdf][0xf6][0xd8][0xd9]Wz[0xfc][0xe5][0xb]ZN[0xee]&[0xb7]+|[0xec][0x86][0x9a][0xb0]{[0x1c][0x91][0xb0]![\r][0x8b][0x92]kM[0x1b][0xd2][0x1e])[0xbb][0xdd][0x92]*[0x8]?"a7Y[0x88][0xb3][0xb9][0xa2])[0xaa][0xaa][0xa9]w[0x93][0x86][0xc4],[0x9c][0xbc][\n]"
13:04:56.135 [main] DEBUG org.apache.http.wire -- http-outgoing-0 << "[0xa4][0xba][0xc4]uv)[0x12][0xd2][0xa8][0xac]P[0xdf][0xb2]z[0x8b][0x97][0x9][0xc5][0xec][0xc]k[0x98](s[0x85]Lg[0xd1][0x8c]L[0xe5]9[0x9a]M[0xe7][0x18][0x84]S[0x82]TI[0x8e]c[0xa4]a<g[0x98][0xb0][0xe7][0xc9]a[0xdf]%[0xa4][0xec]([\n]"
13:04:56.135 [main] DEBUG org.apache.http.wire -- http-outgoing-0 << ";[0x82]Y[0xb4][0xa9]r[0xf2][0x93]0)B[0x9a][0xb3]xB[0xc2][0xbc]K[0x8e][0xb1][0x18][0xc7]2[0x8e][0xe7][0x9f]bZvM[0x88][0xb2]{L[0xce][0xdf][0xd3][0x8e][0xa8]*c[0xda][0x14][0x4][0xdf][0xc6][0x98][0x0][0x1][0xa8]Sa>[0x15][0x14]W[0x9c]/[0x4]y[0xa1][0xa8][0xf7]@[0x14][0x81],[0xc8]@[0x81][0xc]U'U[0xc9][0x9b][0xb2][0xd7]<l[0xbb]cKO%[0xd3][0xe4]WhU[0x9a][0x89]sq[0xc6][0xd1]a][0x1f][0xb][0xd2][0x85]8[0xec]B[0xae]A[0xdd]Tg[0x8a][0xb9][0x1e]o[0xac][0xef][0xde]C[0xed]d[0xf1][0xc7][[0xf0][0xeb][0xeb]7[0xd5][0xfe][0x1][0xfd][0xad])[0xcf][0xa4][0xa1]1e[0xea],[0xba][0xa6]'oS[0xfc]-[0x1a][0x87]y[0xcb][0xc2]m[0x1f]}t'[0x8c][0x12]c[0xc9]T[0xef]([0xe1]T_[0xbe][0xff][0x1d][0x8e][0xb7][0xc5]JZ[0xa4][0x86]$[0xd4][0xa6]@[0xe4]E[0xe2]X[0x99]F[0xea][0xc]OUADr[0x8c][0x4]A[0x15][0xa4][0xc9][0xdd]o[0x99][0xe0]&[0xc1][0xef][0x0][0xde][0x19][0xfd]4[0xfb][0xc9][0xc2]?h#a[0xa6]h[0x1a][0xbb]`[0xdc]F[0xa8]![0xdc][0xeb][0xbf][0xcc]V[0xe5][0x9b][0xe3][0xfa][0x1a]4[0xf5]C[0xea][0xbc]~[0xfd]@{Q[0xd3][0xe6][0xb3][0xf9][0xc7][0xda][0x3]A[0x12]n[0xa9][0x94]}I[0xca][0xaa][0x1c][0x8a][0xaa]o[0xdf][0xd4]}}[0xfd][0xb][0x0][0x0][0xff][0xff][0x3][0x0][0xc0]][0xf8][0x0]X[0x8][0x0][0x0][\r][\n]"
13:04:56.136 [main] DEBUG org.apache.http.wire -- http-outgoing-0 << "0[\r][\n]"
13:04:56.136 [main] DEBUG org.apache.http.wire -- http-outgoing-0 << "[\r][\n]"
13:04:56.136 [main] DEBUG org.apache.http.impl.conn.PoolingHttpClientConnectionManager -- Connection [id: 0][route: {s}->https://wlsxfjlaxxwgnbhmtgmw.supabase.co:443] can be kept alive indefinitely
13:04:56.136 [main] DEBUG org.apache.http.impl.conn.DefaultManagedHttpClientConnection -- http-outgoing-0: set socket timeout to 0
13:04:56.137 [main] DEBUG org.apache.http.impl.conn.PoolingHttpClientConnectionManager -- Connection released: [id: 0][route: {s}->https://wlsxfjlaxxwgnbhmtgmw.supabase.co:443][total available: 1; route allocated: 1 of 5; total allocated: 1 of 10]
13:04:56.137 [main] DEBUG org.apache.http.impl.conn.PoolingHttpClientConnectionManager -- Connection manager is shutting down
13:04:56.138 [main] DEBUG org.apache.http.impl.conn.DefaultManagedHttpClientConnection -- http-outgoing-0: Close connection
13:04:56.140 [main] DEBUG org.apache.http.impl.conn.PoolingHttpClientConnectionManager -- Connection manager shut down
13:04:56.149 [main] DEBUG io.netty.util.internal.InternalThreadLocalMap -- -Dio.netty.threadLocalMap.stringBuilder.initialSize: 1024
13:04:56.149 [main] DEBUG io.netty.util.internal.InternalThreadLocalMap -- -Dio.netty.threadLocalMap.stringBuilder.maxSize: 4096
13:04:56.151 [main] DEBUG com.intuit.karate -- response time in milliseconds: 1053
1 < 200
1 < Date: Wed, 05 Aug 2026 18:04:56 GMT
1 < Content-Type: application/json
1 < Transfer-Encoding: chunked
1 < Connection: keep-alive
1 < CF-Ray: a267ba20fd4cb70c-BOG
1 < CF-Cache-Status: DYNAMIC
1 < Server: cloudflare
1 < Strict-Transport-Security: max-age=31536000; includeSubDomains; preload
1 < Vary: Origin, Accept-Encoding
1 < X-Content-Type-Options: nosniff
1 < sb-auth-refresh-token-prefix: 3pndp
1 < sb-auth-session-id: 8417819d-fe64-421d-8e91-5eef23a6ee61
1 < sb-auth-user-id: d9de585e-7b7e-48c7-8d2a-ec634ffc9dd8
1 < sb-gateway-version: 1
1 < sb-project-ref: wlsxfjlaxxwgnbhmtgmw
1 < sb-request-id: 019fd319-90a0-7be8-9803-a8eac24290c3
1 < x-envoy-attempt-count: 1
1 < x-envoy-upstream-service-time: 139
1 < set-cookie: __cf_bm=8eSSZ4FzQyncy5fBPOygP2mYliPn5zvudwp13r15uzU-1785953095.8370914-1.0.1.1-6Woh1bIVYRZ9f0bSbV6mxZzIK20223Zz4n8RD5.obx4NeJJPHfLcq.MyQOO1oCir.Pali4EhBnT4ORnuMhX5_6oTViLWR643v4bcg5ks3AM51YL9yBtgnpT7mz.B13cZ; HttpOnly; SameSite=None; Secure; Path=/; Domain=supabase.co; Expires=Wed, 05 Aug 2026 18:34:56 GMT
1 < alt-svc: h3=":443"; ma=86400
1 < Set-Cookie: __cf_bm=8eSSZ4FzQyncy5fBPOygP2mYliPn5zvudwp13r15uzU-1785953095.8370914-1.0.1.1-6Woh1bIVYRZ9f0bSbV6mxZzIK20223Zz4n8RD5.obx4NeJJPHfLcq.MyQOO1oCir.Pali4EhBnT4ORnuMhX5_6oTViLWR643v4bcg5ks3AM51YL9yBtgnpT7mz.B13cZ; HttpOnly; SameSite=None; Secure; Path=/; Domain=supabase.co; Expires=Wed, 05 Aug 2026 18:34:56 GMT
{"access_token":"eyJhbGciOiJFUzI1NiIsImtpZCI6ImRjZmFiYTI1LTcyYzUtNDE2Ni04OTZiLTZiMzExODAyNjVlMyIsInR5cCI6IkpXVCJ9.eyJpc3MiOiJodHRwczovL3dsc3hmamxheHh3Z25iaG10Z213LnN1cGFiYXNlLmNvL2F1dGgvdjEiLCJzdWIiOiJkOWRlNTg1ZS03YjdlLTQ4YzctOGQyYS1lYzYzNGZmYzlkZDgiLCJhdWQiOiJhdXRoZW50aWNhdGVkIiwiZXhwIjoxNzg1OTU2Njk2LCJpYXQiOjE3ODU5NTMwOTYsImVtYWlsIjoiaGVhbHRoX2YxZmY0ZGY4QGZpbnRyYWNrLmRldiIsInBob25lIjoiIiwiYXBwX21ldGFkYXRhIjp7InByb3ZpZGVyIjoiZW1haWwiLCJwcm92aWRlcnMiOlsiZW1haWwiXX0sInVzZXJfbWV0YWRhdGEiOnsiZW1haWwiOiJoZWFsdGhfZjFmZjRkZjhAZmludHJhY2suZGV2IiwiZW1haWxfdmVyaWZpZWQiOnRydWUsInBob25lX3ZlcmlmaWVkIjpmYWxzZSwic3ViIjoiZDlkZTU4NWUtN2I3ZS00OGM3LThkMmEtZWM2MzRmZmM5ZGQ4In0sInJvbGUiOiJhdXRoZW50aWNhdGVkIiwiYWFsIjoiYWFsMSIsImFtciI6W3sibWV0aG9kIjoicGFzc3dvcmQiLCJ0aW1lc3RhbXAiOjE3ODU5NTMwOTZ9XSwic2Vzc2lvbl9pZCI6Ijg0MTc4MTlkLWZlNjQtNDIxZC04ZTkxLTVlZWYyM2E2ZWU2MSIsImlzX2Fub255bW91cyI6ZmFsc2V9.HGtNn1r1AQMMY29TdmwE_k7R8SE93sn5q1RiZn5_AWOrQYu5Xo3xNW06247xXZeufAEuwXEQgEOudRUoEfKKcA","token_type":"bearer","expires_in":3600,"expires_at":1785956696,"refresh_token":"3pndpkwmher6","user":{"id":"d9de585e-7b7e-48c7-8d2a-ec634ffc9dd8","aud":"authenticated","role":"authenticated","email":"health_f1ff4df8@fintrack.dev","email_confirmed_at":"2026-08-05T18:04:56.211240425Z","phone":"","last_sign_in_at":"2026-08-05T18:04:56.216371817Z","app_metadata":{"provider":"email","providers":["email"]},"user_metadata":{"email":"health_f1ff4df8@fintrack.dev","email_verified":true,"phone_verified":false,"sub":"d9de585e-7b7e-48c7-8d2a-ec634ffc9dd8"},"identities":[{"identity_id":"39b6aea9-217e-4ff5-b67d-601c4fc00603","id":"d9de585e-7b7e-48c7-8d2a-ec634ffc9dd8","user_id":"d9de585e-7b7e-48c7-8d2a-ec634ffc9dd8","identity_data":{"email":"health_f1ff4df8@fintrack.dev","email_verified":true,"phone_verified":false,"sub":"d9de585e-7b7e-48c7-8d2a-ec634ffc9dd8"},"provider":"email","last_sign_in_at":"2026-08-05T18:04:56.207599669Z","created_at":"2026-08-05T18:04:56.207647Z","updated_at":"2026-08-05T18:04:56.207647Z","email":"health_f1ff4df8@fintrack.dev"}],"created_at":"2026-08-05T18:04:56.199878Z","updated_at":"2026-08-05T18:04:56.220308Z","is_anonymous":false}}

13:04:56.178 [main] DEBUG org.apache.http.client.protocol.RequestAddCookies -- CookieSpec selected: karate
13:04:56.179 [main] DEBUG org.apache.http.client.protocol.RequestAuthCache -- Auth cache not set in the context
13:04:56.179 [main] DEBUG com.intuit.karate -- request:
2 > GET https://wlsxfjlaxxwgnbhmtgmw.supabase.co/functions/v1/banking-api/accounts
2 > Authorization: Bearer eyJhbGciOiJFUzI1NiIsImtpZCI6ImRjZmFiYTI1LTcyYzUtNDE2Ni04OTZiLTZiMzExODAyNjVlMyIsInR5cCI6IkpXVCJ9.eyJpc3MiOiJodHRwczovL3dsc3hmamxheHh3Z25iaG10Z213LnN1cGFiYXNlLmNvL2F1dGgvdjEiLCJzdWIiOiJkOWRlNTg1ZS03YjdlLTQ4YzctOGQyYS1lYzYzNGZmYzlkZDgiLCJhdWQiOiJhdXRoZW50aWNhdGVkIiwiZXhwIjoxNzg1OTU2Njk2LCJpYXQiOjE3ODU5NTMwOTYsImVtYWlsIjoiaGVhbHRoX2YxZmY0ZGY4QGZpbnRyYWNrLmRldiIsInBob25lIjoiIiwiYXBwX21ldGFkYXRhIjp7InByb3ZpZGVyIjoiZW1haWwiLCJwcm92aWRlcnMiOlsiZW1haWwiXX0sInVzZXJfbWV0YWRhdGEiOnsiZW1haWwiOiJoZWFsdGhfZjFmZjRkZjhAZmludHJhY2suZGV2IiwiZW1haWxfdmVyaWZpZWQiOnRydWUsInBob25lX3ZlcmlmaWVkIjpmYWxzZSwic3ViIjoiZDlkZTU4NWUtN2I3ZS00OGM3LThkMmEtZWM2MzRmZmM5ZGQ4In0sInJvbGUiOiJhdXRoZW50aWNhdGVkIiwiYWFsIjoiYWFsMSIsImFtciI6W3sibWV0aG9kIjoicGFzc3dvcmQiLCJ0aW1lc3RhbXAiOjE3ODU5NTMwOTZ9XSwic2Vzc2lvbl9pZCI6Ijg0MTc4MTlkLWZlNjQtNDIxZC04ZTkxLTVlZWYyM2E2ZWU2MSIsImlzX2Fub255bW91cyI6ZmFsc2V9.HGtNn1r1AQMMY29TdmwE_k7R8SE93sn5q1RiZn5_AWOrQYu5Xo3xNW06247xXZeufAEuwXEQgEOudRUoEfKKcA
2 > apikey: eyJhbGciOiJIUzI1NiIsInR5cCI6IkpXVCJ9.eyJpc3MiOiJzdXBhYmFzZSIsInJlZiI6Indsc3hmamxheHh3Z25iaG10Z213Iiwicm9sZSI6ImFub24iLCJpYXQiOjE3ODI2OTk3NTEsImV4cCI6MjA5ODI3NTc1MX0.O6fe3bylzRtNmPYL1zXYo1mIhMBrG9vxvQgYP_Hw9DI
2 > Content-Type: application/json
2 > Cookie: __cf_bm=8eSSZ4FzQyncy5fBPOygP2mYliPn5zvudwp13r15uzU-1785953095.8370914-1.0.1.1-6Woh1bIVYRZ9f0bSbV6mxZzIK20223Zz4n8RD5.obx4NeJJPHfLcq.MyQOO1oCir.Pali4EhBnT4ORnuMhX5_6oTViLWR643v4bcg5ks3AM51YL9yBtgnpT7mz.B13cZ
2 > Host: wlsxfjlaxxwgnbhmtgmw.supabase.co
2 > Connection: Keep-Alive
2 > User-Agent: Apache-HttpClient/4.5.14 (Java/17.0.19)
2 > Accept-Encoding: gzip,deflate


13:04:56.180 [main] DEBUG org.apache.http.impl.conn.PoolingHttpClientConnectionManager -- Connection request: [route: {s}->https://wlsxfjlaxxwgnbhmtgmw.supabase.co:443][total available: 0; route allocated: 0 of 5; total allocated: 0 of 10]
13:04:56.180 [main] DEBUG org.apache.http.impl.conn.PoolingHttpClientConnectionManager -- Connection leased: [id: 1][route: {s}->https://wlsxfjlaxxwgnbhmtgmw.supabase.co:443][total available: 0; route allocated: 1 of 5; total allocated: 1 of 10]
13:04:56.181 [main] DEBUG org.apache.http.impl.execchain.MainClientExec -- Opening connection {s}->https://wlsxfjlaxxwgnbhmtgmw.supabase.co:443
13:04:56.181 [main] DEBUG org.apache.http.impl.conn.DefaultHttpClientConnectionOperator -- Connecting to wlsxfjlaxxwgnbhmtgmw.supabase.co/172.64.149.246:443
13:04:56.182 [main] DEBUG org.apache.http.conn.ssl.SSLConnectionSocketFactory -- Connecting socket to wlsxfjlaxxwgnbhmtgmw.supabase.co/172.64.149.246:443 with timeout 30000
13:04:56.229 [main] DEBUG org.apache.http.conn.ssl.SSLConnectionSocketFactory -- Enabled protocols: [TLSv1.3, TLSv1.2]
13:04:56.229 [main] DEBUG org.apache.http.conn.ssl.SSLConnectionSocketFactory -- Enabled cipher suites:[TLS_AES_256_GCM_SHA384, TLS_AES_128_GCM_SHA256, TLS_CHACHA20_POLY1305_SHA256, TLS_ECDHE_ECDSA_WITH_AES_256_GCM_SHA384, TLS_ECDHE_ECDSA_WITH_AES_128_GCM_SHA256, TLS_ECDHE_ECDSA_WITH_CHACHA20_POLY1305_SHA256, TLS_ECDHE_RSA_WITH_AES_256_GCM_SHA384, TLS_ECDHE_RSA_WITH_CHACHA20_POLY1305_SHA256, TLS_ECDHE_RSA_WITH_AES_128_GCM_SHA256, TLS_DHE_RSA_WITH_AES_256_GCM_SHA384, TLS_DHE_RSA_WITH_CHACHA20_POLY1305_SHA256, TLS_DHE_DSS_WITH_AES_256_GCM_SHA384, TLS_DHE_RSA_WITH_AES_128_GCM_SHA256, TLS_DHE_DSS_WITH_AES_128_GCM_SHA256, TLS_ECDHE_ECDSA_WITH_AES_256_CBC_SHA384, TLS_ECDHE_RSA_WITH_AES_256_CBC_SHA384, TLS_ECDHE_ECDSA_WITH_AES_128_CBC_SHA256, TLS_ECDHE_RSA_WITH_AES_128_CBC_SHA256, TLS_DHE_RSA_WITH_AES_256_CBC_SHA256, TLS_DHE_DSS_WITH_AES_256_CBC_SHA256, TLS_DHE_RSA_WITH_AES_128_CBC_SHA256, TLS_DHE_DSS_WITH_AES_128_CBC_SHA256, TLS_ECDHE_ECDSA_WITH_AES_256_CBC_SHA, TLS_ECDHE_RSA_WITH_AES_256_CBC_SHA, TLS_ECDHE_ECDSA_WITH_AES_128_CBC_SHA, TLS_ECDHE_RSA_WITH_AES_128_CBC_SHA, TLS_DHE_RSA_WITH_AES_256_CBC_SHA, TLS_DHE_DSS_WITH_AES_256_CBC_SHA, TLS_DHE_RSA_WITH_AES_128_CBC_SHA, TLS_DHE_DSS_WITH_AES_128_CBC_SHA, TLS_EMPTY_RENEGOTIATION_INFO_SCSV]
13:04:56.229 [main] DEBUG org.apache.http.conn.ssl.SSLConnectionSocketFactory -- Starting handshake
13:04:56.337 [main] DEBUG org.apache.http.conn.ssl.SSLConnectionSocketFactory -- Secure session established
13:04:56.337 [main] DEBUG org.apache.http.conn.ssl.SSLConnectionSocketFactory --  negotiated protocol: TLSv1.3
13:04:56.337 [main] DEBUG org.apache.http.conn.ssl.SSLConnectionSocketFactory --  negotiated cipher suite: TLS_AES_256_GCM_SHA384
13:04:56.337 [main] DEBUG org.apache.http.conn.ssl.SSLConnectionSocketFactory --  peer principal: CN=supabase.co
13:04:56.337 [main] DEBUG org.apache.http.conn.ssl.SSLConnectionSocketFactory --  peer alternative names: [supabase.co, *.supabase.co]
13:04:56.337 [main] DEBUG org.apache.http.conn.ssl.SSLConnectionSocketFactory --  issuer principal: CN=WE1, O=Google Trust Services, C=US
13:04:56.338 [main] DEBUG org.apache.http.impl.conn.DefaultHttpClientConnectionOperator -- Connection established 192.168.0.111:56167<->172.64.149.246:443
13:04:56.338 [main] DEBUG org.apache.http.impl.conn.DefaultManagedHttpClientConnection -- http-outgoing-1: set socket timeout to 30000
13:04:56.338 [main] DEBUG org.apache.http.impl.execchain.MainClientExec -- Executing request GET /functions/v1/banking-api/accounts HTTP/1.1
13:04:56.338 [main] DEBUG org.apache.http.impl.execchain.MainClientExec -- Proxy auth state: UNCHALLENGED
13:04:56.338 [main] DEBUG org.apache.http.headers -- http-outgoing-1 >> GET /functions/v1/banking-api/accounts HTTP/1.1
13:04:56.338 [main] DEBUG org.apache.http.headers -- http-outgoing-1 >> Authorization: Bearer eyJhbGciOiJFUzI1NiIsImtpZCI6ImRjZmFiYTI1LTcyYzUtNDE2Ni04OTZiLTZiMzExODAyNjVlMyIsInR5cCI6IkpXVCJ9.eyJpc3MiOiJodHRwczovL3dsc3hmamxheHh3Z25iaG10Z213LnN1cGFiYXNlLmNvL2F1dGgvdjEiLCJzdWIiOiJkOWRlNTg1ZS03YjdlLTQ4YzctOGQyYS1lYzYzNGZmYzlkZDgiLCJhdWQiOiJhdXRoZW50aWNhdGVkIiwiZXhwIjoxNzg1OTU2Njk2LCJpYXQiOjE3ODU5NTMwOTYsImVtYWlsIjoiaGVhbHRoX2YxZmY0ZGY4QGZpbnRyYWNrLmRldiIsInBob25lIjoiIiwiYXBwX21ldGFkYXRhIjp7InByb3ZpZGVyIjoiZW1haWwiLCJwcm92aWRlcnMiOlsiZW1haWwiXX0sInVzZXJfbWV0YWRhdGEiOnsiZW1haWwiOiJoZWFsdGhfZjFmZjRkZjhAZmludHJhY2suZGV2IiwiZW1haWxfdmVyaWZpZWQiOnRydWUsInBob25lX3ZlcmlmaWVkIjpmYWxzZSwic3ViIjoiZDlkZTU4NWUtN2I3ZS00OGM3LThkMmEtZWM2MzRmZmM5ZGQ4In0sInJvbGUiOiJhdXRoZW50aWNhdGVkIiwiYWFsIjoiYWFsMSIsImFtciI6W3sibWV0aG9kIjoicGFzc3dvcmQiLCJ0aW1lc3RhbXAiOjE3ODU5NTMwOTZ9XSwic2Vzc2lvbl9pZCI6Ijg0MTc4MTlkLWZlNjQtNDIxZC04ZTkxLTVlZWYyM2E2ZWU2MSIsImlzX2Fub255bW91cyI6ZmFsc2V9.HGtNn1r1AQMMY29TdmwE_k7R8SE93sn5q1RiZn5_AWOrQYu5Xo3xNW06247xXZeufAEuwXEQgEOudRUoEfKKcA
13:04:56.339 [main] DEBUG org.apache.http.headers -- http-outgoing-1 >> apikey: eyJhbGciOiJIUzI1NiIsInR5cCI6IkpXVCJ9.eyJpc3MiOiJzdXBhYmFzZSIsInJlZiI6Indsc3hmamxheHh3Z25iaG10Z213Iiwicm9sZSI6ImFub24iLCJpYXQiOjE3ODI2OTk3NTEsImV4cCI6MjA5ODI3NTc1MX0.O6fe3bylzRtNmPYL1zXYo1mIhMBrG9vxvQgYP_Hw9DI
13:04:56.339 [main] DEBUG org.apache.http.headers -- http-outgoing-1 >> Content-Type: application/json
13:04:56.339 [main] DEBUG org.apache.http.headers -- http-outgoing-1 >> Cookie: __cf_bm=8eSSZ4FzQyncy5fBPOygP2mYliPn5zvudwp13r15uzU-1785953095.8370914-1.0.1.1-6Woh1bIVYRZ9f0bSbV6mxZzIK20223Zz4n8RD5.obx4NeJJPHfLcq.MyQOO1oCir.Pali4EhBnT4ORnuMhX5_6oTViLWR643v4bcg5ks3AM51YL9yBtgnpT7mz.B13cZ
13:04:56.339 [main] DEBUG org.apache.http.headers -- http-outgoing-1 >> Host: wlsxfjlaxxwgnbhmtgmw.supabase.co
13:04:56.339 [main] DEBUG org.apache.http.headers -- http-outgoing-1 >> Connection: Keep-Alive
13:04:56.339 [main] DEBUG org.apache.http.headers -- http-outgoing-1 >> User-Agent: Apache-HttpClient/4.5.14 (Java/17.0.19)
13:04:56.339 [main] DEBUG org.apache.http.headers -- http-outgoing-1 >> Accept-Encoding: gzip,deflate
13:04:56.339 [main] DEBUG org.apache.http.wire -- http-outgoing-1 >> "GET /functions/v1/banking-api/accounts HTTP/1.1[\r][\n]"
13:04:56.340 [main] DEBUG org.apache.http.wire -- http-outgoing-1 >> "Authorization: Bearer eyJhbGciOiJFUzI1NiIsImtpZCI6ImRjZmFiYTI1LTcyYzUtNDE2Ni04OTZiLTZiMzExODAyNjVlMyIsInR5cCI6IkpXVCJ9.eyJpc3MiOiJodHRwczovL3dsc3hmamxheHh3Z25iaG10Z213LnN1cGFiYXNlLmNvL2F1dGgvdjEiLCJzdWIiOiJkOWRlNTg1ZS03YjdlLTQ4YzctOGQyYS1lYzYzNGZmYzlkZDgiLCJhdWQiOiJhdXRoZW50aWNhdGVkIiwiZXhwIjoxNzg1OTU2Njk2LCJpYXQiOjE3ODU5NTMwOTYsImVtYWlsIjoiaGVhbHRoX2YxZmY0ZGY4QGZpbnRyYWNrLmRldiIsInBob25lIjoiIiwiYXBwX21ldGFkYXRhIjp7InByb3ZpZGVyIjoiZW1haWwiLCJwcm92aWRlcnMiOlsiZW1haWwiXX0sInVzZXJfbWV0YWRhdGEiOnsiZW1haWwiOiJoZWFsdGhfZjFmZjRkZjhAZmludHJhY2suZGV2IiwiZW1haWxfdmVyaWZpZWQiOnRydWUsInBob25lX3ZlcmlmaWVkIjpmYWxzZSwic3ViIjoiZDlkZTU4NWUtN2I3ZS00OGM3LThkMmEtZWM2MzRmZmM5ZGQ4In0sInJvbGUiOiJhdXRoZW50aWNhdGVkIiwiYWFsIjoiYWFsMSIsImFtciI6W3sibWV0aG9kIjoicGFzc3dvcmQiLCJ0aW1lc3RhbXAiOjE3ODU5NTMwOTZ9XSwic2Vzc2lvbl9pZCI6Ijg0MTc4MTlkLWZlNjQtNDIxZC04ZTkxLTVlZWYyM2E2ZWU2MSIsImlzX2Fub255bW91cyI6ZmFsc2V9.HGtNn1r1AQMMY29TdmwE_k7R8SE93sn5q1RiZn5_AWOrQYu5Xo3xNW06247xXZeufAEuwXEQgEOudRUoEfKKcA[\r][\n]"
13:04:56.340 [main] DEBUG org.apache.http.wire -- http-outgoing-1 >> "apikey: eyJhbGciOiJIUzI1NiIsInR5cCI6IkpXVCJ9.eyJpc3MiOiJzdXBhYmFzZSIsInJlZiI6Indsc3hmamxheHh3Z25iaG10Z213Iiwicm9sZSI6ImFub24iLCJpYXQiOjE3ODI2OTk3NTEsImV4cCI6MjA5ODI3NTc1MX0.O6fe3bylzRtNmPYL1zXYo1mIhMBrG9vxvQgYP_Hw9DI[\r][\n]"
13:04:56.340 [main] DEBUG org.apache.http.wire -- http-outgoing-1 >> "Content-Type: application/json[\r][\n]"
13:04:56.340 [main] DEBUG org.apache.http.wire -- http-outgoing-1 >> "Cookie: __cf_bm=8eSSZ4FzQyncy5fBPOygP2mYliPn5zvudwp13r15uzU-1785953095.8370914-1.0.1.1-6Woh1bIVYRZ9f0bSbV6mxZzIK20223Zz4n8RD5.obx4NeJJPHfLcq.MyQOO1oCir.Pali4EhBnT4ORnuMhX5_6oTViLWR643v4bcg5ks3AM51YL9yBtgnpT7mz.B13cZ[\r][\n]"
13:04:56.340 [main] DEBUG org.apache.http.wire -- http-outgoing-1 >> "Host: wlsxfjlaxxwgnbhmtgmw.supabase.co[\r][\n]"
13:04:56.340 [main] DEBUG org.apache.http.wire -- http-outgoing-1 >> "Connection: Keep-Alive[\r][\n]"
13:04:56.340 [main] DEBUG org.apache.http.wire -- http-outgoing-1 >> "User-Agent: Apache-HttpClient/4.5.14 (Java/17.0.19)[\r][\n]"
13:04:56.340 [main] DEBUG org.apache.http.wire -- http-outgoing-1 >> "Accept-Encoding: gzip,deflate[\r][\n]"
13:04:56.340 [main] DEBUG org.apache.http.wire -- http-outgoing-1 >> "[\r][\n]"
13:04:57.470 [main] DEBUG org.apache.http.wire -- http-outgoing-1 << "HTTP/1.1 200 OK[\r][\n]"
13:04:57.471 [main] DEBUG org.apache.http.wire -- http-outgoing-1 << "Date: Wed, 05 Aug 2026 18:04:57 GMT[\r][\n]"
13:04:57.471 [main] DEBUG org.apache.http.wire -- http-outgoing-1 << "Content-Type: application/json[\r][\n]"
13:04:57.471 [main] DEBUG org.apache.http.wire -- http-outgoing-1 << "Transfer-Encoding: chunked[\r][\n]"
13:04:57.471 [main] DEBUG org.apache.http.wire -- http-outgoing-1 << "Connection: keep-alive[\r][\n]"
13:04:57.471 [main] DEBUG org.apache.http.wire -- http-outgoing-1 << "CF-Ray: a267ba259eb5da19-BOG[\r][\n]"
13:04:57.471 [main] DEBUG org.apache.http.wire -- http-outgoing-1 << "CF-Cache-Status: DYNAMIC[\r][\n]"
13:04:57.471 [main] DEBUG org.apache.http.wire -- http-outgoing-1 << "Access-Control-Allow-Origin: *[\r][\n]"
13:04:57.471 [main] DEBUG org.apache.http.wire -- http-outgoing-1 << "Content-Encoding: gzip[\r][\n]"
13:04:57.471 [main] DEBUG org.apache.http.wire -- http-outgoing-1 << "Server: cloudflare[\r][\n]"
13:04:57.471 [main] DEBUG org.apache.http.wire -- http-outgoing-1 << "Vary: Accept-Encoding[\r][\n]"
13:04:57.471 [main] DEBUG org.apache.http.wire -- http-outgoing-1 << "X-Content-Type-Options: nosniff[\r][\n]"
13:04:57.471 [main] DEBUG org.apache.http.wire -- http-outgoing-1 << "access-control-allow-headers: Content-Type, Authorization, X-Client-Info, Apikey[\r][\n]"
13:04:57.471 [main] DEBUG org.apache.http.wire -- http-outgoing-1 << "access-control-allow-methods: GET, POST, PUT, DELETE, OPTIONS[\r][\n]"
13:04:57.472 [main] DEBUG org.apache.http.wire -- http-outgoing-1 << "endpoint-load-metrics: application_utilization:10,named_metrics.queue_depth:10[\r][\n]"
13:04:57.472 [main] DEBUG org.apache.http.wire -- http-outgoing-1 << "sb-gateway-version: 1[\r][\n]"
13:04:57.472 [main] DEBUG org.apache.http.wire -- http-outgoing-1 << "sb-project-ref: wlsxfjlaxxwgnbhmtgmw[\r][\n]"
13:04:57.472 [main] DEBUG org.apache.http.wire -- http-outgoing-1 << "sb-request-id: 019fd319-9388-7fc8-ae4b-2dbf03504537[\r][\n]"
13:04:57.472 [main] DEBUG org.apache.http.wire -- http-outgoing-1 << "x-deno-execution-id: 95eb76eb-dd2f-49e0-b163-9b22e350ad19[\r][\n]"
13:04:57.472 [main] DEBUG org.apache.http.wire -- http-outgoing-1 << "x-sb-edge-region: us-east-1[\r][\n]"
13:04:57.472 [main] DEBUG org.apache.http.wire -- http-outgoing-1 << "x-served-by: supabase-edge-runtime[\r][\n]"
13:04:57.472 [main] DEBUG org.apache.http.wire -- http-outgoing-1 << "Strict-Transport-Security: max-age=31536000; includeSubDomains; preload[\r][\n]"
13:04:57.472 [main] DEBUG org.apache.http.wire -- http-outgoing-1 << "alt-svc: h3=":443"; ma=86400[\r][\n]"
13:04:57.472 [main] DEBUG org.apache.http.wire -- http-outgoing-1 << "[\r][\n]"
13:04:57.472 [main] DEBUG org.apache.http.wire -- http-outgoing-1 << "29[\r][\n]"
13:04:57.472 [main] DEBUG org.apache.http.wire -- http-outgoing-1 << "[0x1f][0x8b][0x8][0x0][0x0][0x0][0x0][0x0][0x4][0xff][0xaa]VJLN[0xce]/[0xcd]+)V[0xb2][0x8a][0x8e][0xad][0x5][0x0][0x0][0x0][0xff][0xff][0x3][0x0][0xb][0xe5][0x19][0xc9][0xf][0x0][0x0][0x0][\r][\n]"
13:04:57.472 [main] DEBUG org.apache.http.headers -- http-outgoing-1 << HTTP/1.1 200 OK
13:04:57.472 [main] DEBUG org.apache.http.headers -- http-outgoing-1 << Date: Wed, 05 Aug 2026 18:04:57 GMT
13:04:57.472 [main] DEBUG org.apache.http.headers -- http-outgoing-1 << Content-Type: application/json
13:04:57.472 [main] DEBUG org.apache.http.headers -- http-outgoing-1 << Transfer-Encoding: chunked
13:04:57.472 [main] DEBUG org.apache.http.headers -- http-outgoing-1 << Connection: keep-alive
13:04:57.473 [main] DEBUG org.apache.http.headers -- http-outgoing-1 << CF-Ray: a267ba259eb5da19-BOG
13:04:57.473 [main] DEBUG org.apache.http.headers -- http-outgoing-1 << CF-Cache-Status: DYNAMIC
13:04:57.473 [main] DEBUG org.apache.http.headers -- http-outgoing-1 << Access-Control-Allow-Origin: *
13:04:57.473 [main] DEBUG org.apache.http.headers -- http-outgoing-1 << Content-Encoding: gzip
13:04:57.473 [main] DEBUG org.apache.http.headers -- http-outgoing-1 << Server: cloudflare
13:04:57.473 [main] DEBUG org.apache.http.headers -- http-outgoing-1 << Vary: Accept-Encoding
13:04:57.473 [main] DEBUG org.apache.http.headers -- http-outgoing-1 << X-Content-Type-Options: nosniff
13:04:57.473 [main] DEBUG org.apache.http.headers -- http-outgoing-1 << access-control-allow-headers: Content-Type, Authorization, X-Client-Info, Apikey
13:04:57.473 [main] DEBUG org.apache.http.headers -- http-outgoing-1 << access-control-allow-methods: GET, POST, PUT, DELETE, OPTIONS
13:04:57.473 [main] DEBUG org.apache.http.headers -- http-outgoing-1 << endpoint-load-metrics: application_utilization:10,named_metrics.queue_depth:10
13:04:57.473 [main] DEBUG org.apache.http.headers -- http-outgoing-1 << sb-gateway-version: 1
13:04:57.473 [main] DEBUG org.apache.http.headers -- http-outgoing-1 << sb-project-ref: wlsxfjlaxxwgnbhmtgmw
13:04:57.473 [main] DEBUG org.apache.http.headers -- http-outgoing-1 << sb-request-id: 019fd319-9388-7fc8-ae4b-2dbf03504537
13:04:57.473 [main] DEBUG org.apache.http.headers -- http-outgoing-1 << x-deno-execution-id: 95eb76eb-dd2f-49e0-b163-9b22e350ad19
13:04:57.473 [main] DEBUG org.apache.http.headers -- http-outgoing-1 << x-sb-edge-region: us-east-1
13:04:57.473 [main] DEBUG org.apache.http.headers -- http-outgoing-1 << x-served-by: supabase-edge-runtime
13:04:57.473 [main] DEBUG org.apache.http.headers -- http-outgoing-1 << Strict-Transport-Security: max-age=31536000; includeSubDomains; preload
13:04:57.473 [main] DEBUG org.apache.http.headers -- http-outgoing-1 << alt-svc: h3=":443"; ma=86400
13:04:57.473 [main] DEBUG org.apache.http.impl.execchain.MainClientExec -- Connection can be kept alive indefinitely
13:04:57.474 [main] DEBUG org.apache.http.wire -- http-outgoing-1 << "0[\r][\n]"
13:04:57.474 [main] DEBUG org.apache.http.wire -- http-outgoing-1 << "[\r][\n]"
13:04:57.474 [main] DEBUG org.apache.http.impl.conn.PoolingHttpClientConnectionManager -- Connection [id: 1][route: {s}->https://wlsxfjlaxxwgnbhmtgmw.supabase.co:443] can be kept alive indefinitely
13:04:57.474 [main] DEBUG org.apache.http.impl.conn.DefaultManagedHttpClientConnection -- http-outgoing-1: set socket timeout to 0
13:04:57.475 [main] DEBUG org.apache.http.impl.conn.PoolingHttpClientConnectionManager -- Connection released: [id: 1][route: {s}->https://wlsxfjlaxxwgnbhmtgmw.supabase.co:443][total available: 1; route allocated: 1 of 5; total allocated: 1 of 10]
13:04:57.475 [main] DEBUG org.apache.http.impl.conn.PoolingHttpClientConnectionManager -- Connection manager is shutting down
13:04:57.475 [main] DEBUG org.apache.http.impl.conn.DefaultManagedHttpClientConnection -- http-outgoing-1: Close connection
13:04:57.477 [main] DEBUG org.apache.http.impl.conn.PoolingHttpClientConnectionManager -- Connection manager shut down
13:04:57.477 [main] DEBUG com.intuit.karate -- response time in milliseconds: 1295
2 < 200
2 < Date: Wed, 05 Aug 2026 18:04:57 GMT
2 < Content-Type: application/json
2 < Transfer-Encoding: chunked
2 < Connection: keep-alive
2 < CF-Ray: a267ba259eb5da19-BOG
2 < CF-Cache-Status: DYNAMIC
2 < Access-Control-Allow-Origin: *
2 < Server: cloudflare
2 < Vary: Accept-Encoding
2 < X-Content-Type-Options: nosniff
2 < access-control-allow-headers: Content-Type, Authorization, X-Client-Info, Apikey
2 < access-control-allow-methods: GET, POST, PUT, DELETE, OPTIONS
2 < endpoint-load-metrics: application_utilization:10,named_metrics.queue_depth:10
2 < sb-gateway-version: 1
2 < sb-project-ref: wlsxfjlaxxwgnbhmtgmw
2 < sb-request-id: 019fd319-9388-7fc8-ae4b-2dbf03504537
2 < x-deno-execution-id: 95eb76eb-dd2f-49e0-b163-9b22e350ad19
2 < x-sb-edge-region: us-east-1
2 < x-served-by: supabase-edge-runtime
2 < Strict-Transport-Security: max-age=31536000; includeSubDomains; preload
2 < alt-svc: h3=":443"; ma=86400
{"accounts":[]}

13:04:57.495 [main] DEBUG com.jayway.jsonpath.internal.path.CompiledPath -- Evaluating path: $
]]></system-out>
  </testcase>
  <testcase name="[2:26] Edge Function transfer responde a metodo no permitido" classname="features/health/health_check" time="2.888">
    <system-out><![CDATA[13:04:57.583 [main] INFO com.intuit.karate -- Usando configuración por defecto. 
13:04:57.586 [main] INFO com.intuit.karate -- Ambiente activo: qa 
13:04:57.587 [main] INFO com.intuit.karate -- Base URL final: https://wlsxfjlaxxwgnbhmtgmw.supabase.co 
13:04:57.596 [main] DEBUG com.jayway.jsonpath.internal.path.CompiledPath -- Evaluating path: $
13:04:57.599 [main] DEBUG org.apache.http.client.protocol.RequestAddCookies -- CookieSpec selected: karate
13:04:57.600 [main] DEBUG org.apache.http.client.protocol.RequestAuthCache -- Auth cache not set in the context
13:04:57.601 [main] DEBUG com.intuit.karate -- request:
1 > POST https://wlsxfjlaxxwgnbhmtgmw.supabase.co/auth/v1/signup
1 > apikey: eyJhbGciOiJIUzI1NiIsInR5cCI6IkpXVCJ9.eyJpc3MiOiJzdXBhYmFzZSIsInJlZiI6Indsc3hmamxheHh3Z25iaG10Z213Iiwicm9sZSI6ImFub24iLCJpYXQiOjE3ODI2OTk3NTEsImV4cCI6MjA5ODI3NTc1MX0.O6fe3bylzRtNmPYL1zXYo1mIhMBrG9vxvQgYP_Hw9DI
1 > Content-Type: application/json; charset=UTF-8
1 > Content-Length: 69
1 > Host: wlsxfjlaxxwgnbhmtgmw.supabase.co
1 > Connection: Keep-Alive
1 > User-Agent: Apache-HttpClient/4.5.14 (Java/17.0.19)
1 > Accept-Encoding: gzip,deflate
{"email":"health_cfc09c07@fintrack.dev","password":"TestPassword123"}

13:04:57.601 [main] DEBUG org.apache.http.impl.conn.PoolingHttpClientConnectionManager -- Connection request: [route: {s}->https://wlsxfjlaxxwgnbhmtgmw.supabase.co:443][total available: 0; route allocated: 0 of 5; total allocated: 0 of 10]
13:04:57.602 [main] DEBUG org.apache.http.impl.conn.PoolingHttpClientConnectionManager -- Connection leased: [id: 2][route: {s}->https://wlsxfjlaxxwgnbhmtgmw.supabase.co:443][total available: 0; route allocated: 1 of 5; total allocated: 1 of 10]
13:04:57.602 [main] DEBUG org.apache.http.impl.execchain.MainClientExec -- Opening connection {s}->https://wlsxfjlaxxwgnbhmtgmw.supabase.co:443
13:04:57.603 [main] DEBUG org.apache.http.impl.conn.DefaultHttpClientConnectionOperator -- Connecting to wlsxfjlaxxwgnbhmtgmw.supabase.co/172.64.149.246:443
13:04:57.603 [main] DEBUG org.apache.http.conn.ssl.SSLConnectionSocketFactory -- Connecting socket to wlsxfjlaxxwgnbhmtgmw.supabase.co/172.64.149.246:443 with timeout 30000
13:04:57.664 [main] DEBUG org.apache.http.conn.ssl.SSLConnectionSocketFactory -- Enabled protocols: [TLSv1.3, TLSv1.2]
13:04:57.664 [main] DEBUG org.apache.http.conn.ssl.SSLConnectionSocketFactory -- Enabled cipher suites:[TLS_AES_256_GCM_SHA384, TLS_AES_128_GCM_SHA256, TLS_CHACHA20_POLY1305_SHA256, TLS_ECDHE_ECDSA_WITH_AES_256_GCM_SHA384, TLS_ECDHE_ECDSA_WITH_AES_128_GCM_SHA256, TLS_ECDHE_ECDSA_WITH_CHACHA20_POLY1305_SHA256, TLS_ECDHE_RSA_WITH_AES_256_GCM_SHA384, TLS_ECDHE_RSA_WITH_CHACHA20_POLY1305_SHA256, TLS_ECDHE_RSA_WITH_AES_128_GCM_SHA256, TLS_DHE_RSA_WITH_AES_256_GCM_SHA384, TLS_DHE_RSA_WITH_CHACHA20_POLY1305_SHA256, TLS_DHE_DSS_WITH_AES_256_GCM_SHA384, TLS_DHE_RSA_WITH_AES_128_GCM_SHA256, TLS_DHE_DSS_WITH_AES_128_GCM_SHA256, TLS_ECDHE_ECDSA_WITH_AES_256_CBC_SHA384, TLS_ECDHE_RSA_WITH_AES_256_CBC_SHA384, TLS_ECDHE_ECDSA_WITH_AES_128_CBC_SHA256, TLS_ECDHE_RSA_WITH_AES_128_CBC_SHA256, TLS_DHE_RSA_WITH_AES_256_CBC_SHA256, TLS_DHE_DSS_WITH_AES_256_CBC_SHA256, TLS_DHE_RSA_WITH_AES_128_CBC_SHA256, TLS_DHE_DSS_WITH_AES_128_CBC_SHA256, TLS_ECDHE_ECDSA_WITH_AES_256_CBC_SHA, TLS_ECDHE_RSA_WITH_AES_256_CBC_SHA, TLS_ECDHE_ECDSA_WITH_AES_128_CBC_SHA, TLS_ECDHE_RSA_WITH_AES_128_CBC_SHA, TLS_DHE_RSA_WITH_AES_256_CBC_SHA, TLS_DHE_DSS_WITH_AES_256_CBC_SHA, TLS_DHE_RSA_WITH_AES_128_CBC_SHA, TLS_DHE_DSS_WITH_AES_128_CBC_SHA, TLS_EMPTY_RENEGOTIATION_INFO_SCSV]
13:04:57.665 [main] DEBUG org.apache.http.conn.ssl.SSLConnectionSocketFactory -- Starting handshake
13:04:57.712 [main] DEBUG org.apache.http.conn.ssl.SSLConnectionSocketFactory -- Secure session established
13:04:57.712 [main] DEBUG org.apache.http.conn.ssl.SSLConnectionSocketFactory --  negotiated protocol: TLSv1.3
13:04:57.712 [main] DEBUG org.apache.http.conn.ssl.SSLConnectionSocketFactory --  negotiated cipher suite: TLS_AES_256_GCM_SHA384
13:04:57.712 [main] DEBUG org.apache.http.conn.ssl.SSLConnectionSocketFactory --  peer principal: CN=supabase.co
13:04:57.712 [main] DEBUG org.apache.http.conn.ssl.SSLConnectionSocketFactory --  peer alternative names: [supabase.co, *.supabase.co]
13:04:57.713 [main] DEBUG org.apache.http.conn.ssl.SSLConnectionSocketFactory --  issuer principal: CN=WE1, O=Google Trust Services, C=US
13:04:57.713 [main] DEBUG org.apache.http.impl.conn.DefaultHttpClientConnectionOperator -- Connection established 192.168.0.111:56168<->172.64.149.246:443
13:04:57.713 [main] DEBUG org.apache.http.impl.conn.DefaultManagedHttpClientConnection -- http-outgoing-2: set socket timeout to 30000
13:04:57.713 [main] DEBUG org.apache.http.impl.execchain.MainClientExec -- Executing request POST /auth/v1/signup HTTP/1.1
13:04:57.713 [main] DEBUG org.apache.http.impl.execchain.MainClientExec -- Target auth state: UNCHALLENGED
13:04:57.713 [main] DEBUG org.apache.http.impl.execchain.MainClientExec -- Proxy auth state: UNCHALLENGED
13:04:57.714 [main] DEBUG org.apache.http.headers -- http-outgoing-2 >> POST /auth/v1/signup HTTP/1.1
13:04:57.714 [main] DEBUG org.apache.http.headers -- http-outgoing-2 >> apikey: eyJhbGciOiJIUzI1NiIsInR5cCI6IkpXVCJ9.eyJpc3MiOiJzdXBhYmFzZSIsInJlZiI6Indsc3hmamxheHh3Z25iaG10Z213Iiwicm9sZSI6ImFub24iLCJpYXQiOjE3ODI2OTk3NTEsImV4cCI6MjA5ODI3NTc1MX0.O6fe3bylzRtNmPYL1zXYo1mIhMBrG9vxvQgYP_Hw9DI
13:04:57.714 [main] DEBUG org.apache.http.headers -- http-outgoing-2 >> Content-Type: application/json; charset=UTF-8
13:04:57.714 [main] DEBUG org.apache.http.headers -- http-outgoing-2 >> Content-Length: 69
13:04:57.714 [main] DEBUG org.apache.http.headers -- http-outgoing-2 >> Host: wlsxfjlaxxwgnbhmtgmw.supabase.co
13:04:57.714 [main] DEBUG org.apache.http.headers -- http-outgoing-2 >> Connection: Keep-Alive
13:04:57.714 [main] DEBUG org.apache.http.headers -- http-outgoing-2 >> User-Agent: Apache-HttpClient/4.5.14 (Java/17.0.19)
13:04:57.714 [main] DEBUG org.apache.http.headers -- http-outgoing-2 >> Accept-Encoding: gzip,deflate
13:04:57.714 [main] DEBUG org.apache.http.wire -- http-outgoing-2 >> "POST /auth/v1/signup HTTP/1.1[\r][\n]"
13:04:57.715 [main] DEBUG org.apache.http.wire -- http-outgoing-2 >> "apikey: eyJhbGciOiJIUzI1NiIsInR5cCI6IkpXVCJ9.eyJpc3MiOiJzdXBhYmFzZSIsInJlZiI6Indsc3hmamxheHh3Z25iaG10Z213Iiwicm9sZSI6ImFub24iLCJpYXQiOjE3ODI2OTk3NTEsImV4cCI6MjA5ODI3NTc1MX0.O6fe3bylzRtNmPYL1zXYo1mIhMBrG9vxvQgYP_Hw9DI[\r][\n]"
13:04:57.715 [main] DEBUG org.apache.http.wire -- http-outgoing-2 >> "Content-Type: application/json; charset=UTF-8[\r][\n]"
13:04:57.715 [main] DEBUG org.apache.http.wire -- http-outgoing-2 >> "Content-Length: 69[\r][\n]"
13:04:57.715 [main] DEBUG org.apache.http.wire -- http-outgoing-2 >> "Host: wlsxfjlaxxwgnbhmtgmw.supabase.co[\r][\n]"
13:04:57.715 [main] DEBUG org.apache.http.wire -- http-outgoing-2 >> "Connection: Keep-Alive[\r][\n]"
13:04:57.715 [main] DEBUG org.apache.http.wire -- http-outgoing-2 >> "User-Agent: Apache-HttpClient/4.5.14 (Java/17.0.19)[\r][\n]"
13:04:57.715 [main] DEBUG org.apache.http.wire -- http-outgoing-2 >> "Accept-Encoding: gzip,deflate[\r][\n]"
13:04:57.715 [main] DEBUG org.apache.http.wire -- http-outgoing-2 >> "[\r][\n]"
13:04:57.715 [main] DEBUG org.apache.http.wire -- http-outgoing-2 >> "{"email":"health_cfc09c07@fintrack.dev","password":"TestPassword123"}"
13:04:58.003 [main] DEBUG org.apache.http.wire -- http-outgoing-2 << "HTTP/1.1 200 OK[\r][\n]"
13:04:58.004 [main] DEBUG org.apache.http.wire -- http-outgoing-2 << "Date: Wed, 05 Aug 2026 18:04:58 GMT[\r][\n]"
13:04:58.004 [main] DEBUG org.apache.http.wire -- http-outgoing-2 << "Content-Type: application/json[\r][\n]"
13:04:58.004 [main] DEBUG org.apache.http.wire -- http-outgoing-2 << "Transfer-Encoding: chunked[\r][\n]"
13:04:58.004 [main] DEBUG org.apache.http.wire -- http-outgoing-2 << "Connection: keep-alive[\r][\n]"
13:04:58.004 [main] DEBUG org.apache.http.wire -- http-outgoing-2 << "CF-Ray: a267ba2e3f77707c-BOG[\r][\n]"
13:04:58.004 [main] DEBUG org.apache.http.wire -- http-outgoing-2 << "CF-Cache-Status: DYNAMIC[\r][\n]"
13:04:58.004 [main] DEBUG org.apache.http.wire -- http-outgoing-2 << "Content-Encoding: gzip[\r][\n]"
13:04:58.004 [main] DEBUG org.apache.http.wire -- http-outgoing-2 << "Server: cloudflare[\r][\n]"
13:04:58.004 [main] DEBUG org.apache.http.wire -- http-outgoing-2 << "Strict-Transport-Security: max-age=31536000; includeSubDomains; preload[\r][\n]"
13:04:58.004 [main] DEBUG org.apache.http.wire -- http-outgoing-2 << "Vary: Origin, Accept-Encoding[\r][\n]"
13:04:58.004 [main] DEBUG org.apache.http.wire -- http-outgoing-2 << "X-Content-Type-Options: nosniff[\r][\n]"
13:04:58.004 [main] DEBUG org.apache.http.wire -- http-outgoing-2 << "sb-auth-refresh-token-prefix: sl3ui[\r][\n]"
13:04:58.004 [main] DEBUG org.apache.http.wire -- http-outgoing-2 << "sb-auth-session-id: 30780a0c-e91a-491c-aa5d-76ab4ed5d00c[\r][\n]"
13:04:58.005 [main] DEBUG org.apache.http.wire -- http-outgoing-2 << "sb-auth-user-id: 77e7fdc9-c55f-4bd2-9238-6db875ea63f8[\r][\n]"
13:04:58.005 [main] DEBUG org.apache.http.wire -- http-outgoing-2 << "sb-gateway-version: 1[\r][\n]"
13:04:58.005 [main] DEBUG org.apache.http.wire -- http-outgoing-2 << "sb-project-ref: wlsxfjlaxxwgnbhmtgmw[\r][\n]"
13:04:58.005 [main] DEBUG org.apache.http.wire -- http-outgoing-2 << "sb-request-id: 019fd319-98e1-7036-97cb-ee5c2095e1a5[\r][\n]"
13:04:58.005 [main] DEBUG org.apache.http.wire -- http-outgoing-2 << "x-envoy-attempt-count: 1[\r][\n]"
13:04:58.005 [main] DEBUG org.apache.http.wire -- http-outgoing-2 << "x-envoy-upstream-service-time: 104[\r][\n]"
13:04:58.005 [main] DEBUG org.apache.http.wire -- http-outgoing-2 << "set-cookie: __cf_bm=3weUwpu8MqNKfgHl57XVehIRXq4yTj93X8f9dqk6Y3s-1785953097.9509735-1.0.1.1-qywbAXeQJN6LuIItDIgkCKjGxu26WZ5F3LLvyZVBjK8DadlakRyapPGq9BA3.IUmYfu8hTUWqwLyVSU973qAi47UGDnCzFSqtEJmgh4VcS72.INZovT6vz8vS9Dix5Lp; HttpOnly; SameSite=None; Secure; Path=/; Domain=supabase.co; Expires=Wed, 05 Aug 2026 18:34:58 GMT[\r][\n]"
13:04:58.005 [main] DEBUG org.apache.http.wire -- http-outgoing-2 << "alt-svc: h3=":443"; ma=86400[\r][\n]"
13:04:58.005 [main] DEBUG org.apache.http.wire -- http-outgoing-2 << "[\r][\n]"
13:04:58.005 [main] DEBUG org.apache.http.wire -- http-outgoing-2 << "458[\r][\n]"
13:04:58.005 [main] DEBUG org.apache.http.wire -- http-outgoing-2 << "[0x1f][0x8b][0x8][0x0][0x0][0x0][0x0][0x0][0x0][0x3][0xcc]T[0xdb]r[0xa3]8[0x10][0xfd][0x17]?[0x8f]SH2[0x6][0xfc]4Il[0x13][0xbc]6[0xae][0x10][0xcc]mk[0xca][0x5][0x92]0[0xc2][0xdc][0x8a][0x8b]1[0xa4][0xf2][0xef]+%[0x99][0xcc][0xee][0xd6][0xec]T[0xe6]m[0x1f]([0x9b]V[0x9f][0xee][0xd3][0xa7][0x8f]x[0x9e][0x84][0x18][0xd3][0xa6]9[0xb6][0xe5][0x99][0x16][0x93][0xc5][0x84][0xe][0x9b]$[0xd2]1[0xdb][0xb3][0xcd][0xfa]0[0x1a][0xc0]dFc[0xe4]m[0x15][0xdc][0x1b]s#[0xb7][0xd2] _3[0xdf]6[0xc0][0xd6][0xc6][0x83]?[0x1e]Zs[0xb9][0x82]&[0x93]f{;`[[0xfe][0xec][0xc6][0xd5]u[0xbf][0xbc][0x1d][0xcc][0xd4][0xc9]v[0x3][0xc7][0x16][0x96][0x8c][0x5][0xf6]\y[0xce][0xfd]F[0xbb][0xe1][\r]*[0x8c]v[0xa2]AI[0x1e][0xac][0x1e][0x8f][0xe5]e[0x8b]H[0x83]Q[0x92][0x87][0xf9]5[0xa1][0xf][0x9][\n]"
13:04:58.005 [main] DEBUG org.apache.http.wire -- http-outgoing-2 << "[0xa0][0xcc]B[0x1d]H[0x1][0x4]h[[0x98][0x0][0xeb][0xbc][0xa9]gf[0xdb][0xdc][0xbc]l[0xe1][0x1a][0x10][0xfd]t![0xe9][0x8a]m[0xef]7#q[\r]^[0xcb]@&<[0xa0][0x80][0x13][0xdc]?[0x81][0xd4][0xb4][0x9d]|k[,X[0x1a][0xed][0xde]6[0xc6][0xfd][0xbd][0x4][0x3][0xdd][0x98][0x99][0xa3][0x93][0xf9][0xb6]?[0x6][0xe9]I`[0x13][0xe2]>[\n]"
13:04:58.005 [main] DEBUG org.apache.http.wire -- http-outgoing-2 << "[0x1e][0x9][0xf1][0xac]2pe)t[0xcd][0x84][0xe8][0xce][0xd9]`=[0xb][0xbc][0xa4]7[0xd2][0xf2]j[0x8e]'[0xb0][0xb7][0xf][0xd0]L[0xcf]3[0x8e][0xa9]|[0x8f]c[0xd2][0x15][0xda]/[0xf][0xb2]i[0xef][0xfa][0xbd]}[0xe2][0x2]9[0xad][0xef]"
13:04:58.006 [main] DEBUG org.apache.http.headers -- http-outgoing-2 << HTTP/1.1 200 OK
13:04:58.006 [main] DEBUG org.apache.http.headers -- http-outgoing-2 << Date: Wed, 05 Aug 2026 18:04:58 GMT
13:04:58.006 [main] DEBUG org.apache.http.headers -- http-outgoing-2 << Content-Type: application/json
13:04:58.006 [main] DEBUG org.apache.http.headers -- http-outgoing-2 << Transfer-Encoding: chunked
13:04:58.006 [main] DEBUG org.apache.http.headers -- http-outgoing-2 << Connection: keep-alive
13:04:58.006 [main] DEBUG org.apache.http.headers -- http-outgoing-2 << CF-Ray: a267ba2e3f77707c-BOG
13:04:58.006 [main] DEBUG org.apache.http.headers -- http-outgoing-2 << CF-Cache-Status: DYNAMIC
13:04:58.006 [main] DEBUG org.apache.http.headers -- http-outgoing-2 << Content-Encoding: gzip
13:04:58.006 [main] DEBUG org.apache.http.headers -- http-outgoing-2 << Server: cloudflare
13:04:58.006 [main] DEBUG org.apache.http.headers -- http-outgoing-2 << Strict-Transport-Security: max-age=31536000; includeSubDomains; preload
13:04:58.006 [main] DEBUG org.apache.http.headers -- http-outgoing-2 << Vary: Origin, Accept-Encoding
13:04:58.006 [main] DEBUG org.apache.http.headers -- http-outgoing-2 << X-Content-Type-Options: nosniff
13:04:58.006 [main] DEBUG org.apache.http.headers -- http-outgoing-2 << sb-auth-refresh-token-prefix: sl3ui
13:04:58.006 [main] DEBUG org.apache.http.headers -- http-outgoing-2 << sb-auth-session-id: 30780a0c-e91a-491c-aa5d-76ab4ed5d00c
13:04:58.006 [main] DEBUG org.apache.http.headers -- http-outgoing-2 << sb-auth-user-id: 77e7fdc9-c55f-4bd2-9238-6db875ea63f8
13:04:58.006 [main] DEBUG org.apache.http.headers -- http-outgoing-2 << sb-gateway-version: 1
13:04:58.006 [main] DEBUG org.apache.http.headers -- http-outgoing-2 << sb-project-ref: wlsxfjlaxxwgnbhmtgmw
13:04:58.006 [main] DEBUG org.apache.http.headers -- http-outgoing-2 << sb-request-id: 019fd319-98e1-7036-97cb-ee5c2095e1a5
13:04:58.006 [main] DEBUG org.apache.http.headers -- http-outgoing-2 << x-envoy-attempt-count: 1
13:04:58.006 [main] DEBUG org.apache.http.headers -- http-outgoing-2 << x-envoy-upstream-service-time: 104
13:04:58.007 [main] DEBUG org.apache.http.headers -- http-outgoing-2 << set-cookie: __cf_bm=3weUwpu8MqNKfgHl57XVehIRXq4yTj93X8f9dqk6Y3s-1785953097.9509735-1.0.1.1-qywbAXeQJN6LuIItDIgkCKjGxu26WZ5F3LLvyZVBjK8DadlakRyapPGq9BA3.IUmYfu8hTUWqwLyVSU973qAi47UGDnCzFSqtEJmgh4VcS72.INZovT6vz8vS9Dix5Lp; HttpOnly; SameSite=None; Secure; Path=/; Domain=supabase.co; Expires=Wed, 05 Aug 2026 18:34:58 GMT
13:04:58.007 [main] DEBUG org.apache.http.headers -- http-outgoing-2 << alt-svc: h3=":443"; ma=86400
13:04:58.007 [main] DEBUG org.apache.http.impl.execchain.MainClientExec -- Connection can be kept alive indefinitely
13:04:58.008 [main] DEBUG org.apache.http.client.protocol.ResponseProcessCookies -- Cookie accepted [__cf_bm="3weUwpu8MqNKfgHl57XVehIRXq4yTj93X8f9dqk6Y3s-1785953097.9509735-1.0.1.1-qywbAXeQJN6LuIItDIgkCKjGxu26W...", version:0, domain:supabase.co, path:/, expiry:Wed Aug 05 13:34:58 COT 2026]
13:04:58.009 [main] DEBUG org.apache.http.wire -- http-outgoing-2 << "f[\r][0xcf][0xe7][0xbc][0x9d]$z[0xb0]J[0xf][0x9a][0xb9]?[0xde][0xca][0xfc]A[0x8f]zPE[0x85]5[0xf8][0xae]Yos+#B[0xd4][0xe2][0xae][0x8c][0xa0][0x9c][0x9][0x8c][0xe8][0xe7]{w[0xbd][0x7]AF[0xf4][0xf5][0xd9][0xf7][0xac][0xc4]H+[0x85][0xe7][0xc][0x11][\n]"
13:04:58.009 [main] DEBUG org.apache.http.wire -- http-outgoing-2 << "[0xaa]@w[0x6][0x91][0x17][0xb8] [0x9][0xdd]^p[0xef]q[0xae][0xc1][0xd0][0xb5]2\p-[0xb3][0xe6][0xe3][0xcc][0xf3]$^[0xdb][0x19][0x3]o[0x13]G[0xae]#[0xf9][0xae][0xc5]gZ[0xb1]}[0xf1]#Gh[0x1f][0xb8][0xeb][0x86][0xe8]I[0xec][0xc3] [0xdd]-3[0xfe][0x90][0xdb] [0xcf]:[0xf2][0xb0]I|[0xd8]t[0xbc]'|[0xd5][0xe1][0x15]s[0x8d]I[0xee][0xc][0xa1][0xcb][0xb9][0x8][0xcd][0xf8],[0xc4]=|[0xcc][0xe0][0xa1] [0xc3]y[0x96][0x87].[0xd7].[0xad]r[0xdf][0xbd][0x8e][0xc1]S[0xcf]0r[0x98][0xe0]m[0x8e]$3ap[0xf6][0xc7]s[0xcb]M[0x3][0x2]&I~[0xfe]8l[0xed][0xf3][0xb0][0x1b]O[0xad][0x99][l[0xbf][0xc4] pWp[0x7][0xfd][0x99]Q[0x88][0x19]6[0x97]H?[0xfc][0xe7]~|[0xce]_[0xd4][0x16][0xbf][0xbb]'a[0xd2]u[0x8b][0x99]1wQ[0xc3][0xc4][0xdc][0xa1][0xae][0x9d][0xc5]9[0xf7][0xce][0x88][0x11][0xb9][0xe0][0xfc]Q[0xe8][0xc6]k[0x80][0xc]#+[0x89][0xbc][0xdb][0xed]1[0xd1]<[0xc1][0x19]:#[0x86][0xd9]%[0xca][0xb4]7[0xd3][0xa7][0xbb][0x9e]{[0xa0][0xf7][0xed][0xbb]t[0xeb][0x1e][0xe4][0x9d][0xbb][0xe2][0xa6]?_[0xfd][0x1]$[0xbe][0xed][0x9c][0xf9]E[0x80][0xbe]kH\[0x17][0x10],o{_[0x98]>[0xcf]F[0xf][0xae];[0xae][0x8d][0x1c][0xb9][0x1a][0xc0][0x83]1[0xe7][0x17][0xa7][0xe1][0xb5][0xb5][0x9b][0xe1])[0xbb][0xeb][0xd5][0xa9]ro[0xf]s[0xa0][0xca][0x87]}F[0xc6][0xf2]q`[0x18]T[0xc4][0x8e][0x86][0x7][0xf2]Du[0x82][0xcb]M3[0xc0][0xee][0x82][0xca][0xcd][0xfd][0xda][0xb1]VO[0x9b]eZ[0xff][0xe1][0xa9][0x10]ZE[\r][0x87]F9UK[0xf3][0x82][0x9];/7[0xd3][0xb5][0xb2][0xec]'_&[0xaf]W[0xf8][0xd8][0xe][0x15][0xe5][0xf7]8[0xa2]aMk[0x1e][0xa5][0xd7][0x8a][0xd5][0xb4]92~[0xbb][0xd1]\[0x92]~D[0xc2]v[0xb2][0x0][0x8a]*k[0xf2]|[0xae][0xa9]_&5[0x8d]y8[0xf9][0xf8][0x14]4[0x19][0xea][0xd8][0xd8]!*[0xe3][0x8e][0x17][0xea][0x1a]^o[0xf1]<a[0x84][0x9f])[\n]"
13:04:58.009 [main] DEBUG org.apache.http.wire -- http-outgoing-2 << "Ub[0x82][0xb5])[0x96][0xe5]x:[0x8b][0x8][0x9c]j[0x10][0xa9][0xd3]9[0x89]TE[0xa6][0xe1][0x1c][0xc5]*[0xc7][0x84][0x9d]H[0xe][0xbb]6[0xa1]E[0xcb]p[0xd8]R[0xc2][0xa3]u[0x99][0xd1][0x9f][0x84]i[0x1e][0xb2][0x8c][0xc7][0x13][0x1a]fmr[0xc4]1[0x96]4,)_cV[0xb4]u[0x88][0xcf]7[0x84]^[0xbe][0xa7][0x1d]qY[0xc4][0xac][0xce])y[0x1d]c[0x2]%8[0x9f]J[0xea]T[0x92]m[0xa0].[0xa4][0xd9]BVo[0x0]D[0x0][0x0]y[0xa6][0x4][0x1c]U%e![0x9a][0xf2][0xbf]Y[0xd8][0xb4][0xc7][0x86][0x9d][\n]"
13:04:58.009 [main] DEBUG org.apache.http.wire -- http-outgoing-2 << "[0xae][0xc9]/[0xd0][0x88][0x7]%[0xa8][0xce][0x4]:[0xac][0xaa]cN[0xdb][0x90][0x84]m(4[0xa8][0xea][0xf2][0xc2][0x88][0xd0][0xe3][0x9d][0xf5][0x97][0x8f]P3Y[0xfc][0xf9][0x1e][0xfc][0xf6][0xf2][0xa6][0xda]?[0xa0][0xbf]5[0xe5][0x85][0xd6],f\[0x9d]E[w[0xf4]}[0x8a][0xbf]E[0xe3]0kx[0xb8][0xe9][0xa2][0xcf][0xee][0x84]S[0xe2],[0xb9][0xea]-[0xa3][0x82][0xea][0xf3][0xf7][0xd7][0xe1][0xf8][0xba][0xd8]P[0x8d][0x95]8F[0xe1]t[0xe]@4[0x9d]ae6[0xd5]([0xa0]S[0xa0][0xa9]@A[0x98][0xb][0xa2][0x89][0xc5][0xfe][0x8e][0x9]^%[0xf8][0x1d][0xc0][0x7][0xa3][0xff][0x8f]f?Y[0xf8]'m[0x4]%Y[0x96]4$\[0x84]k*[0xac][0xfe][0xeb]dm.R[0xbb][0x8a]|6[0xf5]S[0xe2][0xbc]|[0xfb]L{[0xa0]J[0x92][0xf2][0xb9][0xf6][0x8][0xc2][0xb7][0xf6][0x8c]H[0x8a][0xb2][0x18][0xf2][0xb2]k[0xde][0xc5]}y[0xf9][0xb][0x0][0x0][0xff][0xff][0x3][0x0]K[0x9a][0x16]:W[0x8][0x0][0x0][\r][\n]"
13:04:58.010 [main] DEBUG org.apache.http.wire -- http-outgoing-2 << "0[\r][\n]"
13:04:58.010 [main] DEBUG org.apache.http.wire -- http-outgoing-2 << "[\r][\n]"
13:04:58.010 [main] DEBUG org.apache.http.impl.conn.PoolingHttpClientConnectionManager -- Connection [id: 2][route: {s}->https://wlsxfjlaxxwgnbhmtgmw.supabase.co:443] can be kept alive indefinitely
13:04:58.010 [main] DEBUG org.apache.http.impl.conn.DefaultManagedHttpClientConnection -- http-outgoing-2: set socket timeout to 0
13:04:58.010 [main] DEBUG org.apache.http.impl.conn.PoolingHttpClientConnectionManager -- Connection released: [id: 2][route: {s}->https://wlsxfjlaxxwgnbhmtgmw.supabase.co:443][total available: 1; route allocated: 1 of 5; total allocated: 1 of 10]
13:04:58.010 [main] DEBUG org.apache.http.impl.conn.PoolingHttpClientConnectionManager -- Connection manager is shutting down
13:04:58.010 [main] DEBUG org.apache.http.impl.conn.DefaultManagedHttpClientConnection -- http-outgoing-2: Close connection
13:04:58.011 [main] DEBUG org.apache.http.impl.conn.PoolingHttpClientConnectionManager -- Connection manager shut down
13:04:58.011 [main] DEBUG com.intuit.karate -- response time in milliseconds: 409
1 < 200
1 < Date: Wed, 05 Aug 2026 18:04:58 GMT
1 < Content-Type: application/json
1 < Transfer-Encoding: chunked
1 < Connection: keep-alive
1 < CF-Ray: a267ba2e3f77707c-BOG
1 < CF-Cache-Status: DYNAMIC
1 < Server: cloudflare
1 < Strict-Transport-Security: max-age=31536000; includeSubDomains; preload
1 < Vary: Origin, Accept-Encoding
1 < X-Content-Type-Options: nosniff
1 < sb-auth-refresh-token-prefix: sl3ui
1 < sb-auth-session-id: 30780a0c-e91a-491c-aa5d-76ab4ed5d00c
1 < sb-auth-user-id: 77e7fdc9-c55f-4bd2-9238-6db875ea63f8
1 < sb-gateway-version: 1
1 < sb-project-ref: wlsxfjlaxxwgnbhmtgmw
1 < sb-request-id: 019fd319-98e1-7036-97cb-ee5c2095e1a5
1 < x-envoy-attempt-count: 1
1 < x-envoy-upstream-service-time: 104
1 < set-cookie: __cf_bm=3weUwpu8MqNKfgHl57XVehIRXq4yTj93X8f9dqk6Y3s-1785953097.9509735-1.0.1.1-qywbAXeQJN6LuIItDIgkCKjGxu26WZ5F3LLvyZVBjK8DadlakRyapPGq9BA3.IUmYfu8hTUWqwLyVSU973qAi47UGDnCzFSqtEJmgh4VcS72.INZovT6vz8vS9Dix5Lp; HttpOnly; SameSite=None; Secure; Path=/; Domain=supabase.co; Expires=Wed, 05 Aug 2026 18:34:58 GMT
1 < alt-svc: h3=":443"; ma=86400
1 < Set-Cookie: __cf_bm=3weUwpu8MqNKfgHl57XVehIRXq4yTj93X8f9dqk6Y3s-1785953097.9509735-1.0.1.1-qywbAXeQJN6LuIItDIgkCKjGxu26WZ5F3LLvyZVBjK8DadlakRyapPGq9BA3.IUmYfu8hTUWqwLyVSU973qAi47UGDnCzFSqtEJmgh4VcS72.INZovT6vz8vS9Dix5Lp; HttpOnly; SameSite=None; Secure; Path=/; Domain=supabase.co; Expires=Wed, 05 Aug 2026 18:34:58 GMT
{"access_token":"eyJhbGciOiJFUzI1NiIsImtpZCI6ImRjZmFiYTI1LTcyYzUtNDE2Ni04OTZiLTZiMzExODAyNjVlMyIsInR5cCI6IkpXVCJ9.eyJpc3MiOiJodHRwczovL3dsc3hmamxheHh3Z25iaG10Z213LnN1cGFiYXNlLmNvL2F1dGgvdjEiLCJzdWIiOiI3N2U3ZmRjOS1jNTVmLTRiZDItOTIzOC02ZGI4NzVlYTYzZjgiLCJhdWQiOiJhdXRoZW50aWNhdGVkIiwiZXhwIjoxNzg1OTU2Njk4LCJpYXQiOjE3ODU5NTMwOTgsImVtYWlsIjoiaGVhbHRoX2NmYzA5YzA3QGZpbnRyYWNrLmRldiIsInBob25lIjoiIiwiYXBwX21ldGFkYXRhIjp7InByb3ZpZGVyIjoiZW1haWwiLCJwcm92aWRlcnMiOlsiZW1haWwiXX0sInVzZXJfbWV0YWRhdGEiOnsiZW1haWwiOiJoZWFsdGhfY2ZjMDljMDdAZmludHJhY2suZGV2IiwiZW1haWxfdmVyaWZpZWQiOnRydWUsInBob25lX3ZlcmlmaWVkIjpmYWxzZSwic3ViIjoiNzdlN2ZkYzktYzU1Zi00YmQyLTkyMzgtNmRiODc1ZWE2M2Y4In0sInJvbGUiOiJhdXRoZW50aWNhdGVkIiwiYWFsIjoiYWFsMSIsImFtciI6W3sibWV0aG9kIjoicGFzc3dvcmQiLCJ0aW1lc3RhbXAiOjE3ODU5NTMwOTh9XSwic2Vzc2lvbl9pZCI6IjMwNzgwYTBjLWU5MWEtNDkxYy1hYTVkLTc2YWI0ZWQ1ZDAwYyIsImlzX2Fub255bW91cyI6ZmFsc2V9.ySlBw8-7CTy6185UOldzoQyic1pdTbyHdSeGdcoJsy2uv3oJCFVRESJDjrKX822Rnr2ys7gpDNvcdikDJ-F7Dw","token_type":"bearer","expires_in":3600,"expires_at":1785956698,"refresh_token":"sl3uizu3e5cu","user":{"id":"77e7fdc9-c55f-4bd2-9238-6db875ea63f8","aud":"authenticated","role":"authenticated","email":"health_cfc09c07@fintrack.dev","email_confirmed_at":"2026-08-05T18:04:58.123111547Z","phone":"","last_sign_in_at":"2026-08-05T18:04:58.130260284Z","app_metadata":{"provider":"email","providers":["email"]},"user_metadata":{"email":"health_cfc09c07@fintrack.dev","email_verified":true,"phone_verified":false,"sub":"77e7fdc9-c55f-4bd2-9238-6db875ea63f8"},"identities":[{"identity_id":"a8f7ff3a-611b-4c74-9e1e-198173c02898","id":"77e7fdc9-c55f-4bd2-9238-6db875ea63f8","user_id":"77e7fdc9-c55f-4bd2-9238-6db875ea63f8","identity_data":{"email":"health_cfc09c07@fintrack.dev","email_verified":true,"phone_verified":false,"sub":"77e7fdc9-c55f-4bd2-9238-6db875ea63f8"},"provider":"email","last_sign_in_at":"2026-08-05T18:04:58.12055093Z","created_at":"2026-08-05T18:04:58.120596Z","updated_at":"2026-08-05T18:04:58.120596Z","email":"health_cfc09c07@fintrack.dev"}],"created_at":"2026-08-05T18:04:58.118007Z","updated_at":"2026-08-05T18:04:58.132296Z","is_anonymous":false}}

13:04:58.019 [main] DEBUG org.apache.http.client.protocol.RequestAddCookies -- CookieSpec selected: karate
13:04:58.019 [main] DEBUG org.apache.http.client.protocol.RequestAuthCache -- Auth cache not set in the context
13:04:58.019 [main] DEBUG com.intuit.karate -- request:
2 > GET https://wlsxfjlaxxwgnbhmtgmw.supabase.co/functions/v1/transfer
2 > Authorization: Bearer eyJhbGciOiJFUzI1NiIsImtpZCI6ImRjZmFiYTI1LTcyYzUtNDE2Ni04OTZiLTZiMzExODAyNjVlMyIsInR5cCI6IkpXVCJ9.eyJpc3MiOiJodHRwczovL3dsc3hmamxheHh3Z25iaG10Z213LnN1cGFiYXNlLmNvL2F1dGgvdjEiLCJzdWIiOiI3N2U3ZmRjOS1jNTVmLTRiZDItOTIzOC02ZGI4NzVlYTYzZjgiLCJhdWQiOiJhdXRoZW50aWNhdGVkIiwiZXhwIjoxNzg1OTU2Njk4LCJpYXQiOjE3ODU5NTMwOTgsImVtYWlsIjoiaGVhbHRoX2NmYzA5YzA3QGZpbnRyYWNrLmRldiIsInBob25lIjoiIiwiYXBwX21ldGFkYXRhIjp7InByb3ZpZGVyIjoiZW1haWwiLCJwcm92aWRlcnMiOlsiZW1haWwiXX0sInVzZXJfbWV0YWRhdGEiOnsiZW1haWwiOiJoZWFsdGhfY2ZjMDljMDdAZmludHJhY2suZGV2IiwiZW1haWxfdmVyaWZpZWQiOnRydWUsInBob25lX3ZlcmlmaWVkIjpmYWxzZSwic3ViIjoiNzdlN2ZkYzktYzU1Zi00YmQyLTkyMzgtNmRiODc1ZWE2M2Y4In0sInJvbGUiOiJhdXRoZW50aWNhdGVkIiwiYWFsIjoiYWFsMSIsImFtciI6W3sibWV0aG9kIjoicGFzc3dvcmQiLCJ0aW1lc3RhbXAiOjE3ODU5NTMwOTh9XSwic2Vzc2lvbl9pZCI6IjMwNzgwYTBjLWU5MWEtNDkxYy1hYTVkLTc2YWI0ZWQ1ZDAwYyIsImlzX2Fub255bW91cyI6ZmFsc2V9.ySlBw8-7CTy6185UOldzoQyic1pdTbyHdSeGdcoJsy2uv3oJCFVRESJDjrKX822Rnr2ys7gpDNvcdikDJ-F7Dw
2 > apikey: eyJhbGciOiJIUzI1NiIsInR5cCI6IkpXVCJ9.eyJpc3MiOiJzdXBhYmFzZSIsInJlZiI6Indsc3hmamxheHh3Z25iaG10Z213Iiwicm9sZSI6ImFub24iLCJpYXQiOjE3ODI2OTk3NTEsImV4cCI6MjA5ODI3NTc1MX0.O6fe3bylzRtNmPYL1zXYo1mIhMBrG9vxvQgYP_Hw9DI
2 > Content-Type: application/json
2 > Cookie: __cf_bm=3weUwpu8MqNKfgHl57XVehIRXq4yTj93X8f9dqk6Y3s-1785953097.9509735-1.0.1.1-qywbAXeQJN6LuIItDIgkCKjGxu26WZ5F3LLvyZVBjK8DadlakRyapPGq9BA3.IUmYfu8hTUWqwLyVSU973qAi47UGDnCzFSqtEJmgh4VcS72.INZovT6vz8vS9Dix5Lp
2 > Host: wlsxfjlaxxwgnbhmtgmw.supabase.co
2 > Connection: Keep-Alive
2 > User-Agent: Apache-HttpClient/4.5.14 (Java/17.0.19)
2 > Accept-Encoding: gzip,deflate


13:04:58.020 [main] DEBUG org.apache.http.impl.conn.PoolingHttpClientConnectionManager -- Connection request: [route: {s}->https://wlsxfjlaxxwgnbhmtgmw.supabase.co:443][total available: 0; route allocated: 0 of 5; total allocated: 0 of 10]
13:04:58.020 [main] DEBUG org.apache.http.impl.conn.PoolingHttpClientConnectionManager -- Connection leased: [id: 3][route: {s}->https://wlsxfjlaxxwgnbhmtgmw.supabase.co:443][total available: 0; route allocated: 1 of 5; total allocated: 1 of 10]
13:04:58.020 [main] DEBUG org.apache.http.impl.execchain.MainClientExec -- Opening connection {s}->https://wlsxfjlaxxwgnbhmtgmw.supabase.co:443
13:04:58.020 [main] DEBUG org.apache.http.impl.conn.DefaultHttpClientConnectionOperator -- Connecting to wlsxfjlaxxwgnbhmtgmw.supabase.co/172.64.149.246:443
13:04:58.021 [main] DEBUG org.apache.http.conn.ssl.SSLConnectionSocketFactory -- Connecting socket to wlsxfjlaxxwgnbhmtgmw.supabase.co/172.64.149.246:443 with timeout 30000
13:04:58.058 [main] DEBUG org.apache.http.conn.ssl.SSLConnectionSocketFactory -- Enabled protocols: [TLSv1.3, TLSv1.2]
13:04:58.058 [main] DEBUG org.apache.http.conn.ssl.SSLConnectionSocketFactory -- Enabled cipher suites:[TLS_AES_256_GCM_SHA384, TLS_AES_128_GCM_SHA256, TLS_CHACHA20_POLY1305_SHA256, TLS_ECDHE_ECDSA_WITH_AES_256_GCM_SHA384, TLS_ECDHE_ECDSA_WITH_AES_128_GCM_SHA256, TLS_ECDHE_ECDSA_WITH_CHACHA20_POLY1305_SHA256, TLS_ECDHE_RSA_WITH_AES_256_GCM_SHA384, TLS_ECDHE_RSA_WITH_CHACHA20_POLY1305_SHA256, TLS_ECDHE_RSA_WITH_AES_128_GCM_SHA256, TLS_DHE_RSA_WITH_AES_256_GCM_SHA384, TLS_DHE_RSA_WITH_CHACHA20_POLY1305_SHA256, TLS_DHE_DSS_WITH_AES_256_GCM_SHA384, TLS_DHE_RSA_WITH_AES_128_GCM_SHA256, TLS_DHE_DSS_WITH_AES_128_GCM_SHA256, TLS_ECDHE_ECDSA_WITH_AES_256_CBC_SHA384, TLS_ECDHE_RSA_WITH_AES_256_CBC_SHA384, TLS_ECDHE_ECDSA_WITH_AES_128_CBC_SHA256, TLS_ECDHE_RSA_WITH_AES_128_CBC_SHA256, TLS_DHE_RSA_WITH_AES_256_CBC_SHA256, TLS_DHE_DSS_WITH_AES_256_CBC_SHA256, TLS_DHE_RSA_WITH_AES_128_CBC_SHA256, TLS_DHE_DSS_WITH_AES_128_CBC_SHA256, TLS_ECDHE_ECDSA_WITH_AES_256_CBC_SHA, TLS_ECDHE_RSA_WITH_AES_256_CBC_SHA, TLS_ECDHE_ECDSA_WITH_AES_128_CBC_SHA, TLS_ECDHE_RSA_WITH_AES_128_CBC_SHA, TLS_DHE_RSA_WITH_AES_256_CBC_SHA, TLS_DHE_DSS_WITH_AES_256_CBC_SHA, TLS_DHE_RSA_WITH_AES_128_CBC_SHA, TLS_DHE_DSS_WITH_AES_128_CBC_SHA, TLS_EMPTY_RENEGOTIATION_INFO_SCSV]
13:04:58.058 [main] DEBUG org.apache.http.conn.ssl.SSLConnectionSocketFactory -- Starting handshake
13:04:58.143 [main] DEBUG org.apache.http.conn.ssl.SSLConnectionSocketFactory -- Secure session established
13:04:58.143 [main] DEBUG org.apache.http.conn.ssl.SSLConnectionSocketFactory --  negotiated protocol: TLSv1.3
13:04:58.143 [main] DEBUG org.apache.http.conn.ssl.SSLConnectionSocketFactory --  negotiated cipher suite: TLS_AES_256_GCM_SHA384
13:04:58.143 [main] DEBUG org.apache.http.conn.ssl.SSLConnectionSocketFactory --  peer principal: CN=supabase.co
13:04:58.143 [main] DEBUG org.apache.http.conn.ssl.SSLConnectionSocketFactory --  peer alternative names: [supabase.co, *.supabase.co]
13:04:58.143 [main] DEBUG org.apache.http.conn.ssl.SSLConnectionSocketFactory --  issuer principal: CN=WE1, O=Google Trust Services, C=US
13:04:58.143 [main] DEBUG org.apache.http.impl.conn.DefaultHttpClientConnectionOperator -- Connection established 192.168.0.111:56169<->172.64.149.246:443
13:04:58.143 [main] DEBUG org.apache.http.impl.conn.DefaultManagedHttpClientConnection -- http-outgoing-3: set socket timeout to 30000
13:04:58.143 [main] DEBUG org.apache.http.impl.execchain.MainClientExec -- Executing request GET /functions/v1/transfer HTTP/1.1
13:04:58.143 [main] DEBUG org.apache.http.impl.execchain.MainClientExec -- Proxy auth state: UNCHALLENGED
13:04:58.144 [main] DEBUG org.apache.http.headers -- http-outgoing-3 >> GET /functions/v1/transfer HTTP/1.1
13:04:58.145 [main] DEBUG org.apache.http.headers -- http-outgoing-3 >> Authorization: Bearer eyJhbGciOiJFUzI1NiIsImtpZCI6ImRjZmFiYTI1LTcyYzUtNDE2Ni04OTZiLTZiMzExODAyNjVlMyIsInR5cCI6IkpXVCJ9.eyJpc3MiOiJodHRwczovL3dsc3hmamxheHh3Z25iaG10Z213LnN1cGFiYXNlLmNvL2F1dGgvdjEiLCJzdWIiOiI3N2U3ZmRjOS1jNTVmLTRiZDItOTIzOC02ZGI4NzVlYTYzZjgiLCJhdWQiOiJhdXRoZW50aWNhdGVkIiwiZXhwIjoxNzg1OTU2Njk4LCJpYXQiOjE3ODU5NTMwOTgsImVtYWlsIjoiaGVhbHRoX2NmYzA5YzA3QGZpbnRyYWNrLmRldiIsInBob25lIjoiIiwiYXBwX21ldGFkYXRhIjp7InByb3ZpZGVyIjoiZW1haWwiLCJwcm92aWRlcnMiOlsiZW1haWwiXX0sInVzZXJfbWV0YWRhdGEiOnsiZW1haWwiOiJoZWFsdGhfY2ZjMDljMDdAZmludHJhY2suZGV2IiwiZW1haWxfdmVyaWZpZWQiOnRydWUsInBob25lX3ZlcmlmaWVkIjpmYWxzZSwic3ViIjoiNzdlN2ZkYzktYzU1Zi00YmQyLTkyMzgtNmRiODc1ZWE2M2Y4In0sInJvbGUiOiJhdXRoZW50aWNhdGVkIiwiYWFsIjoiYWFsMSIsImFtciI6W3sibWV0aG9kIjoicGFzc3dvcmQiLCJ0aW1lc3RhbXAiOjE3ODU5NTMwOTh9XSwic2Vzc2lvbl9pZCI6IjMwNzgwYTBjLWU5MWEtNDkxYy1hYTVkLTc2YWI0ZWQ1ZDAwYyIsImlzX2Fub255bW91cyI6ZmFsc2V9.ySlBw8-7CTy6185UOldzoQyic1pdTbyHdSeGdcoJsy2uv3oJCFVRESJDjrKX822Rnr2ys7gpDNvcdikDJ-F7Dw
13:04:58.145 [main] DEBUG org.apache.http.headers -- http-outgoing-3 >> apikey: eyJhbGciOiJIUzI1NiIsInR5cCI6IkpXVCJ9.eyJpc3MiOiJzdXBhYmFzZSIsInJlZiI6Indsc3hmamxheHh3Z25iaG10Z213Iiwicm9sZSI6ImFub24iLCJpYXQiOjE3ODI2OTk3NTEsImV4cCI6MjA5ODI3NTc1MX0.O6fe3bylzRtNmPYL1zXYo1mIhMBrG9vxvQgYP_Hw9DI
13:04:58.145 [main] DEBUG org.apache.http.headers -- http-outgoing-3 >> Content-Type: application/json
13:04:58.145 [main] DEBUG org.apache.http.headers -- http-outgoing-3 >> Cookie: __cf_bm=3weUwpu8MqNKfgHl57XVehIRXq4yTj93X8f9dqk6Y3s-1785953097.9509735-1.0.1.1-qywbAXeQJN6LuIItDIgkCKjGxu26WZ5F3LLvyZVBjK8DadlakRyapPGq9BA3.IUmYfu8hTUWqwLyVSU973qAi47UGDnCzFSqtEJmgh4VcS72.INZovT6vz8vS9Dix5Lp
13:04:58.145 [main] DEBUG org.apache.http.headers -- http-outgoing-3 >> Host: wlsxfjlaxxwgnbhmtgmw.supabase.co
13:04:58.145 [main] DEBUG org.apache.http.headers -- http-outgoing-3 >> Connection: Keep-Alive
13:04:58.145 [main] DEBUG org.apache.http.headers -- http-outgoing-3 >> User-Agent: Apache-HttpClient/4.5.14 (Java/17.0.19)
13:04:58.145 [main] DEBUG org.apache.http.headers -- http-outgoing-3 >> Accept-Encoding: gzip,deflate
13:04:58.145 [main] DEBUG org.apache.http.wire -- http-outgoing-3 >> "GET /functions/v1/transfer HTTP/1.1[\r][\n]"
13:04:58.145 [main] DEBUG org.apache.http.wire -- http-outgoing-3 >> "Authorization: Bearer eyJhbGciOiJFUzI1NiIsImtpZCI6ImRjZmFiYTI1LTcyYzUtNDE2Ni04OTZiLTZiMzExODAyNjVlMyIsInR5cCI6IkpXVCJ9.eyJpc3MiOiJodHRwczovL3dsc3hmamxheHh3Z25iaG10Z213LnN1cGFiYXNlLmNvL2F1dGgvdjEiLCJzdWIiOiI3N2U3ZmRjOS1jNTVmLTRiZDItOTIzOC02ZGI4NzVlYTYzZjgiLCJhdWQiOiJhdXRoZW50aWNhdGVkIiwiZXhwIjoxNzg1OTU2Njk4LCJpYXQiOjE3ODU5NTMwOTgsImVtYWlsIjoiaGVhbHRoX2NmYzA5YzA3QGZpbnRyYWNrLmRldiIsInBob25lIjoiIiwiYXBwX21ldGFkYXRhIjp7InByb3ZpZGVyIjoiZW1haWwiLCJwcm92aWRlcnMiOlsiZW1haWwiXX0sInVzZXJfbWV0YWRhdGEiOnsiZW1haWwiOiJoZWFsdGhfY2ZjMDljMDdAZmludHJhY2suZGV2IiwiZW1haWxfdmVyaWZpZWQiOnRydWUsInBob25lX3ZlcmlmaWVkIjpmYWxzZSwic3ViIjoiNzdlN2ZkYzktYzU1Zi00YmQyLTkyMzgtNmRiODc1ZWE2M2Y4In0sInJvbGUiOiJhdXRoZW50aWNhdGVkIiwiYWFsIjoiYWFsMSIsImFtciI6W3sibWV0aG9kIjoicGFzc3dvcmQiLCJ0aW1lc3RhbXAiOjE3ODU5NTMwOTh9XSwic2Vzc2lvbl9pZCI6IjMwNzgwYTBjLWU5MWEtNDkxYy1hYTVkLTc2YWI0ZWQ1ZDAwYyIsImlzX2Fub255bW91cyI6ZmFsc2V9.ySlBw8-7CTy6185UOldzoQyic1pdTbyHdSeGdcoJsy2uv3oJCFVRESJDjrKX822Rnr2ys7gpDNvcdikDJ-F7Dw[\r][\n]"
13:04:58.146 [main] DEBUG org.apache.http.wire -- http-outgoing-3 >> "apikey: eyJhbGciOiJIUzI1NiIsInR5cCI6IkpXVCJ9.eyJpc3MiOiJzdXBhYmFzZSIsInJlZiI6Indsc3hmamxheHh3Z25iaG10Z213Iiwicm9sZSI6ImFub24iLCJpYXQiOjE3ODI2OTk3NTEsImV4cCI6MjA5ODI3NTc1MX0.O6fe3bylzRtNmPYL1zXYo1mIhMBrG9vxvQgYP_Hw9DI[\r][\n]"
13:04:58.146 [main] DEBUG org.apache.http.wire -- http-outgoing-3 >> "Content-Type: application/json[\r][\n]"
13:04:58.146 [main] DEBUG org.apache.http.wire -- http-outgoing-3 >> "Cookie: __cf_bm=3weUwpu8MqNKfgHl57XVehIRXq4yTj93X8f9dqk6Y3s-1785953097.9509735-1.0.1.1-qywbAXeQJN6LuIItDIgkCKjGxu26WZ5F3LLvyZVBjK8DadlakRyapPGq9BA3.IUmYfu8hTUWqwLyVSU973qAi47UGDnCzFSqtEJmgh4VcS72.INZovT6vz8vS9Dix5Lp[\r][\n]"
13:04:58.146 [main] DEBUG org.apache.http.wire -- http-outgoing-3 >> "Host: wlsxfjlaxxwgnbhmtgmw.supabase.co[\r][\n]"
13:04:58.146 [main] DEBUG org.apache.http.wire -- http-outgoing-3 >> "Connection: Keep-Alive[\r][\n]"
13:04:58.146 [main] DEBUG org.apache.http.wire -- http-outgoing-3 >> "User-Agent: Apache-HttpClient/4.5.14 (Java/17.0.19)[\r][\n]"
13:04:58.146 [main] DEBUG org.apache.http.wire -- http-outgoing-3 >> "Accept-Encoding: gzip,deflate[\r][\n]"
13:04:58.146 [main] DEBUG org.apache.http.wire -- http-outgoing-3 >> "[\r][\n]"
13:04:58.649 [main] DEBUG org.apache.http.wire -- http-outgoing-3 << "HTTP/1.1 405 Method Not Allowed[\r][\n]"
13:04:58.649 [main] DEBUG org.apache.http.wire -- http-outgoing-3 << "Date: Wed, 05 Aug 2026 18:04:58 GMT[\r][\n]"
13:04:58.649 [main] DEBUG org.apache.http.wire -- http-outgoing-3 << "Content-Type: application/json[\r][\n]"
13:04:58.649 [main] DEBUG org.apache.http.wire -- http-outgoing-3 << "Content-Length: 50[\r][\n]"
13:04:58.649 [main] DEBUG org.apache.http.wire -- http-outgoing-3 << "Connection: keep-alive[\r][\n]"
13:04:58.649 [main] DEBUG org.apache.http.wire -- http-outgoing-3 << "CF-Ray: a267ba30dadba1c6-BOG[\r][\n]"
13:04:58.649 [main] DEBUG org.apache.http.wire -- http-outgoing-3 << "CF-Cache-Status: DYNAMIC[\r][\n]"
13:04:58.650 [main] DEBUG org.apache.http.wire -- http-outgoing-3 << "Access-Control-Allow-Origin: *[\r][\n]"
13:04:58.650 [main] DEBUG org.apache.http.wire -- http-outgoing-3 << "Content-Encoding: gzip[\r][\n]"
13:04:58.650 [main] DEBUG org.apache.http.wire -- http-outgoing-3 << "Server: cloudflare[\r][\n]"
13:04:58.650 [main] DEBUG org.apache.http.wire -- http-outgoing-3 << "Vary: Accept-Encoding[\r][\n]"
13:04:58.650 [main] DEBUG org.apache.http.wire -- http-outgoing-3 << "X-Content-Type-Options: nosniff[\r][\n]"
13:04:58.650 [main] DEBUG org.apache.http.wire -- http-outgoing-3 << "access-control-allow-headers: Content-Type, Authorization, X-Client-Info, Apikey[\r][\n]"
[...]
[THYMELEAF]             * [* {th:formaction,data-th-formaction}] [1000]: org.thymeleaf.standard.processor.StandardRemovableAttributeTagProcessor
[THYMELEAF]             * [* {th:radiogroup,data-th-radiogroup}] [1000]: org.thymeleaf.standard.processor.StandardRemovableAttributeTagProcessor
[THYMELEAF]             * [* {th:id,data-th-id}] [1000]: org.thymeleaf.standard.processor.StandardRemovableAttributeTagProcessor
[THYMELEAF]             * [* {th:datetime,data-th-datetime}] [1000]: org.thymeleaf.standard.processor.StandardRemovableAttributeTagProcessor
[THYMELEAF]             * [* {th:optimum,data-th-optimum}] [1000]: org.thymeleaf.standard.processor.StandardRemovableAttributeTagProcessor
[THYMELEAF]             * [* {th:autocomplete,data-th-autocomplete}] [1000]: org.thymeleaf.standard.processor.StandardRemovableAttributeTagProcessor
[THYMELEAF]             * [* {th:content,data-th-content}] [1000]: org.thymeleaf.standard.processor.StandardRemovableAttributeTagProcessor
[THYMELEAF]             * [* {th:standby,data-th-standby}] [1000]: org.thymeleaf.standard.processor.StandardRemovableAttributeTagProcessor
[THYMELEAF]             * [* {th:codebase,data-th-codebase}] [1000]: org.thymeleaf.standard.processor.StandardRemovableAttributeTagProcessor
[THYMELEAF]             * [* {th:preload,data-th-preload}] [1000]: org.thymeleaf.standard.processor.StandardRemovableAttributeTagProcessor
[THYMELEAF]             * [* {th:placeholder,data-th-placeholder}] [1000]: org.thymeleaf.standard.processor.StandardRemovableAttributeTagProcessor
[THYMELEAF]             * [* {th:dropzone,data-th-dropzone}] [1000]: org.thymeleaf.standard.processor.StandardRemovableAttributeTagProcessor
[THYMELEAF]             * [* {th:colspan,data-th-colspan}] [1000]: org.thymeleaf.standard.processor.StandardRemovableAttributeTagProcessor
[THYMELEAF]             * [* {th:frameborder,data-th-frameborder}] [1000]: org.thymeleaf.standard.processor.StandardRemovableAttributeTagProcessor
[THYMELEAF]             * [* {th:valuetype,data-th-valuetype}] [1000]: org.thymeleaf.standard.processor.StandardRemovableAttributeTagProcessor
[THYMELEAF]             * [* {th:scope,data-th-scope}] [1000]: org.thymeleaf.standard.processor.StandardRemovableAttributeTagProcessor
[THYMELEAF]             * [* {th:span,data-th-span}] [1000]: org.thymeleaf.standard.processor.StandardRemovableAttributeTagProcessor
[THYMELEAF]             * [* {th:style,data-th-style}] [1000]: org.thymeleaf.standard.processor.StandardRemovableAttributeTagProcessor
[THYMELEAF]             * [* {th:srclang,data-th-srclang}] [1000]: org.thymeleaf.standard.processor.StandardRemovableAttributeTagProcessor
[THYMELEAF]             * [* {th:formenctype,data-th-formenctype}] [1000]: org.thymeleaf.standard.processor.StandardRemovableAttributeTagProcessor
[THYMELEAF]             * [* {th:background,data-th-background}] [1000]: org.thymeleaf.standard.processor.StandardRemovableAttributeTagProcessor
[THYMELEAF]             * [* {th:for,data-th-for}] [1000]: org.thymeleaf.standard.processor.StandardRemovableAttributeTagProcessor
[THYMELEAF]             * [* {th:media,data-th-media}] [1000]: org.thymeleaf.standard.processor.StandardRemovableAttributeTagProcessor
[THYMELEAF]             * [* {th:abbr,data-th-abbr}] [1000]: org.thymeleaf.standard.processor.StandardRemovableAttributeTagProcessor
[THYMELEAF]             * [* {th:lang,data-th-lang}] [1000]: org.thymeleaf.standard.processor.StandardRemovableAttributeTagProcessor
[THYMELEAF]             * [* {th:maxlength,data-th-maxlength}] [1000]: org.thymeleaf.standard.processor.StandardRemovableAttributeTagProcessor
[THYMELEAF]             * [* {th:size,data-th-size}] [1000]: org.thymeleaf.standard.processor.StandardRemovableAttributeTagProcessor
[THYMELEAF]             * [* {th:list,data-th-list}] [1000]: org.thymeleaf.standard.processor.StandardRemovableAttributeTagProcessor
[THYMELEAF]             * [* {th:kind,data-th-kind}] [1000]: org.thymeleaf.standard.processor.StandardRemovableAttributeTagProcessor
[THYMELEAF]             * [* {th:usemap,data-th-usemap}] [1000]: org.thymeleaf.standard.processor.StandardRemovableAttributeTagProcessor
[THYMELEAF]             * [* {th:border,data-th-border}] [1000]: org.thymeleaf.standard.processor.StandardRemovableAttributeTagProcessor
[THYMELEAF]             * [* {th:label,data-th-label}] [1000]: org.thymeleaf.standard.processor.StandardRemovableAttributeTagProcessor
[THYMELEAF]             * [* {th:cellspacing,data-th-cellspacing}] [1000]: org.thymeleaf.standard.processor.StandardRemovableAttributeTagProcessor
[THYMELEAF]             * [* {th:scheme,data-th-scheme}] [1000]: org.thymeleaf.standard.processor.StandardRemovableAttributeTagProcessor
[THYMELEAF]             * [* {th:http-equiv,data-th-http-equiv}] [1000]: org.thymeleaf.standard.processor.StandardRemovableAttributeTagProcessor
[THYMELEAF]             * [* {th:wrap,data-th-wrap}] [1000]: org.thymeleaf.standard.processor.StandardRemovableAttributeTagProcessor
[THYMELEAF]             * [* {th:title,data-th-title}] [1000]: org.thymeleaf.standard.processor.StandardRemovableAttributeTagProcessor
[THYMELEAF]             * [* {th:codetype,data-th-codetype}] [1000]: org.thymeleaf.standard.processor.StandardRemovableAttributeTagProcessor
[THYMELEAF]             * [* {th:src,data-th-src}] [1000]: org.thymeleaf.standard.processor.StandardSrcTagProcessor
[THYMELEAF]             * [* {th:value,data-th-value}] [1000]: org.thymeleaf.standard.processor.StandardValueTagProcessor
[THYMELEAF]             * [* {th:xmlbase,data-th-xmlbase}] [1000]: org.thymeleaf.standard.processor.StandardXmlBaseTagProcessor
[THYMELEAF]             * [* {th:xmllang,data-th-xmllang}] [1000]: org.thymeleaf.standard.processor.StandardXmlLangTagProcessor
[THYMELEAF]             * [* {xmlns:th}] [1000]: org.thymeleaf.standard.processor.StandardXmlNsTagProcessor
[THYMELEAF]             * [* {th:xmlspace,data-th-xmlspace}] [1000]: org.thymeleaf.standard.processor.StandardXmlSpaceTagProcessor
[THYMELEAF]             * [* {th:classappend,data-th-classappend}] [1100]: org.thymeleaf.standard.processor.StandardClassappendTagProcessor
[THYMELEAF]             * [* {th:styleappend,data-th-styleappend}] [1100]: org.thymeleaf.standard.processor.StandardStyleappendTagProcessor
[THYMELEAF]             * [* {th:text,data-th-text}] [1300]: org.thymeleaf.standard.processor.StandardTextTagProcessor
[THYMELEAF]             * [* {th:utext,data-th-utext}] [1400]: org.thymeleaf.standard.processor.StandardUtextTagProcessor
[THYMELEAF]             * [* {th:fragment,data-th-fragment}] [1500]: org.thymeleaf.standard.processor.StandardFragmentTagProcessor
[THYMELEAF]             * [* {th:assert,data-th-assert}] [1550]: org.thymeleaf.standard.processor.StandardAssertTagProcessor
[THYMELEAF]             * [* {th:remove,data-th-remove}] [1600]: org.thymeleaf.standard.processor.StandardRemoveTagProcessor
[THYMELEAF]             * [* {th:ref,data-th-ref}] [10000]: org.thymeleaf.standard.processor.StandardRefAttributeTagProcessor
[THYMELEAF]             * [{th:block,th-block} *] [100000]: org.thymeleaf.standard.processor.StandardBlockTagProcessor
[THYMELEAF]             * [* th:*] [2147483647]: org.thymeleaf.standard.processor.StandardDefaultAttributesTagProcessor
[THYMELEAF]         * Text Processors by [precedence]:
[THYMELEAF]             * [1000]: org.thymeleaf.standard.processor.StandardInliningTextProcessor
[THYMELEAF]         * DOCTYPE Processors by [precedence]:
[THYMELEAF]             * [1000]: org.thymeleaf.standard.processor.StandardTranslationDocTypeProcessor
[THYMELEAF]         * CDATA Section Processors by [precedence]:
[THYMELEAF]             * [1000]: org.thymeleaf.standard.processor.StandardInliningCDATASectionProcessor
[THYMELEAF]         * Comment Processors by [precedence]:
[THYMELEAF]             * [1000]: org.thymeleaf.standard.processor.StandardInliningCommentProcessor
[THYMELEAF]             * [1100]: org.thymeleaf.standard.processor.StandardConditionalCommentProcessor
[THYMELEAF]     * Processors for Template Mode: XML
[THYMELEAF]         * Element Tag Processors by [matching element and attribute name] [precedence]:
[THYMELEAF]             * [* {th:include}] [100]: org.thymeleaf.standard.processor.StandardIncludeTagProcessor
[THYMELEAF]             * [* {th:insert}] [100]: org.thymeleaf.standard.processor.StandardInsertTagProcessor
[THYMELEAF]             * [* {th:replace}] [100]: org.thymeleaf.standard.processor.StandardReplaceTagProcessor
[THYMELEAF]             * [* {th:each}] [200]: com.intuit.karate.template.KarateEachTagProcessor
[THYMELEAF]             * [* {th:switch}] [250]: org.thymeleaf.standard.processor.StandardSwitchTagProcessor
[THYMELEAF]             * [* {th:case}] [275]: org.thymeleaf.standard.processor.StandardCaseTagProcessor
[THYMELEAF]             * [* {th:if}] [300]: org.thymeleaf.standard.processor.StandardIfTagProcessor
[THYMELEAF]             * [* {th:unless}] [400]: org.thymeleaf.standard.processor.StandardUnlessTagProcessor
[THYMELEAF]             * [* {th:object}] [500]: org.thymeleaf.standard.processor.StandardObjectTagProcessor
[THYMELEAF]             * [* {th:with}] [600]: com.intuit.karate.template.KarateWithTagProcessor
[THYMELEAF]             * [* {th:attr}] [700]: com.intuit.karate.template.KarateAttributeTagProcessor.KarateAttrTagProcessor
[THYMELEAF]             * [* {th:attrappend}] [900]: com.intuit.karate.template.KarateAttributeTagProcessor.KarateAttrappendTagProcessor
[THYMELEAF]             * [* {th:attrprepend}] [900]: com.intuit.karate.template.KarateAttributeTagProcessor.KarateAttrprependTagProcessor
[THYMELEAF]             * [* {th:inline}] [1000]: org.thymeleaf.standard.processor.StandardInlineXMLTagProcessor
[THYMELEAF]             * [* {xmlns:th}] [1000]: org.thymeleaf.standard.processor.StandardXmlNsTagProcessor
[THYMELEAF]             * [* {th:text}] [1300]: org.thymeleaf.standard.processor.StandardTextTagProcessor
[THYMELEAF]             * [* {th:utext}] [1400]: org.thymeleaf.standard.processor.StandardUtextTagProcessor
[THYMELEAF]             * [* {th:fragment}] [1500]: org.thymeleaf.standard.processor.StandardFragmentTagProcessor
[THYMELEAF]             * [* {th:assert}] [1550]: org.thymeleaf.standard.processor.StandardAssertTagProcessor
[THYMELEAF]             * [* {th:remove}] [1600]: org.thymeleaf.standard.processor.StandardRemoveTagProcessor
[THYMELEAF]             * [* {th:ref}] [10000]: org.thymeleaf.standard.processor.StandardRefAttributeTagProcessor
[THYMELEAF]             * [{th:block} *] [100000]: org.thymeleaf.standard.processor.StandardBlockTagProcessor
[THYMELEAF]             * [* th:*] [2147483647]: org.thymeleaf.standard.processor.StandardDefaultAttributesTagProcessor
[THYMELEAF]         * Text Processors by [precedence]:
[THYMELEAF]             * [1000]: org.thymeleaf.standard.processor.StandardInliningTextProcessor
[THYMELEAF]         * CDATA Section Processors by [precedence]:
[THYMELEAF]             * [1000]: org.thymeleaf.standard.processor.StandardInliningCDATASectionProcessor
[THYMELEAF]         * Comment Processors by [precedence]:
[THYMELEAF]             * [1000]: org.thymeleaf.standard.processor.StandardInliningCommentProcessor
[THYMELEAF]     * Processors for Template Mode: TEXT
[THYMELEAF]         * Element Tag Processors by [matching element and attribute name] [precedence]:
[THYMELEAF]             * [* {th:insert}] [100]: org.thymeleaf.standard.processor.StandardInsertTagProcessor
[THYMELEAF]             * [* {th:replace}] [100]: org.thymeleaf.standard.processor.StandardReplaceTagProcessor
[THYMELEAF]             * [* {th:each}] [200]: com.intuit.karate.template.KarateEachTagProcessor
[THYMELEAF]             * [* {th:switch}] [250]: org.thymeleaf.standard.processor.StandardSwitchTagProcessor
[THYMELEAF]             * [* {th:case}] [275]: org.thymeleaf.standard.processor.StandardCaseTagProcessor
[THYMELEAF]             * [* {th:if}] [300]: org.thymeleaf.standard.processor.StandardIfTagProcessor
[THYMELEAF]             * [* {th:unless}] [400]: org.thymeleaf.standard.processor.StandardUnlessTagProcessor
[THYMELEAF]             * [* {th:object}] [500]: org.thymeleaf.standard.processor.StandardObjectTagProcessor
[THYMELEAF]             * [* {th:with}] [600]: com.intuit.karate.template.KarateWithTagProcessor
[THYMELEAF]             * [* {th:inline}] [1000]: org.thymeleaf.standard.processor.StandardInlineTextualTagProcessor
[THYMELEAF]             * [* {th:text}] [1300]: org.thymeleaf.standard.processor.StandardTextTagProcessor
[THYMELEAF]             * [* {th:utext}] [1400]: org.thymeleaf.standard.processor.StandardUtextTagProcessor
[THYMELEAF]             * [* {th:assert}] [1550]: org.thymeleaf.standard.processor.StandardAssertTagProcessor
[THYMELEAF]             * [* {th:remove}] [1600]: org.thymeleaf.standard.processor.StandardRemoveTagProcessor
[THYMELEAF]             * [{th:block} *] [100000]: org.thymeleaf.standard.processor.StandardBlockTagProcessor
[THYMELEAF]             * [* 100000] [org.thymeleaf.standard.processor.StandardBlockTagProcessor]: {}
[THYMELEAF]         * Text Processors by [precedence]:
[THYMELEAF]             * [1000]: org.thymeleaf.standard.processor.StandardInliningTextProcessor
[THYMELEAF]     * Processors for Template Mode: JAVASCRIPT
[THYMELEAF]         * Element Tag Processors by [matching element and attribute name] [precedence]:
[THYMELEAF]             * [* {th:insert}] [100]: org.thymeleaf.standard.processor.StandardInsertTagProcessor
[THYMELEAF]             * [* {th:replace}] [100]: org.thymeleaf.standard.processor.StandardReplaceTagProcessor
[THYMELEAF]             * [* {th:each}] [200]: com.intuit.karate.template.KarateEachTagProcessor
[THYMELEAF]             * [* {th:switch}] [250]: org.thymeleaf.standard.processor.StandardSwitchTagProcessor
[THYMELEAF]             * [* {th:case}] [275]: org.thymeleaf.standard.processor.StandardCaseTagProcessor
[THYMELEAF]             * [* {th:if}] [300]: org.thymeleaf.standard.processor.StandardIfTagProcessor
[THYMELEAF]             * [* {th:unless}] [400]: org.thymeleaf.standard.processor.StandardUnlessTagProcessor
[THYMELEAF]             * [* {th:object}] [500]: org.thymeleaf.standard.processor.StandardObjectTagProcessor
[THYMELEAF]             * [* {th:with}] [600]: com.intuit.karate.template.KarateWithTagProcessor
[THYMELEAF]             * [* {th:inline}] [1000]: org.thymeleaf.standard.processor.StandardInlineTextualTagProcessor
[THYMELEAF]             * [* {th:text}] [1300]: org.thymeleaf.standard.processor.StandardTextTagProcessor
[THYMELEAF]             * [* {th:utext}] [1400]: org.thymeleaf.standard.processor.StandardUtextTagProcessor
[THYMELEAF]             * [* {th:assert}] [1550]: org.thymeleaf.standard.processor.StandardAssertTagProcessor
[THYMELEAF]             * [* {th:remove}] [1600]: org.thymeleaf.standard.processor.StandardRemoveTagProcessor
[THYMELEAF]             * [* 100000] [org.thymeleaf.standard.processor.StandardBlockTagProcessor]: {}
[THYMELEAF]             * [{th:block} *] [100000]: org.thymeleaf.standard.processor.StandardBlockTagProcessor
[THYMELEAF]         * Text Processors by [precedence]:
[THYMELEAF]             * [1000]: org.thymeleaf.standard.processor.StandardInliningTextProcessor
[THYMELEAF]     * Processors for Template Mode: CSS
[THYMELEAF]         * Element Tag Processors by [matching element and attribute name] [precedence]:
[THYMELEAF]             * [* {th:insert}] [100]: org.thymeleaf.standard.processor.StandardInsertTagProcessor
[THYMELEAF]             * [* {th:replace}] [100]: org.thymeleaf.standard.processor.StandardReplaceTagProcessor
[THYMELEAF]             * [* {th:each}] [200]: com.intuit.karate.template.KarateEachTagProcessor
[THYMELEAF]             * [* {th:switch}] [250]: org.thymeleaf.standard.processor.StandardSwitchTagProcessor
[THYMELEAF]             * [* {th:case}] [275]: org.thymeleaf.standard.processor.StandardCaseTagProcessor
[THYMELEAF]             * [* {th:if}] [300]: org.thymeleaf.standard.processor.StandardIfTagProcessor
[THYMELEAF]             * [* {th:unless}] [400]: org.thymeleaf.standard.processor.StandardUnlessTagProcessor
[THYMELEAF]             * [* {th:object}] [500]: org.thymeleaf.standard.processor.StandardObjectTagProcessor
[THYMELEAF]             * [* {th:with}] [600]: com.intuit.karate.template.KarateWithTagProcessor
[THYMELEAF]             * [* {th:inline}] [1000]: org.thymeleaf.standard.processor.StandardInlineTextualTagProcessor
[THYMELEAF]             * [* {th:text}] [1300]: org.thymeleaf.standard.processor.StandardTextTagProcessor
[THYMELEAF]             * [* {th:utext}] [1400]: org.thymeleaf.standard.processor.StandardUtextTagProcessor
[THYMELEAF]             * [* {th:assert}] [1550]: org.thymeleaf.standard.processor.StandardAssertTagProcessor
[THYMELEAF]             * [* {th:remove}] [1600]: org.thymeleaf.standard.processor.StandardRemoveTagProcessor
[THYMELEAF]             * [{th:block} *] [100000]: org.thymeleaf.standard.processor.StandardBlockTagProcessor
[THYMELEAF]             * [* 100000] [org.thymeleaf.standard.processor.StandardBlockTagProcessor]: {}
[THYMELEAF]         * Text Processors by [precedence]:
[THYMELEAF]             * [1000]: org.thymeleaf.standard.processor.StandardInliningTextProcessor
[THYMELEAF]     * Expression Objects:
[THYMELEAF]         * #ctx
[THYMELEAF]         * #root
[THYMELEAF]         * #vars
[THYMELEAF]         * #object
[THYMELEAF]         * #locale
[THYMELEAF]         * #conversions
[THYMELEAF]         * #uris
[THYMELEAF]         * #temporals
[THYMELEAF]         * #calendars
[THYMELEAF]         * #dates
[THYMELEAF]         * #bools
[THYMELEAF]         * #numbers
[THYMELEAF]         * #objects
[THYMELEAF]         * #strings
[THYMELEAF]         * #arrays
[THYMELEAF]         * #lists
[THYMELEAF]         * #sets
[THYMELEAF]         * #maps
[THYMELEAF]         * #aggregates
[THYMELEAF]         * #messages
[THYMELEAF]         * #ids
[THYMELEAF]         * #execInfo
[THYMELEAF]         * #request
[THYMELEAF]         * #response
[THYMELEAF]         * #session
[THYMELEAF]         * #servletContext
[THYMELEAF]     * Execution Attributes:
[THYMELEAF]         * "StandardExpressionParser": com.intuit.karate.template.KarateStandardDialect@131c0b6f
[THYMELEAF]         * "StandardJavaScriptSerializer": org.thymeleaf.standard.serializer.StandardJavaScriptSerializer@326706d
[THYMELEAF]         * "StandardCSSSerializer": org.thymeleaf.standard.serializer.StandardCSSSerializer@76fc5687
[THYMELEAF]         * "StandardVariableExpressionEvaluator": com.intuit.karate.template.KarateStandardDialect@131c0b6f
[THYMELEAF]         * "StandardConversionService": org.thymeleaf.standard.expression.StandardConversionService@53fbb2b4
[THYMELEAF] * Dialect [2 of 2]: karate (com.intuit.karate.template.KarateScriptDialect)
[THYMELEAF]     * Prefix: "ka"
[THYMELEAF]     * Processors for Template Mode: HTML
[THYMELEAF]         * Element Tag Processors by [matching element and attribute name] [precedence]:
[THYMELEAF]             * [* {src}] [1000]: com.intuit.karate.template.KaScriptAttrProcessor
[THYMELEAF]         * Element Model Processors by [matching element and attribute name] [precedence]:
[THYMELEAF]             * [{script} {ka:scope,data-ka-scope}] [1000]: com.intuit.karate.template.KaScriptElemProcessor
[THYMELEAF]             * [* {ka:set,data-ka-set}] [1000]: com.intuit.karate.template.KaSetElemProcessor
[THYMELEAF] TEMPLATE ENGINE CONFIGURED OK
13:05:00.354 [main] DEBUG org.thymeleaf.TemplateEngine -- [THYMELEAF] TEMPLATE ENGINE INITIALIZED

HTML report: (paste into browser to view) | Karate version: 1.4.1 | env: qa
file:///D:/Proyectos%20QA/project/fintrack-automation/api-automation/target/karate-reports/karate-summary.html
===================================================================

]]></system-out>
  </testcase>
</testsuite>