<?xml version="1.0" encoding="UTF-8"?>
<testsuite xmlns:xsi="http://www.w3.org/2001/XMLSchema-instance" xsi:noNamespaceSchemaLocation="https://maven.apache.org/surefire/maven-surefire-plugin/xsd/surefire-test-report-3.0.xsd" version="3.0" name="com.fintrack.web.tests.smoke.SmokeTest" time="11.578" tests="2" errors="0" skipped="0" failures="0">
  <properties>
[...]
</properties>
  <testcase name="dashboardShowsAccounts" classname="com.fintrack.web.tests.smoke.SmokeTest" time="2.59"/>
  <testcase name="loginAndDashboardLoads" classname="com.fintrack.web.tests.smoke.SmokeTest" time="7.751"/>
</testsuite>